
        ==========     _____ _    _ ____  _____  ______          _____  
        =====         / ____| |  | |  _ \|  __ \|  ____|   /\   |  __ \ 
          =====      | (___ | |  | | |_) | |__) | |__     /  \  | |  | |
            ====      \___ \| |  | |  _ <|  _  /|  __|   / /\ \ | |  | |
              ====    ____) | |__| | |_) | | \ \| |____ / ____ \| |__| |
        ==========   |_____/ \____/|____/|_|  \_\______/_/    \_\_____/
	  v1.5.3

//========================== featureCounts setting ===========================\\
||                                                                            ||
||             Input files : 1 BAM file                                       ||
||                           S results/align/bam_markup/RAP1_REP3_treatme ... ||
||                                                                            ||
||             Output file : results/feature_counts/RAP1_REP3_treatment/R ... ||
||                 Summary : results/feature_counts/RAP1_REP3_treatment/R ... ||
||              Annotation : resources/annotation.filtered.gtf (GTF)          ||
||      Dir for temp files : results/feature_counts/RAP1_REP3_treatment       ||
||                                                                            ||
||                 Threads : 6                                                ||
||                   Level : meta-feature level                               ||
||              Paired-end : yes                                              ||
||         Strand specific : reversely stranded                               ||
||      Multimapping reads : not counted                                      ||
|| Multi-overlapping reads : not counted                                      ||
||   Min overlapping bases : 1                                                ||
||                                                                            ||
||          Chimeric reads : not counted                                      ||
||        Both ends mapped : required                                         ||
||                                                                            ||
\\===================== http://subread.sourceforge.net/ ======================//

//================================= Running ==================================\\
||                                                                            ||
|| Load annotation file resources/annotation.filtered.gtf ...                 ||
||    Features : 129                                                          ||
||    Meta-features : 5                                                       ||
||    Chromosomes/contigs : 1                                                 ||
||                                                                            ||
|| Process BAM file results/align/bam_markup/RAP1_REP3_treatment/RAP1_REP ... ||
||    Single-end reads are included.                                          ||
||    Assign reads to features...                                             ||
||    Total reads : 44751                                                     ||
||    Successfully assigned reads : 40842 (91.3%)                             ||
||    Running time : 0.00 minutes                                             ||
||                                                                            ||
||                         Read assignment finished.                          ||
||                                                                            ||
|| Summary of counting results can be found in file "results/feature_counts/  ||
|| RAP1_REP3_treatment/RAP1_REP3_treatment.featurecounts.txt"                 ||
||                                                                            ||
\\===================== http://subread.sourceforge.net/ ======================//

