
        ==========     _____ _    _ ____  _____  ______          _____  
        =====         / ____| |  | |  _ \|  __ \|  ____|   /\   |  __ \ 
          =====      | (___ | |  | | |_) | |__) | |__     /  \  | |  | |
            ====      \___ \| |  | |  _ <|  _  /|  __|   / /\ \ | |  | |
              ====    ____) | |__| | |_) | | \ \| |____ / ____ \| |__| |
        ==========   |_____/ \____/|____/|_|  \_\______/_/    \_\_____/
	  v1.5.3

//========================== featureCounts setting ===========================\\
||                                                                            ||
||             Input files : 1 BAM file                                       ||
||                           P results/align/bam_markup/WT_REP3_control/W ... ||
||                                                                            ||
||             Output file : results/feature_counts/WT_REP3_control/WT_RE ... ||
||                 Summary : results/feature_counts/WT_REP3_control/WT_RE ... ||
||              Annotation : resources/annotation.filtered.gtf (GTF)          ||
||      Dir for temp files : results/feature_counts/WT_REP3_control           ||
||                                                                            ||
||                 Threads : 6                                                ||
||                   Level : meta-feature level                               ||
||              Paired-end : yes                                              ||
||         Strand specific : reversely stranded                               ||
||      Multimapping reads : not counted                                      ||
|| Multi-overlapping reads : not counted                                      ||
||   Min overlapping bases : 1                                                ||
||                                                                            ||
||          Chimeric reads : not counted                                      ||
||        Both ends mapped : required                                         ||
||                                                                            ||
\\===================== http://subread.sourceforge.net/ ======================//

//================================= Running ==================================\\
||                                                                            ||
|| Load annotation file resources/annotation.filtered.gtf ...                 ||
||    Features : 129                                                          ||
||    Meta-features : 5                                                       ||
||    Chromosomes/contigs : 1                                                 ||
||                                                                            ||
|| Process BAM file results/align/bam_markup/WT_REP3_control/WT_REP3_cont ... ||
||    Paired-end reads are included.                                          ||
||    Assign fragments (read pairs) to features...                            ||
||                                                                            ||
||    WARNING: reads from the same pair were found not adjacent to each       ||
||             other in the input (due to read sorting by location or         ||
||             reporting of multi-mapping read pairs).                        ||
||                                                                            ||
||    Read re-ordering is performed.                                          ||
||                                                                            ||
||    Total fragments : 40924                                                 ||
||    Successfully assigned fragments : 38089 (93.1%)                         ||
||    Running time : 0.00 minutes                                             ||
||                                                                            ||
||                         Read assignment finished.                          ||
||                                                                            ||
|| Summary of counting results can be found in file "results/feature_counts/  ||
|| WT_REP3_control/WT_REP3_control.featurecounts.txt"                         ||
||                                                                            ||
\\===================== http://subread.sourceforge.net/ ======================//

