STAR version=2.7.11b
STAR compilation time,server,dir=2024-07-03T14:39:20+0000 :/opt/conda/conda-bld/star_1720017372352/work/source
##### Command Line:
/home/lucianhu/micromamba/envs/rna_snakemake/bin/STAR-avx2 --runMode genomeGenerate --genomeDir resources/star_index --genomeFastaFiles resources/genome.fa --sjdbGTFfile resources/annotation.filtered.gtf --runThreadN 12 --genomeSAindexNbases 8 --limitGenomeGenerateRAM 77209411328
##### Initial USER parameters from Command Line:
###### All USER parameters from Command Line:
runMode                       genomeGenerate        ~RE-DEFINED
genomeDir                     resources/star_index     ~RE-DEFINED
genomeFastaFiles              resources/genome.fa        ~RE-DEFINED
sjdbGTFfile                   resources/annotation.filtered.gtf     ~RE-DEFINED
runThreadN                    12     ~RE-DEFINED
genomeSAindexNbases           8     ~RE-DEFINED
limitGenomeGenerateRAM        77209411328     ~RE-DEFINED
##### Finished reading parameters from all sources

##### Final user re-defined parameters-----------------:
runMode                           genomeGenerate   
runThreadN                        12
genomeDir                         resources/star_index
genomeFastaFiles                  resources/genome.fa   
genomeSAindexNbases               8
limitGenomeGenerateRAM            77209411328
sjdbGTFfile                       resources/annotation.filtered.gtf

-------------------------------
##### Final effective command line:
/home/lucianhu/micromamba/envs/rna_snakemake/bin/STAR-avx2   --runMode genomeGenerate      --runThreadN 12   --genomeDir resources/star_index   --genomeFastaFiles resources/genome.fa      --genomeSAindexNbases 8   --limitGenomeGenerateRAM 77209411328   --sjdbGTFfile resources/annotation.filtered.gtf
----------------------------------------

Number of fastq files for each mate = 1
ParametersSolo: --soloCellFilterType CellRanger2.2 filtering parameters:  3000 0.99 10
Finished loading and checking parameters
--genomeDir directory created: resources/star_index/
Aug 19 00:52:35 ... starting to generate Genome files
resources/genome.fa : chr # 0  "I" chrStart: 0
Chromosome sequence lengths: 
I	230218
Genome sequence total length = 230218
Genome size with padding = 262144
Aug 19 00:52:35 ..... processing annotations GTF
Processing pGe.sjdbGTFfile=resources/annotation.filtered.gtf, found:
		124 transcripts
		129 exons (non-collapsed)
		5 collapsed junctions
Total junctions: 5
Aug 19 00:52:35 ..... finished GTF processing

!!!!! WARNING: --genomeSAindexNbases 8 is too large for the genome size=230218, which may cause seg-fault at the mapping step. Re-run genome generation with recommended --genomeSAindexNbases 7
Estimated genome size with padding and SJs: total=genome+SJ=201262144 = 262144 + 201000000
GstrandBit=32
Number of SA indices: 460436
Aug 19 00:52:35 ... starting to sort Suffix Array. This may take a long time...
Number of chunks: 12;   chunks size limit: 334856 bytes
Aug 19 00:52:35 ... sorting Suffix Array chunks and saving them to disk...
Writing 81832 bytes into resources/star_index//SA_11 ; empty space on disk = 145409712128 bytes ... done
Writing 330672 bytes into resources/star_index//SA_0 ; empty space on disk = 145409630208 bytes ...Writing 329288 bytes into resources/star_index//SA_1 ; empty space on disk = 145409388544 bytes ... done
 done
Writing 323728 bytes into resources/star_index//SA_2 ; empty space on disk = 145408966656 bytes ... done
Writing 327168 bytes into resources/star_index//SA_8 ; empty space on disk = 145408638976 bytes ... done
Writing 324088 bytes into resources/star_index//SA_5 ; empty space on disk = 145408311296 bytes ... done
Writing 320800 bytes into resources/star_index//SA_7 ; empty space on disk = 145407983616 bytes ... done
Writing 325704 bytes into resources/star_index//SA_10 ; empty space on disk = 145407660032 bytes ...Writing 328328 bytes into resources/star_index//SA_3 ; empty space on disk = 145407660032 bytes ... done
 done
Writing 330640 bytes into resources/star_index//SA_9 ; empty space on disk = 145407000576 bytes ... done
Writing 329152 bytes into resources/star_index//SA_4 ; empty space on disk = 145406664704 bytes ... done
Writing 332088 bytes into resources/star_index//SA_6 ; empty space on disk = 145406332928 bytes ... done
Aug 19 00:52:35 ... loading chunks from disk, packing SA...
Aug 19 00:52:35 ... finished generating suffix array
Aug 19 00:52:35 ... generating Suffix Array index
Aug 19 00:52:35 ... completed Suffix Array index
Aug 19 00:52:35   Finished preparing junctions
Aug 19 00:52:35 ..... inserting junctions into the genome indices
Aug 19 00:52:35   Finished SA search: number of new junctions=5, old junctions=0
Aug 19 00:52:35   Finished sorting SA indicesL nInd=2000
Genome size with junctions=263149  262144   1005
GstrandBit1=32   GstrandBit=32
Aug 19 00:52:35   Finished inserting junction indices
Aug 19 00:52:35   Finished SAi
Aug 19 00:52:35 ..... finished inserting junctions into genome
Aug 19 00:52:35 ... writing Genome to disk ...
Writing 263149 bytes into resources/star_index//Genome ; empty space on disk = 145409695744 bytes ... done
SA size in bytes: 1907552
Aug 19 00:52:35 ... writing Suffix Array to disk ...
Writing 1907552 bytes into resources/star_index//SA ; empty space on disk = 145409429504 bytes ... done
Aug 19 00:52:35 ... writing SAindex to disk
Writing 8 bytes into resources/star_index//SAindex ; empty space on disk = 145407520768 bytes ... done
Writing 72 bytes into resources/star_index//SAindex ; empty space on disk = 145407520768 bytes ... done
Writing 382291 bytes into resources/star_index//SAindex ; empty space on disk = 145407520768 bytes ... done
Aug 19 00:52:35 ..... finished successfully
DONE: Genome generation, EXITING
