Building DAG of jobs...
shared_storage_local_copies: True
remote_exec: False
Using shell: /usr/bin/bash
Provided cores: 24
Rules claiming more threads will be scaled down.
Conda environments: ignored
Job stats:
job       count
------  -------
all           1
fastqc        6
total         7

Resources before job selection: {'_cores': 24, '_nodes': 9223372036854775807}
Ready jobs (6)
Select jobs to execute...
Selected jobs (4)
Resources after job selection: {'_cores': 0, '_nodes': 9223372036854775803}
Execute 4 jobs...

[Tue Aug 13 16:26:08 2024]
localrule fastqc:
    input: /home/lucianhu/rna_snakemake/rna_snakemake/test-datasets/testdata/SRR6357070_1.fastq.gz, /home/lucianhu/rna_snakemake/rna_snakemake/test-datasets/testdata/SRR6357070_2.fastq.gz
    output: results/fastqc/WT_REP1_control
    log: logs/fastqc/WT_REP1_control.fastqc.log
    jobid: 1
    reason: Missing output files: results/fastqc/WT_REP1_control
    wildcards: sample=WT_REP1_control
    threads: 6
    resources: tmpdir=/tmp


[Tue Aug 13 16:26:08 2024]
localrule fastqc:
    input: /home/lucianhu/rna_snakemake/rna_snakemake/test-datasets/testdata/SRR6357074_1.fastq.gz
    output: results/fastqc/RAP1_REP2_treatment
    log: logs/fastqc/RAP1_REP2_treatment.fastqc.log
    jobid: 5
    reason: Missing output files: results/fastqc/RAP1_REP2_treatment
    wildcards: sample=RAP1_REP2_treatment
    threads: 6
    resources: tmpdir=/tmp


[Tue Aug 13 16:26:08 2024]
localrule fastqc:
    input: /home/lucianhu/rna_snakemake/rna_snakemake/test-datasets/testdata/SRR6357075_1.fastq.gz
    output: results/fastqc/RAP1_REP3_treatment
    log: logs/fastqc/RAP1_REP3_treatment.fastqc.log
    jobid: 6
    reason: Missing output files: results/fastqc/RAP1_REP3_treatment
    wildcards: sample=RAP1_REP3_treatment
    threads: 6
    resources: tmpdir=/tmp


[Tue Aug 13 16:26:08 2024]
localrule fastqc:
    input: /home/lucianhu/rna_snakemake/rna_snakemake/test-datasets/testdata/SRR6357072_1.fastq.gz, /home/lucianhu/rna_snakemake/rna_snakemake/test-datasets/testdata/SRR6357072_2.fastq.gz
    output: results/fastqc/WT_REP3_control
    log: logs/fastqc/WT_REP3_control.fastqc.log
    jobid: 3
    reason: Missing output files: results/fastqc/WT_REP3_control
    wildcards: sample=WT_REP3_control
    threads: 6
    resources: tmpdir=/tmp

Completion of job ['fastqc'] reported to scheduler.
jobs registered as running before removal {fastqc, fastqc, fastqc, fastqc}
[Tue Aug 13 16:26:10 2024]
Finished job 1.
1 of 7 steps (14%) done
Resources before job selection: {'_cores': 6, '_nodes': 9223372036854775804}
Ready jobs (2)
Select jobs to execute...
Completion of job ['fastqc'] reported to scheduler.
Selected jobs (1)
Resources after job selection: {'_cores': 0, '_nodes': 9223372036854775803}
Execute 1 jobs...

[Tue Aug 13 16:26:10 2024]
localrule fastqc:
    input: /home/lucianhu/rna_snakemake/rna_snakemake/test-datasets/testdata/SRR6357073_1.fastq.gz
    output: results/fastqc/RAP1_REP1_treatment
    log: logs/fastqc/RAP1_REP1_treatment.fastqc.log
    jobid: 4
    reason: Missing output files: results/fastqc/RAP1_REP1_treatment
    wildcards: sample=RAP1_REP1_treatment
    threads: 6
    resources: tmpdir=/tmp

jobs registered as running before removal {fastqc, fastqc, fastqc, fastqc}
[Tue Aug 13 16:26:10 2024]
Finished job 5.
2 of 7 steps (29%) done
Resources before job selection: {'_cores': 6, '_nodes': 9223372036854775804}
Ready jobs (1)
Select jobs to execute...
Using greedy selector because only single job has to be scheduled.
Selected jobs (1)
Resources after job selection: {'_cores': 0, '_nodes': 9223372036854775803}
Execute 1 jobs...

[Tue Aug 13 16:26:10 2024]
localrule fastqc:
    input: /home/lucianhu/rna_snakemake/rna_snakemake/test-datasets/testdata/SRR6357071_1.fastq.gz, /home/lucianhu/rna_snakemake/rna_snakemake/test-datasets/testdata/SRR6357071_2.fastq.gz
    output: results/fastqc/WT_REP2_control
    log: logs/fastqc/WT_REP2_control.fastqc.log
    jobid: 2
    reason: Missing output files: results/fastqc/WT_REP2_control
    wildcards: sample=WT_REP2_control
    threads: 6
    resources: tmpdir=/tmp

Completion of job ['fastqc'] reported to scheduler.
jobs registered as running before removal {fastqc, fastqc, fastqc, fastqc}
[Tue Aug 13 16:26:10 2024]
Finished job 6.
3 of 7 steps (43%) done
Completion of job ['fastqc'] reported to scheduler.
jobs registered as running before removal {fastqc, fastqc, fastqc}
[Tue Aug 13 16:26:10 2024]
Finished job 3.
4 of 7 steps (57%) done
Completion of job ['fastqc'] reported to scheduler.
jobs registered as running before removal {fastqc, fastqc}
[Tue Aug 13 16:26:11 2024]
Finished job 4.
5 of 7 steps (71%) done
Completion of job ['fastqc'] reported to scheduler.
jobs registered as running before removal {fastqc}
[Tue Aug 13 16:26:12 2024]
Finished job 2.
6 of 7 steps (86%) done
Resources before job selection: {'_cores': 24, '_nodes': 9223372036854775807}
Ready jobs (1)
Select jobs to execute...
Using greedy selector because only single job has to be scheduled.
Selected jobs (1)
Resources after job selection: {'_cores': 23, '_nodes': 9223372036854775806}
Execute 1 jobs...

[Tue Aug 13 16:26:12 2024]
localrule all:
    input: results/fastqc/WT_REP1_control, results/fastqc/WT_REP2_control, results/fastqc/WT_REP3_control, results/fastqc/RAP1_REP1_treatment, results/fastqc/RAP1_REP2_treatment, results/fastqc/RAP1_REP3_treatment
    jobid: 0
    reason: Input files updated by another job: results/fastqc/RAP1_REP1_treatment, results/fastqc/RAP1_REP2_treatment, results/fastqc/WT_REP2_control, results/fastqc/WT_REP3_control, results/fastqc/RAP1_REP3_treatment, results/fastqc/WT_REP1_control
    resources: tmpdir=/tmp

Completion of job ['all'] reported to scheduler.
jobs registered as running before removal {all}
[Tue Aug 13 16:26:12 2024]
Finished job 0.
7 of 7 steps (100%) done
Complete log: .snakemake/log/2024-08-13T162608.223621.snakemake.log
unlocking
removing lock
removing lock
removed all locks
