Building DAG of jobs...
shared_storage_local_copies: True
remote_exec: False
Using shell: /usr/bin/bash
Provided cores: 24
Rules claiming more threads will be scaled down.
Conda environments: ignored
Job stats:
job             count
------------  -------
align_paired        3
align_single        3
all                 1
total               7

Resources before job selection: {'_cores': 24, '_nodes': 9223372036854775807}
Ready jobs (6)
Select jobs to execute...
Selected jobs (2)
Resources after job selection: {'_cores': 0, '_nodes': 9223372036854775805}
Execute 2 jobs...

[Thu Aug 15 16:07:36 2024]
Job 6: Aligning on single-end FASTQ files...
Reason: Set of input files has changed since last execution


[Thu Aug 15 16:07:36 2024]
Job 4: Aligning on single-end FASTQ files...
Reason: Set of input files has changed since last execution

Completion of job ['align_single'] reported to scheduler.
jobs registered as running before removal {align_single, align_single}
[Thu Aug 15 16:07:56 2024]
Finished job 4.
1 of 7 steps (14%) done
Resources before job selection: {'_cores': 12, '_nodes': 9223372036854775806}
Ready jobs (4)
Select jobs to execute...
Selected jobs (1)
Resources after job selection: {'_cores': 0, '_nodes': 9223372036854775805}
Execute 1 jobs...

[Thu Aug 15 16:07:56 2024]
Job 2: Aligning on paired-end FASTQ files...
Reason: Set of input files has changed since last execution

Completion of job ['align_single'] reported to scheduler.
jobs registered as running before removal {align_single, align_paired}
[Thu Aug 15 16:07:59 2024]
Finished job 6.
2 of 7 steps (29%) done
Resources before job selection: {'_cores': 12, '_nodes': 9223372036854775806}
Ready jobs (3)
Select jobs to execute...
Selected jobs (1)
Resources after job selection: {'_cores': 0, '_nodes': 9223372036854775805}
Execute 1 jobs...

[Thu Aug 15 16:07:59 2024]
Job 1: Aligning on paired-end FASTQ files...
Reason: Set of input files has changed since last execution

Completion of job ['align_paired'] reported to scheduler.
jobs registered as running before removal {align_paired, align_paired}
[Thu Aug 15 16:09:35 2024]
Finished job 1.
3 of 7 steps (43%) done
Resources before job selection: {'_cores': 12, '_nodes': 9223372036854775806}
Ready jobs (2)
Select jobs to execute...
Selected jobs (1)
Resources after job selection: {'_cores': 0, '_nodes': 9223372036854775805}
Execute 1 jobs...

[Thu Aug 15 16:09:35 2024]
Job 3: Aligning on paired-end FASTQ files...
Reason: Set of input files has changed since last execution

Completion of job ['align_paired'] reported to scheduler.
jobs registered as running before removal {align_paired, align_paired}
[Thu Aug 15 16:09:40 2024]
Finished job 2.
4 of 7 steps (57%) done
Resources before job selection: {'_cores': 12, '_nodes': 9223372036854775806}
Ready jobs (1)
Select jobs to execute...
Using greedy selector because only single job has to be scheduled.
Selected jobs (1)
Resources after job selection: {'_cores': 0, '_nodes': 9223372036854775805}
Execute 1 jobs...

[Thu Aug 15 16:09:40 2024]
Job 5: Aligning on single-end FASTQ files...
Reason: Set of input files has changed since last execution

Completion of job ['align_single'] reported to scheduler.
jobs registered as running before removal {align_paired, align_single}
[Thu Aug 15 16:09:58 2024]
Finished job 5.
5 of 7 steps (71%) done
Completion of job ['align_paired'] reported to scheduler.
jobs registered as running before removal {align_paired}
[Thu Aug 15 16:11:14 2024]
Finished job 3.
6 of 7 steps (86%) done
Resources before job selection: {'_cores': 24, '_nodes': 9223372036854775807}
Ready jobs (1)
Select jobs to execute...
Using greedy selector because only single job has to be scheduled.
Selected jobs (1)
Resources after job selection: {'_cores': 23, '_nodes': 9223372036854775806}
Execute 1 jobs...

[Thu Aug 15 16:11:14 2024]
localrule all:
    input: results/align/bam_original/WT_REP1_control/WT_REP1_control.Aligned.out.bam, results/align/bam_original/WT_REP2_control/WT_REP2_control.Aligned.out.bam, results/align/bam_original/WT_REP3_control/WT_REP3_control.Aligned.out.bam, results/align/bam_original/RAP1_REP1_treatment/RAP1_REP1_treatment.Aligned.out.bam, results/align/bam_original/RAP1_REP2_treatment/RAP1_REP2_treatment.Aligned.out.bam, results/align/bam_original/RAP1_REP3_treatment/RAP1_REP3_treatment.Aligned.out.bam
    jobid: 0
    reason: Input files updated by another job: results/align/bam_original/RAP1_REP1_treatment/RAP1_REP1_treatment.Aligned.out.bam, results/align/bam_original/RAP1_REP2_treatment/RAP1_REP2_treatment.Aligned.out.bam, results/align/bam_original/RAP1_REP3_treatment/RAP1_REP3_treatment.Aligned.out.bam, results/align/bam_original/WT_REP2_control/WT_REP2_control.Aligned.out.bam, results/align/bam_original/WT_REP3_control/WT_REP3_control.Aligned.out.bam, results/align/bam_original/WT_REP1_control/WT_REP1_control.Aligned.out.bam
    resources: tmpdir=/tmp

Completion of job ['all'] reported to scheduler.
jobs registered as running before removal {all}
[Thu Aug 15 16:11:14 2024]
Finished job 0.
7 of 7 steps (100%) done
Complete log: .snakemake/log/2024-08-15T160736.328439.snakemake.log
unlocking
removing lock
removing lock
removed all locks
