Building DAG of jobs...
shared_storage_local_copies: True
remote_exec: False
Using shell: /usr/bin/bash
Provided cores: 24
Rules claiming more threads will be scaled down.
Conda environments: ignored
Job stats:
job         count
--------  -------
all             1
qualimap        6
total           7

Resources before job selection: {'_cores': 24, '_nodes': 9223372036854775807}
Ready jobs (6)
Select jobs to execute...
Selected jobs (4)
Resources after job selection: {'_cores': 0, '_nodes': 9223372036854775803}
Execute 4 jobs...

[Sun Aug 18 23:16:39 2024]
Job 54: WT_REP2_control: Running Qualimap
Reason: Code has changed since last execution

unlocking
removing lock
removing lock
removed all locks
Full Traceback (most recent call last):
  File "/home/lucianhu/micromamba/envs/rna_snakemake/lib/python3.12/site-packages/snakemake/utils.py", line 427, in format
    return fmt.format(_pattern, *args, **variables)
           ^^^^^^^^^^^^^^^^^^^^^^^^^^^^^^^^^^^^^^^^
  File "/home/lucianhu/micromamba/envs/rna_snakemake/lib/python3.12/string.py", line 190, in format
    return self.vformat(format_string, args, kwargs)
           ^^^^^^^^^^^^^^^^^^^^^^^^^^^^^^^^^^^^^^^^^
  File "/home/lucianhu/micromamba/envs/rna_snakemake/lib/python3.12/string.py", line 194, in vformat
    result, _ = self._vformat(format_string, args, kwargs, used_args, 2)
                ^^^^^^^^^^^^^^^^^^^^^^^^^^^^^^^^^^^^^^^^^^^^^^^^^^^^^^^^
  File "/home/lucianhu/micromamba/envs/rna_snakemake/lib/python3.12/string.py", line 234, in _vformat
    obj, arg_used = self.get_field(field_name, args, kwargs)
                    ^^^^^^^^^^^^^^^^^^^^^^^^^^^^^^^^^^^^^^^^
  File "/home/lucianhu/micromamba/envs/rna_snakemake/lib/python3.12/string.py", line 299, in get_field
    obj = self.get_value(first, args, kwargs)
          ^^^^^^^^^^^^^^^^^^^^^^^^^^^^^^^^^^^
  File "/home/lucianhu/micromamba/envs/rna_snakemake/lib/python3.12/string.py", line 256, in get_value
    return kwargs[key]
           ~~~~~~^^^^^
KeyError: 'threads * 4'

During handling of the above exception, another exception occurred:

Traceback (most recent call last):
  File "/home/lucianhu/micromamba/envs/rna_snakemake/lib/python3.12/site-packages/snakemake/jobs.py", line 948, in format_wildcards
    return format(string, **_variables)
           ^^^^^^^^^^^^^^^^^^^^^^^^^^^^
  File "/home/lucianhu/micromamba/envs/rna_snakemake/lib/python3.12/site-packages/snakemake/utils.py", line 437, in format
    raise NameError(
NameError: The name 'threads * 4' is unknown in this context. Please make sure that you defined that variable. Also note that braces not used for variable access have to be escaped by repeating them, i.e. {{print $1}}

During handling of the above exception, another exception occurred:

Traceback (most recent call last):
  File "/home/lucianhu/micromamba/envs/rna_snakemake/lib/python3.12/site-packages/snakemake/cli.py", line 2103, in args_to_api
    dag_api.execute_workflow(
  File "/home/lucianhu/micromamba/envs/rna_snakemake/lib/python3.12/site-packages/snakemake/api.py", line 594, in execute_workflow
    workflow.execute(
  File "/home/lucianhu/micromamba/envs/rna_snakemake/lib/python3.12/site-packages/snakemake/workflow.py", line 1248, in execute
    raise e
  File "/home/lucianhu/micromamba/envs/rna_snakemake/lib/python3.12/site-packages/snakemake/workflow.py", line 1244, in execute
    success = self.scheduler.schedule()
              ^^^^^^^^^^^^^^^^^^^^^^^^^
  File "/home/lucianhu/micromamba/envs/rna_snakemake/lib/python3.12/site-packages/snakemake/scheduler.py", line 313, in schedule
    self.run(
  File "/home/lucianhu/micromamba/envs/rna_snakemake/lib/python3.12/site-packages/snakemake/scheduler.py", line 406, in run
    executor.run_jobs(jobs)
  File "/home/lucianhu/micromamba/envs/rna_snakemake/lib/python3.12/site-packages/snakemake_interface_executor_plugins/executors/base.py", line 71, in run_jobs
    self.run_job_pre(job)
  File "/home/lucianhu/micromamba/envs/rna_snakemake/lib/python3.12/site-packages/snakemake_interface_executor_plugins/executors/base.py", line 86, in run_job_pre
    self.printjob(job)
  File "/home/lucianhu/micromamba/envs/rna_snakemake/lib/python3.12/site-packages/snakemake_interface_executor_plugins/executors/base.py", line 110, in printjob
    job.log_info()
  File "/home/lucianhu/micromamba/envs/rna_snakemake/lib/python3.12/site-packages/snakemake/jobs.py", line 1042, in log_info
    logger.shellcmd(self.shellcmd, indent=indent)
                    ^^^^^^^^^^^^^
  File "/home/lucianhu/micromamba/envs/rna_snakemake/lib/python3.12/site-packages/snakemake/jobs.py", line 601, in shellcmd
    self.format_wildcards(self.rule.shellcmd)
  File "/home/lucianhu/micromamba/envs/rna_snakemake/lib/python3.12/site-packages/snakemake/jobs.py", line 950, in format_wildcards
    raise RuleException(
snakemake.exceptions.RuleException: NameError: The name 'threads * 4' is unknown in this context. Please make sure that you defined that variable. Also note that braces not used for variable access have to be escaped by repeating them, i.e. {{print $1}}, when formatting the following:

        unset DISPLAY &&
        mkdir -p tmp &&
        export _JAVA_OPTIONS=-Djava.io.tmpdir=./tmp &&
        qualimap --java-mem-size={threads * 4}G rnaseq \
        -bam {input.bam} \
        -gtf {input.gtf} \
        -p strand-specific-reverse \
        -pe \
        -nt {threads} \
        -outdir {output} &> {log}
        

RuleException in rule qualimap in file /home/lucianhu/rna_snakemake/test_ting/Snakefile, line 577:
NameError: The name 'threads * 4' is unknown in this context. Please make sure that you defined that variable. Also note that braces not used for variable access have to be escaped by repeating them, i.e. {{print $1}}, when formatting the following:

        unset DISPLAY &&
        mkdir -p tmp &&
        export _JAVA_OPTIONS=-Djava.io.tmpdir=./tmp &&
        qualimap --java-mem-size={threads * 4}G rnaseq \
        -bam {input.bam} \
        -gtf {input.gtf} \
        -p strand-specific-reverse \
        -pe \
        -nt {threads} \
        -outdir {output} &> {log}
        
