Building DAG of jobs...
Forcing incomplete files:
	results/align/bam_original/WT_REP1_control/WT_REP1_control.Aligned.out.bam
shared_storage_local_copies: True
remote_exec: False
Using shell: /usr/bin/bash
Provided cores: 24
Rules claiming more threads will be scaled down.
Conda environments: ignored
Job stats:
job             count
------------  -------
align_paired        1
align_single        3
all                 1
total               5

Resources before job selection: {'_cores': 24, '_nodes': 9223372036854775807}
Ready jobs (4)
Select jobs to execute...
Selected jobs (2)
Resources after job selection: {'_cores': 0, '_nodes': 9223372036854775805}
Execute 2 jobs...

[Thu Aug 15 14:05:44 2024]
localrule align_single:
    input: results/trimmed/RAP1_REP2_treatment_trimmed_R1.fq.gz, resources/annotation.gtf, resources/star_index
    output: results/align/bam_original/RAP1_REP2_treatment/RAP1_REP2_treatment.Aligned.out.bam
    log: logs/star_align/RAP1_REP2_treatment.star_align.log
    jobid: 9
    reason: Missing output files: results/align/bam_original/RAP1_REP2_treatment/RAP1_REP2_treatment.Aligned.out.bam; Code has changed since last execution
    wildcards: sample=RAP1_REP2_treatment
    threads: 12
    resources: tmpdir=/tmp


[Thu Aug 15 14:05:44 2024]
localrule align_single:
    input: results/trimmed/RAP1_REP1_treatment_trimmed_R1.fq.gz, resources/annotation.gtf, resources/star_index
    output: results/align/bam_original/RAP1_REP1_treatment/RAP1_REP1_treatment.Aligned.out.bam
    log: logs/star_align/RAP1_REP1_treatment.star_align.log
    jobid: 7
    reason: Missing output files: results/align/bam_original/RAP1_REP1_treatment/RAP1_REP1_treatment.Aligned.out.bam; Code has changed since last execution
    wildcards: sample=RAP1_REP1_treatment
    threads: 12
    resources: tmpdir=/tmp

Completion of job ['align_single'] reported to scheduler.
jobs registered as running before removal {align_single, align_single}
[Thu Aug 15 14:06:02 2024]
Finished job 9.
1 of 5 steps (20%) done
Resources before job selection: {'_cores': 12, '_nodes': 9223372036854775806}
Ready jobs (2)
Select jobs to execute...
Selected jobs (1)
Resources after job selection: {'_cores': 0, '_nodes': 9223372036854775805}
Execute 1 jobs...

[Thu Aug 15 14:06:02 2024]
localrule align_single:
    input: results/trimmed/RAP1_REP3_treatment_trimmed_R1.fq.gz, resources/annotation.gtf, resources/star_index
    output: results/align/bam_original/RAP1_REP3_treatment/RAP1_REP3_treatment.Aligned.out.bam
    log: logs/star_align/RAP1_REP3_treatment.star_align.log
    jobid: 11
    reason: Missing output files: results/align/bam_original/RAP1_REP3_treatment/RAP1_REP3_treatment.Aligned.out.bam; Code has changed since last execution
    wildcards: sample=RAP1_REP3_treatment
    threads: 12
    resources: tmpdir=/tmp

Completion of job ['align_single'] reported to scheduler.
jobs registered as running before removal {align_single, align_single}
[Thu Aug 15 14:06:06 2024]
Finished job 7.
2 of 5 steps (40%) done
Resources before job selection: {'_cores': 12, '_nodes': 9223372036854775806}
Ready jobs (1)
Select jobs to execute...
Using greedy selector because only single job has to be scheduled.
Selected jobs (1)
Resources after job selection: {'_cores': 0, '_nodes': 9223372036854775805}
Execute 1 jobs...

[Thu Aug 15 14:06:06 2024]
localrule align_paired:
    input: results/trimmed/WT_REP1_control_trimmed_R1.fq.gz, results/trimmed/WT_REP1_control_trimmed_R2.fq.gz, resources/annotation.gtf, resources/star_index
    output: results/align/bam_original/WT_REP1_control/WT_REP1_control.Aligned.out.bam
    log: logs/star_align/WT_REP1_control.star_align.log
    jobid: 1
    reason: Forced execution
    wildcards: sample=WT_REP1_control
    threads: 12
    resources: tmpdir=/tmp

Completion of job ['align_single'] reported to scheduler.
jobs registered as running before removal {align_single, align_paired}
[Thu Aug 15 14:06:23 2024]
Finished job 11.
3 of 5 steps (60%) done
Completion of job ['align_paired'] reported to scheduler.
jobs registered as running before removal {align_paired}
[Thu Aug 15 14:07:37 2024]
Finished job 1.
4 of 5 steps (80%) done
Resources before job selection: {'_cores': 24, '_nodes': 9223372036854775807}
Ready jobs (1)
Select jobs to execute...
Using greedy selector because only single job has to be scheduled.
Selected jobs (1)
Resources after job selection: {'_cores': 23, '_nodes': 9223372036854775806}
Execute 1 jobs...

[Thu Aug 15 14:07:37 2024]
localrule all:
    input: results/align/bam_original/WT_REP1_control/WT_REP1_control.Aligned.out.bam, results/align/bam_original/WT_REP2_control/WT_REP2_control.Aligned.out.bam, results/align/bam_original/WT_REP3_control/WT_REP3_control.Aligned.out.bam, results/align/bam_original/RAP1_REP1_treatment/RAP1_REP1_treatment.Aligned.out.bam, results/align/bam_original/RAP1_REP2_treatment/RAP1_REP2_treatment.Aligned.out.bam, results/align/bam_original/RAP1_REP3_treatment/RAP1_REP3_treatment.Aligned.out.bam
    jobid: 0
    reason: Input files updated by another job: results/align/bam_original/RAP1_REP3_treatment/RAP1_REP3_treatment.Aligned.out.bam, results/align/bam_original/WT_REP1_control/WT_REP1_control.Aligned.out.bam, results/align/bam_original/RAP1_REP1_treatment/RAP1_REP1_treatment.Aligned.out.bam, results/align/bam_original/RAP1_REP2_treatment/RAP1_REP2_treatment.Aligned.out.bam
    resources: tmpdir=/tmp

Completion of job ['all'] reported to scheduler.
jobs registered as running before removal {all}
[Thu Aug 15 14:07:37 2024]
Finished job 0.
5 of 5 steps (100%) done
Complete log: .snakemake/log/2024-08-15T140544.327093.snakemake.log
unlocking
removing lock
removing lock
removed all locks
