Building DAG of jobs...
Using shell: /usr/bin/bash
Provided cores: 24
Rules claiming more threads will be scaled down.
Conda environments: ignored
Job stats:
job                   count
------------------  -------
align_paired              3
align_single              3
all                       1
trim_galore_paired        1
total                     8

Select jobs to execute...
Execute 2 jobs...

[Wed Aug 14 14:53:29 2024]
localrule align_single:
    input: results/trimmed/RAP1_REP2_treatment_trimmed_R1.fq.gz, resources/annotation.gtf, resources/star_index
    output: results/align/bam_original/RAP1_REP2_treatment.Aligned.out.bam, results/align/bam_transcript/RAP1_REP2_treatment.toTranscriptome.out.bam, results/align/junction/RAP1_REP2_treatment.out.junction
    log: logs/star_align/RAP1_REP2_treatment.star_align.log
    jobid: 9
    reason: Missing output files: results/align/bam_original/RAP1_REP2_treatment.Aligned.out.bam, results/align/bam_transcript/RAP1_REP2_treatment.toTranscriptome.out.bam, results/align/junction/RAP1_REP2_treatment.out.junction
    wildcards: sample=RAP1_REP2_treatment
    threads: 12
    resources: tmpdir=/tmp


[Wed Aug 14 14:53:29 2024]
localrule align_single:
    input: results/trimmed/RAP1_REP1_treatment_trimmed_R1.fq.gz, resources/annotation.gtf, resources/star_index
    output: results/align/bam_original/RAP1_REP1_treatment.Aligned.out.bam, results/align/bam_transcript/RAP1_REP1_treatment.toTranscriptome.out.bam, results/align/junction/RAP1_REP1_treatment.out.junction
    log: logs/star_align/RAP1_REP1_treatment.star_align.log
    jobid: 7
    reason: Missing output files: results/align/bam_transcript/RAP1_REP1_treatment.toTranscriptome.out.bam, results/align/junction/RAP1_REP1_treatment.out.junction, results/align/bam_original/RAP1_REP1_treatment.Aligned.out.bam
    wildcards: sample=RAP1_REP1_treatment
    threads: 12
    resources: tmpdir=/tmp

[Wed Aug 14 14:53:29 2024]
Error in rule align_single:
    jobid: 9
    input: results/trimmed/RAP1_REP2_treatment_trimmed_R1.fq.gz, resources/annotation.gtf, resources/star_index
    output: results/align/bam_original/RAP1_REP2_treatment.Aligned.out.bam, results/align/bam_transcript/RAP1_REP2_treatment.toTranscriptome.out.bam, results/align/junction/RAP1_REP2_treatment.out.junction
    log: logs/star_align/RAP1_REP2_treatment.star_align.log (check log file(s) for error details)
    conda-env: /home/lucianhu/rna_snakemake/test_ting/.snakemake/conda/1f835baae0b7b062716b90b833a307f5_
    shell:
        
        STAR --genomeDir resources/star_index              --readFilesIn results/trimmed/RAP1_REP2_treatment_trimmed_R1.fq.gz              --runThreadN 12              --outFileNamePrefix results/align/RAP1_REP2_treatment_              --sjdbGTFfile resources/annotation.gtf              --outSAMattrRGline 'ID:RAP1_REP2_treatment' 'SM:RAP1_REP2_treatment'              --quantMode TranscriptomeSAM              --twopassMode Basic              --outSAMtype BAM Unsorted              --readFilesCommand zcat              --runRNGseed 0              --outFilterMultimapNmax 20              --alignSJDBoverhangMin 1              --outSAMattributes NH HI AS NM MD              --quantTranscriptomeBan Singleend              --outSAMstrandField intronMotif &> logs/star_align/RAP1_REP2_treatment.star_align.log
        
        (one of the commands exited with non-zero exit code; note that snakemake uses bash strict mode!)

[Wed Aug 14 14:53:29 2024]
Error in rule align_single:
    jobid: 7
    input: results/trimmed/RAP1_REP1_treatment_trimmed_R1.fq.gz, resources/annotation.gtf, resources/star_index
    output: results/align/bam_original/RAP1_REP1_treatment.Aligned.out.bam, results/align/bam_transcript/RAP1_REP1_treatment.toTranscriptome.out.bam, results/align/junction/RAP1_REP1_treatment.out.junction
    log: logs/star_align/RAP1_REP1_treatment.star_align.log (check log file(s) for error details)
    conda-env: /home/lucianhu/rna_snakemake/test_ting/.snakemake/conda/1f835baae0b7b062716b90b833a307f5_
    shell:
        
        STAR --genomeDir resources/star_index              --readFilesIn results/trimmed/RAP1_REP1_treatment_trimmed_R1.fq.gz              --runThreadN 12              --outFileNamePrefix results/align/RAP1_REP1_treatment_              --sjdbGTFfile resources/annotation.gtf              --outSAMattrRGline 'ID:RAP1_REP1_treatment' 'SM:RAP1_REP1_treatment'              --quantMode TranscriptomeSAM              --twopassMode Basic              --outSAMtype BAM Unsorted              --readFilesCommand zcat              --runRNGseed 0              --outFilterMultimapNmax 20              --alignSJDBoverhangMin 1              --outSAMattributes NH HI AS NM MD              --quantTranscriptomeBan Singleend              --outSAMstrandField intronMotif &> logs/star_align/RAP1_REP1_treatment.star_align.log
        
        (one of the commands exited with non-zero exit code; note that snakemake uses bash strict mode!)

Shutting down, this might take some time.
Exiting because a job execution failed. Look above for error message
Complete log: .snakemake/log/2024-08-14T145329.846990.snakemake.log
WorkflowError:
At least one job did not complete successfully.
