Building DAG of jobs...
shared_storage_local_copies: True
remote_exec: False
Using shell: /usr/bin/bash
Provided cores: 24
Rules claiming more threads will be scaled down.
Conda environments: ignored
Job stats:
job                            count
---------------------------  -------
align_paired                       3
align_single                       3
all                                1
filter_gtf                         1
picard_mark_duplicates             6
samtools_markdup_processing        6
samtools_process                   6
star_genome_generate               1
stringtie                          6
trim_galore_paired                 3
trim_galore_single                 3
total                             39

Resources before job selection: {'_cores': 24, '_nodes': 9223372036854775807}
Ready jobs (7)
Select jobs to execute...
Selected jobs (3)
Resources after job selection: {'_cores': 0, '_nodes': 9223372036854775804}
Execute 3 jobs...

[Sun Aug 18 20:32:27 2024]
Job 10: WT_REP3_control: Trimming and performing quality control on paired-end FASTQ files...
Reason: Missing output files: results/trimmed/WT_REP3_control_trimmed_R1.fq.gz, results/trimmed/WT_REP3_control_trimmed_R2.fq.gz


[Sun Aug 18 20:32:27 2024]
Job 16: RAP1_REP3_treatment: Trimming and performing quality control on single-end FASTQ files...
Reason: Missing output files: results/trimmed/RAP1_REP3_treatment_trimmed_R1.fq.gz


[Sun Aug 18 20:32:27 2024]
Job 12: RAP1_REP1_treatment: Trimming and performing quality control on single-end FASTQ files...
Reason: Missing output files: results/trimmed/RAP1_REP1_treatment_trimmed_R1.fq.gz

Completion of job ['trim_galore_single'] reported to scheduler.
jobs registered as running before removal {trim_galore_paired, trim_galore_single, trim_galore_single}
[Sun Aug 18 20:32:30 2024]
Finished job 16.
1 of 39 steps (3%) done
Resources before job selection: {'_cores': 8, '_nodes': 9223372036854775805}
Ready jobs (4)
Select jobs to execute...
Selected jobs (1)
Resources after job selection: {'_cores': 0, '_nodes': 9223372036854775804}
Execute 1 jobs...

[Sun Aug 18 20:32:30 2024]
Job 14: RAP1_REP2_treatment: Trimming and performing quality control on single-end FASTQ files...
Reason: Missing output files: results/trimmed/RAP1_REP2_treatment_trimmed_R1.fq.gz

Completion of job ['trim_galore_single'] reported to scheduler.
jobs registered as running before removal {trim_galore_paired, trim_galore_single, trim_galore_single}
[Sun Aug 18 20:32:31 2024]
Finished job 12.
2 of 39 steps (5%) done
Resources before job selection: {'_cores': 8, '_nodes': 9223372036854775805}
Ready jobs (3)
Select jobs to execute...
Selected jobs (1)
Resources after job selection: {'_cores': 0, '_nodes': 9223372036854775804}
Execute 1 jobs...

[Sun Aug 18 20:32:31 2024]
Job 8: WT_REP2_control: Trimming and performing quality control on paired-end FASTQ files...
Reason: Missing output files: results/trimmed/WT_REP2_control_trimmed_R1.fq.gz, results/trimmed/WT_REP2_control_trimmed_R2.fq.gz

Completion of job ['trim_galore_paired'] reported to scheduler.
jobs registered as running before removal {trim_galore_paired, trim_galore_paired, trim_galore_single}
[Sun Aug 18 20:32:31 2024]
Finished job 10.
3 of 39 steps (8%) done
Resources before job selection: {'_cores': 8, '_nodes': 9223372036854775805}
Ready jobs (2)
Select jobs to execute...
Selected jobs (1)
Resources after job selection: {'_cores': 0, '_nodes': 9223372036854775804}
Execute 1 jobs...

[Sun Aug 18 20:32:31 2024]
Job 2: WT_REP1_control: Trimming and performing quality control on paired-end FASTQ files...
Reason: Missing output files: results/trimmed/WT_REP1_control_trimmed_R2.fq.gz, results/trimmed/WT_REP1_control_trimmed_R1.fq.gz

Completion of job ['trim_galore_single'] reported to scheduler.
jobs registered as running before removal {trim_galore_paired, trim_galore_paired, trim_galore_single}
[Sun Aug 18 20:32:32 2024]
Finished job 14.
4 of 39 steps (10%) done
Resources before job selection: {'_cores': 8, '_nodes': 9223372036854775805}
Ready jobs (1)
Select jobs to execute...
Using greedy selector because only single job has to be scheduled.
Selected jobs (1)
Resources after job selection: {'_cores': 7, '_nodes': 9223372036854775804}
Execute 1 jobs...

[Sun Aug 18 20:32:32 2024]
Job 3: Refining the input GTF
Reason: Missing output files: resources/annotation.filtered.gtf

Completion of job ['filter_gtf'] reported to scheduler.
jobs registered as running before removal {filter_gtf, trim_galore_paired, trim_galore_paired}
[Sun Aug 18 20:32:32 2024]
Finished job 3.
5 of 39 steps (13%) done
Resources before job selection: {'_cores': 8, '_nodes': 9223372036854775805}
Ready jobs (1)
Select jobs to execute...
Using greedy selector because only single job has to be scheduled.
Selected jobs (0)
Resources after job selection: {'_cores': 8, '_nodes': 9223372036854775805}
Completion of job ['trim_galore_paired'] reported to scheduler.
jobs registered as running before removal {trim_galore_paired, trim_galore_paired}
[Sun Aug 18 20:32:35 2024]
Finished job 8.
6 of 39 steps (15%) done
Resources before job selection: {'_cores': 16, '_nodes': 9223372036854775806}
Ready jobs (1)
Using greedy selector because only single job has to be scheduled.
Selected jobs (1)
Resources after job selection: {'_cores': 4, '_nodes': 9223372036854775805}
Execute 1 jobs...

[Sun Aug 18 20:32:35 2024]
Job 6: Creating a reference genome index
Reason: Missing output files: resources/star_index; Input files updated by another job: resources/annotation.filtered.gtf

Completion of job ['star_genome_generate'] reported to scheduler.
jobs registered as running before removal {star_genome_generate, trim_galore_paired}
[Sun Aug 18 20:32:35 2024]
Finished job 6.
7 of 39 steps (18%) done
Resources before job selection: {'_cores': 16, '_nodes': 9223372036854775806}
Ready jobs (5)
Select jobs to execute...
Selected jobs (1)
Resources after job selection: {'_cores': 4, '_nodes': 9223372036854775805}
Execute 1 jobs...

[Sun Aug 18 20:32:35 2024]
Job 7: WT_REP2_control: Aligning on paired-end FASTQ files...
Reason: Missing output files: results/align/bam_original/WT_REP2_control/WT_REP2_control.Aligned.toTranscriptome.out.bam, results/align/bam_original/WT_REP2_control/WT_REP2_control.Aligned.out.bam; Input files updated by another job: resources/star_index, results/trimmed/WT_REP2_control_trimmed_R1.fq.gz, results/trimmed/WT_REP2_control_trimmed_R2.fq.gz, resources/annotation.filtered.gtf; Set of input files has changed since last execution

Completion of job ['trim_galore_paired'] reported to scheduler.
jobs registered as running before removal {trim_galore_paired, align_paired}
[Sun Aug 18 20:32:35 2024]
Finished job 2.
8 of 39 steps (21%) done
Resources before job selection: {'_cores': 12, '_nodes': 9223372036854775806}
Ready jobs (5)
Select jobs to execute...
Selected jobs (1)
Resources after job selection: {'_cores': 0, '_nodes': 9223372036854775805}
Execute 1 jobs...

[Sun Aug 18 20:32:35 2024]
Job 13: RAP1_REP2_treatment: Aligning on single-end FASTQ files ...
Reason: Missing output files: results/align/bam_original/RAP1_REP2_treatment/RAP1_REP2_treatment.Aligned.out.bam, results/align/bam_original/RAP1_REP2_treatment/RAP1_REP2_treatment.Aligned.toTranscriptome.out.bam; Input files updated by another job: resources/star_index, results/trimmed/RAP1_REP2_treatment_trimmed_R1.fq.gz, resources/annotation.filtered.gtf; Set of input files has changed since last execution

Completion of job ['align_single'] reported to scheduler.
jobs registered as running before removal {align_paired, align_single}
[Sun Aug 18 20:32:44 2024]
Finished job 13.
9 of 39 steps (23%) done
Resources before job selection: {'_cores': 12, '_nodes': 9223372036854775806}
Ready jobs (5)
Select jobs to execute...
Selected jobs (1)
Resources after job selection: {'_cores': 0, '_nodes': 9223372036854775805}
Execute 1 jobs...

[Sun Aug 18 20:32:44 2024]
Job 15: RAP1_REP3_treatment: Aligning on single-end FASTQ files ...
Reason: Missing output files: results/align/bam_original/RAP1_REP3_treatment/RAP1_REP3_treatment.Aligned.toTranscriptome.out.bam, results/align/bam_original/RAP1_REP3_treatment/RAP1_REP3_treatment.Aligned.out.bam; Input files updated by another job: resources/star_index, results/trimmed/RAP1_REP3_treatment_trimmed_R1.fq.gz, resources/annotation.filtered.gtf

Completion of job ['align_single'] reported to scheduler.
jobs registered as running before removal {align_paired, align_single}
[Sun Aug 18 20:32:52 2024]
Finished job 15.
10 of 39 steps (26%) done
Resources before job selection: {'_cores': 12, '_nodes': 9223372036854775806}
Ready jobs (5)
Select jobs to execute...
Selected jobs (1)
Resources after job selection: {'_cores': 0, '_nodes': 9223372036854775805}
Execute 1 jobs...

[Sun Aug 18 20:32:52 2024]
Job 9: WT_REP3_control: Aligning on paired-end FASTQ files...
Reason: Missing output files: results/align/bam_original/WT_REP3_control/WT_REP3_control.Aligned.out.bam, results/align/bam_original/WT_REP3_control/WT_REP3_control.Aligned.toTranscriptome.out.bam; Input files updated by another job: resources/star_index, results/trimmed/WT_REP3_control_trimmed_R2.fq.gz, resources/annotation.filtered.gtf, results/trimmed/WT_REP3_control_trimmed_R1.fq.gz; Set of input files has changed since last execution

Completion of job ['align_paired'] reported to scheduler.
jobs registered as running before removal {align_paired, align_paired}
[Sun Aug 18 20:33:28 2024]
Finished job 7.
11 of 39 steps (28%) done
Resources before job selection: {'_cores': 12, '_nodes': 9223372036854775806}
Ready jobs (5)
Select jobs to execute...
Selected jobs (1)
Resources after job selection: {'_cores': 0, '_nodes': 9223372036854775805}
Execute 1 jobs...

[Sun Aug 18 20:33:28 2024]
Job 1: WT_REP1_control: Aligning on paired-end FASTQ files...
Reason: Missing output files: results/align/bam_original/WT_REP1_control/WT_REP1_control.Aligned.out.bam, results/align/bam_original/WT_REP1_control/WT_REP1_control.Aligned.toTranscriptome.out.bam; Input files updated by another job: resources/star_index, results/trimmed/WT_REP1_control_trimmed_R2.fq.gz, results/trimmed/WT_REP1_control_trimmed_R1.fq.gz, resources/annotation.filtered.gtf; Set of input files has changed since last execution

Completion of job ['align_paired'] reported to scheduler.
jobs registered as running before removal {align_paired, align_paired}
[Sun Aug 18 20:33:45 2024]
Finished job 9.
12 of 39 steps (31%) done
Resources before job selection: {'_cores': 12, '_nodes': 9223372036854775806}
Ready jobs (5)
Select jobs to execute...
Selected jobs (1)
Resources after job selection: {'_cores': 0, '_nodes': 9223372036854775805}
Execute 1 jobs...

[Sun Aug 18 20:33:45 2024]
Job 11: RAP1_REP1_treatment: Aligning on single-end FASTQ files ...
Reason: Missing output files: results/align/bam_original/RAP1_REP1_treatment/RAP1_REP1_treatment.Aligned.out.bam, results/align/bam_original/RAP1_REP1_treatment/RAP1_REP1_treatment.Aligned.toTranscriptome.out.bam; Input files updated by another job: resources/star_index, results/trimmed/RAP1_REP1_treatment_trimmed_R1.fq.gz, resources/annotation.filtered.gtf

Completion of job ['align_single'] reported to scheduler.
jobs registered as running before removal {align_single, align_paired}
[Sun Aug 18 20:33:54 2024]
Finished job 11.
13 of 39 steps (33%) done
Resources before job selection: {'_cores': 12, '_nodes': 9223372036854775806}
Ready jobs (5)
Select jobs to execute...
Selected jobs (1)
Resources after job selection: {'_cores': 4, '_nodes': 9223372036854775805}
Execute 1 jobs...

[Sun Aug 18 20:33:54 2024]
Job 22: RAP1_REP3_treatment: Sorting and indexing alignments
Reason: Missing output files: results/align/bam_original/RAP1_REP3_treatment/RAP1_REP3_treatment.sorted.bam.stats, results/align/bam_original/RAP1_REP3_treatment/RAP1_REP3_treatment.sorted.bam; Input files updated by another job: results/align/bam_original/RAP1_REP3_treatment/RAP1_REP3_treatment.Aligned.out.bam

Completion of job ['samtools_process'] reported to scheduler.
jobs registered as running before removal {align_paired, samtools_process}
[Sun Aug 18 20:33:54 2024]
Finished job 22.
14 of 39 steps (36%) done
Resources before job selection: {'_cores': 12, '_nodes': 9223372036854775806}
Ready jobs (5)
Select jobs to execute...
Selected jobs (1)
Resources after job selection: {'_cores': 0, '_nodes': 9223372036854775805}
Execute 1 jobs...

[Sun Aug 18 20:33:54 2024]
Job 28: RAP1_REP3_treatment: Marking duplicate reads
Reason: Missing output files: results/align/bam_markup/RAP1_REP3_treatment/RAP1_REP3_treatment.markdup.sorted.bam; Input files updated by another job: results/align/bam_original/RAP1_REP3_treatment/RAP1_REP3_treatment.sorted.bam

Completion of job ['picard_mark_duplicates'] reported to scheduler.
jobs registered as running before removal {align_paired, picard_mark_duplicates}
[Sun Aug 18 20:33:55 2024]
Finished job 28.
15 of 39 steps (38%) done
Resources before job selection: {'_cores': 12, '_nodes': 9223372036854775806}
Ready jobs (6)
Select jobs to execute...
Selected jobs (2)
Resources after job selection: {'_cores': 3, '_nodes': 9223372036854775804}
Execute 2 jobs...

[Sun Aug 18 20:33:55 2024]
Job 34: RAP1_REP3_treatment: Running Samtools to mark duplicate reads
Reason: Missing output files: results/align/bam_markup/RAP1_REP3_treatment/RAP1_REP3_treatment.markdup.sorted.bam.stats; Input files updated by another job: results/align/bam_markup/RAP1_REP3_treatment/RAP1_REP3_treatment.markdup.sorted.bam


[Sun Aug 18 20:33:55 2024]
Job 19: WT_REP3_control: Sorting and indexing alignments
Reason: Missing output files: results/align/bam_original/WT_REP3_control/WT_REP3_control.sorted.bam.stats, results/align/bam_original/WT_REP3_control/WT_REP3_control.sorted.bam; Input files updated by another job: results/align/bam_original/WT_REP3_control/WT_REP3_control.Aligned.out.bam

Completion of job ['samtools_markdup_processing'] reported to scheduler.
jobs registered as running before removal {align_paired, samtools_markdup_processing, samtools_process}
[Sun Aug 18 20:33:55 2024]
Finished job 34.
16 of 39 steps (41%) done
Resources before job selection: {'_cores': 4, '_nodes': 9223372036854775805}
Ready jobs (4)
Select jobs to execute...
Selected jobs (0)
Resources after job selection: {'_cores': 4, '_nodes': 9223372036854775805}
Completion of job ['samtools_process'] reported to scheduler.
jobs registered as running before removal {align_paired, samtools_process}
[Sun Aug 18 20:33:55 2024]
Finished job 19.
17 of 39 steps (44%) done
Resources before job selection: {'_cores': 12, '_nodes': 9223372036854775806}
Ready jobs (5)
Selected jobs (1)
Resources after job selection: {'_cores': 0, '_nodes': 9223372036854775805}
Execute 1 jobs...

[Sun Aug 18 20:33:55 2024]
Job 25: WT_REP3_control: Marking duplicate reads
Reason: Missing output files: results/align/bam_markup/WT_REP3_control/WT_REP3_control.markdup.sorted.bam; Input files updated by another job: results/align/bam_original/WT_REP3_control/WT_REP3_control.sorted.bam

Completion of job ['picard_mark_duplicates'] reported to scheduler.
jobs registered as running before removal {align_paired, picard_mark_duplicates}
[Sun Aug 18 20:33:56 2024]
Finished job 25.
18 of 39 steps (46%) done
Resources before job selection: {'_cores': 12, '_nodes': 9223372036854775806}
Ready jobs (6)
Select jobs to execute...
Selected jobs (2)
Resources after job selection: {'_cores': 0, '_nodes': 9223372036854775804}
Execute 2 jobs...

[Sun Aug 18 20:33:56 2024]
Job 37: WT_REP3_control: Running Stringtie to assemble and quantify transcripts
Reason: Missing output files: results/stringtie/WT_REP3_control/WT_REP3_control.transcripts.gtf; Input files updated by another job: resources/annotation.filtered.gtf, results/align/bam_markup/WT_REP3_control/WT_REP3_control.markdup.sorted.bam


[Sun Aug 18 20:33:56 2024]
Job 40: RAP1_REP3_treatment: Running Stringtie to assemble and quantify transcripts
Reason: Missing output files: results/stringtie/RAP1_REP3_treatment/RAP1_REP3_treatment.transcripts.gtf; Input files updated by another job: resources/annotation.filtered.gtf, results/align/bam_markup/RAP1_REP3_treatment/RAP1_REP3_treatment.markdup.sorted.bam

Completion of job ['stringtie'] reported to scheduler.
jobs registered as running before removal {align_paired, stringtie, stringtie}
[Sun Aug 18 20:33:56 2024]
Finished job 40.
19 of 39 steps (49%) done
Resources before job selection: {'_cores': 6, '_nodes': 9223372036854775805}
Ready jobs (4)
Select jobs to execute...
Selected jobs (1)
Resources after job selection: {'_cores': 5, '_nodes': 9223372036854775804}
Execute 1 jobs...

[Sun Aug 18 20:33:56 2024]
Job 31: WT_REP3_control: Running Samtools to mark duplicate reads
Reason: Missing output files: results/align/bam_markup/WT_REP3_control/WT_REP3_control.markdup.sorted.bam.stats; Input files updated by another job: results/align/bam_markup/WT_REP3_control/WT_REP3_control.markdup.sorted.bam

Completion of job ['stringtie'] reported to scheduler.
jobs registered as running before removal {align_paired, stringtie, samtools_markdup_processing}
[Sun Aug 18 20:33:56 2024]
Finished job 37.
20 of 39 steps (51%) done
Resources before job selection: {'_cores': 11, '_nodes': 9223372036854775805}
Ready jobs (3)
Select jobs to execute...
Selected jobs (1)
Resources after job selection: {'_cores': 3, '_nodes': 9223372036854775804}
Execute 1 jobs...

[Sun Aug 18 20:33:56 2024]
Job 18: WT_REP2_control: Sorting and indexing alignments
Reason: Missing output files: results/align/bam_original/WT_REP2_control/WT_REP2_control.sorted.bam, results/align/bam_original/WT_REP2_control/WT_REP2_control.sorted.bam.stats; Input files updated by another job: results/align/bam_original/WT_REP2_control/WT_REP2_control.Aligned.out.bam

Completion of job ['samtools_markdup_processing'] reported to scheduler.
jobs registered as running before removal {align_paired, samtools_markdup_processing, samtools_process}
[Sun Aug 18 20:33:57 2024]
Finished job 31.
21 of 39 steps (54%) done
Resources before job selection: {'_cores': 4, '_nodes': 9223372036854775805}
Ready jobs (2)
Select jobs to execute...
Selected jobs (0)
Resources after job selection: {'_cores': 4, '_nodes': 9223372036854775805}
Completion of job ['samtools_process'] reported to scheduler.
jobs registered as running before removal {align_paired, samtools_process}
[Sun Aug 18 20:33:57 2024]
Finished job 18.
22 of 39 steps (56%) done
Resources before job selection: {'_cores': 12, '_nodes': 9223372036854775806}
Ready jobs (3)
Selected jobs (1)
Resources after job selection: {'_cores': 0, '_nodes': 9223372036854775805}
Execute 1 jobs...

[Sun Aug 18 20:33:57 2024]
Job 24: WT_REP2_control: Marking duplicate reads
Reason: Missing output files: results/align/bam_markup/WT_REP2_control/WT_REP2_control.markdup.sorted.bam; Input files updated by another job: results/align/bam_original/WT_REP2_control/WT_REP2_control.sorted.bam

Completion of job ['picard_mark_duplicates'] reported to scheduler.
jobs registered as running before removal {align_paired, picard_mark_duplicates}
[Sun Aug 18 20:33:58 2024]
Finished job 24.
23 of 39 steps (59%) done
Resources before job selection: {'_cores': 12, '_nodes': 9223372036854775806}
Ready jobs (4)
Select jobs to execute...
Selected jobs (2)
Resources after job selection: {'_cores': 3, '_nodes': 9223372036854775804}
Execute 2 jobs...

[Sun Aug 18 20:33:58 2024]
Job 21: RAP1_REP2_treatment: Sorting and indexing alignments
Reason: Missing output files: results/align/bam_original/RAP1_REP2_treatment/RAP1_REP2_treatment.sorted.bam.stats, results/align/bam_original/RAP1_REP2_treatment/RAP1_REP2_treatment.sorted.bam; Input files updated by another job: results/align/bam_original/RAP1_REP2_treatment/RAP1_REP2_treatment.Aligned.out.bam


[Sun Aug 18 20:33:58 2024]
Job 30: WT_REP2_control: Running Samtools to mark duplicate reads
Reason: Missing output files: results/align/bam_markup/WT_REP2_control/WT_REP2_control.markdup.sorted.bam.stats; Input files updated by another job: results/align/bam_markup/WT_REP2_control/WT_REP2_control.markdup.sorted.bam

Completion of job ['samtools_process'] reported to scheduler.
jobs registered as running before removal {align_paired, samtools_process, samtools_markdup_processing}
[Sun Aug 18 20:33:58 2024]
Finished job 21.
24 of 39 steps (62%) done
Resources before job selection: {'_cores': 11, '_nodes': 9223372036854775805}
Completion of job ['samtools_markdup_processing'] reported to scheduler.
Ready jobs (3)
Select jobs to execute...
Selected jobs (1)
Resources after job selection: {'_cores': 3, '_nodes': 9223372036854775804}
Execute 1 jobs...

[Sun Aug 18 20:33:58 2024]
Job 20: RAP1_REP1_treatment: Sorting and indexing alignments
Reason: Missing output files: results/align/bam_original/RAP1_REP1_treatment/RAP1_REP1_treatment.sorted.bam.stats, results/align/bam_original/RAP1_REP1_treatment/RAP1_REP1_treatment.sorted.bam; Input files updated by another job: results/align/bam_original/RAP1_REP1_treatment/RAP1_REP1_treatment.Aligned.out.bam

jobs registered as running before removal {align_paired, samtools_process, samtools_markdup_processing}
[Sun Aug 18 20:33:58 2024]
Finished job 30.
25 of 39 steps (64%) done
Resources before job selection: {'_cores': 4, '_nodes': 9223372036854775805}
Ready jobs (2)
Select jobs to execute...
Selected jobs (0)
Resources after job selection: {'_cores': 4, '_nodes': 9223372036854775805}
Completion of job ['samtools_process'] reported to scheduler.
jobs registered as running before removal {align_paired, samtools_process}
[Sun Aug 18 20:33:58 2024]
Finished job 20.
26 of 39 steps (67%) done
Resources before job selection: {'_cores': 12, '_nodes': 9223372036854775806}
Ready jobs (3)
Selected jobs (1)
Resources after job selection: {'_cores': 0, '_nodes': 9223372036854775805}
Execute 1 jobs...

[Sun Aug 18 20:33:58 2024]
Job 27: RAP1_REP2_treatment: Marking duplicate reads
Reason: Missing output files: results/align/bam_markup/RAP1_REP2_treatment/RAP1_REP2_treatment.markdup.sorted.bam; Input files updated by another job: results/align/bam_original/RAP1_REP2_treatment/RAP1_REP2_treatment.sorted.bam

Completion of job ['picard_mark_duplicates'] reported to scheduler.
jobs registered as running before removal {align_paired, picard_mark_duplicates}
[Sun Aug 18 20:33:59 2024]
Finished job 27.
27 of 39 steps (69%) done
Resources before job selection: {'_cores': 12, '_nodes': 9223372036854775806}
Ready jobs (4)
Select jobs to execute...
Selected jobs (1)
Resources after job selection: {'_cores': 0, '_nodes': 9223372036854775805}
Execute 1 jobs...

[Sun Aug 18 20:33:59 2024]
Job 26: RAP1_REP1_treatment: Marking duplicate reads
Reason: Missing output files: results/align/bam_markup/RAP1_REP1_treatment/RAP1_REP1_treatment.markdup.sorted.bam; Input files updated by another job: results/align/bam_original/RAP1_REP1_treatment/RAP1_REP1_treatment.sorted.bam

Completion of job ['picard_mark_duplicates'] reported to scheduler.
jobs registered as running before removal {align_paired, picard_mark_duplicates}
[Sun Aug 18 20:34:00 2024]
Finished job 26.
28 of 39 steps (72%) done
Resources before job selection: {'_cores': 12, '_nodes': 9223372036854775806}
Ready jobs (5)
Select jobs to execute...
Selected jobs (2)
Resources after job selection: {'_cores': 0, '_nodes': 9223372036854775804}
Execute 2 jobs...

[Sun Aug 18 20:34:00 2024]
Job 36: WT_REP2_control: Running Stringtie to assemble and quantify transcripts
Reason: Missing output files: results/stringtie/WT_REP2_control/WT_REP2_control.transcripts.gtf; Input files updated by another job: results/align/bam_markup/WT_REP2_control/WT_REP2_control.markdup.sorted.bam, resources/annotation.filtered.gtf


[Sun Aug 18 20:34:00 2024]
Job 38: RAP1_REP1_treatment: Running Stringtie to assemble and quantify transcripts
Reason: Missing output files: results/stringtie/RAP1_REP1_treatment/RAP1_REP1_treatment.transcripts.gtf; Input files updated by another job: results/align/bam_markup/RAP1_REP1_treatment/RAP1_REP1_treatment.markdup.sorted.bam, resources/annotation.filtered.gtf

Completion of job ['stringtie'] reported to scheduler.
jobs registered as running before removal {align_paired, stringtie, stringtie}
[Sun Aug 18 20:34:00 2024]
Finished job 38.
29 of 39 steps (74%) done
Resources before job selection: {'_cores': 6, '_nodes': 9223372036854775805}
Ready jobs (3)
Select jobs to execute...
Selected jobs (1)
Resources after job selection: {'_cores': 0, '_nodes': 9223372036854775804}
Execute 1 jobs...

[Sun Aug 18 20:34:00 2024]
Job 39: RAP1_REP2_treatment: Running Stringtie to assemble and quantify transcripts
Reason: Missing output files: results/stringtie/RAP1_REP2_treatment/RAP1_REP2_treatment.transcripts.gtf; Input files updated by another job: results/align/bam_markup/RAP1_REP2_treatment/RAP1_REP2_treatment.markdup.sorted.bam, resources/annotation.filtered.gtf

Completion of job ['stringtie'] reported to scheduler.
jobs registered as running before removal {align_paired, stringtie, stringtie}
[Sun Aug 18 20:34:00 2024]
Finished job 36.
30 of 39 steps (77%) done
Resources before job selection: {'_cores': 6, '_nodes': 9223372036854775805}
Ready jobs (2)
Select jobs to execute...
Selected jobs (2)
Resources after job selection: {'_cores': 4, '_nodes': 9223372036854775803}
Execute 2 jobs...

[Sun Aug 18 20:34:00 2024]
Job 32: RAP1_REP1_treatment: Running Samtools to mark duplicate reads
Reason: Missing output files: results/align/bam_markup/RAP1_REP1_treatment/RAP1_REP1_treatment.markdup.sorted.bam.stats; Input files updated by another job: results/align/bam_markup/RAP1_REP1_treatment/RAP1_REP1_treatment.markdup.sorted.bam


[Sun Aug 18 20:34:00 2024]
Job 33: RAP1_REP2_treatment: Running Samtools to mark duplicate reads
Reason: Missing output files: results/align/bam_markup/RAP1_REP2_treatment/RAP1_REP2_treatment.markdup.sorted.bam.stats; Input files updated by another job: results/align/bam_markup/RAP1_REP2_treatment/RAP1_REP2_treatment.markdup.sorted.bam

Completion of job ['stringtie'] reported to scheduler.
jobs registered as running before removal {align_paired, stringtie, samtools_markdup_processing, samtools_markdup_processing}
[Sun Aug 18 20:34:00 2024]
Finished job 39.
31 of 39 steps (79%) done
Completion of job ['samtools_markdup_processing'] reported to scheduler.
jobs registered as running before removal {align_paired, samtools_markdup_processing, samtools_markdup_processing}
[Sun Aug 18 20:34:00 2024]
Finished job 32.
32 of 39 steps (82%) done
Completion of job ['samtools_markdup_processing'] reported to scheduler.
jobs registered as running before removal {align_paired, samtools_markdup_processing}
[Sun Aug 18 20:34:00 2024]
Finished job 33.
33 of 39 steps (85%) done
Completion of job ['align_paired'] reported to scheduler.
jobs registered as running before removal {align_paired}
[Sun Aug 18 20:34:27 2024]
Finished job 1.
34 of 39 steps (87%) done
Resources before job selection: {'_cores': 24, '_nodes': 9223372036854775807}
Ready jobs (1)
Select jobs to execute...
Using greedy selector because only single job has to be scheduled.
Selected jobs (1)
Resources after job selection: {'_cores': 16, '_nodes': 9223372036854775806}
Execute 1 jobs...

[Sun Aug 18 20:34:27 2024]
Job 17: WT_REP1_control: Sorting and indexing alignments
Reason: Missing output files: results/align/bam_original/WT_REP1_control/WT_REP1_control.sorted.bam, results/align/bam_original/WT_REP1_control/WT_REP1_control.sorted.bam.stats; Input files updated by another job: results/align/bam_original/WT_REP1_control/WT_REP1_control.Aligned.out.bam

Completion of job ['samtools_process'] reported to scheduler.
jobs registered as running before removal {samtools_process}
[Sun Aug 18 20:34:27 2024]
Finished job 17.
35 of 39 steps (90%) done
Resources before job selection: {'_cores': 24, '_nodes': 9223372036854775807}
Ready jobs (1)
Select jobs to execute...
Using greedy selector because only single job has to be scheduled.
Selected jobs (1)
Resources after job selection: {'_cores': 12, '_nodes': 9223372036854775806}
Execute 1 jobs...

[Sun Aug 18 20:34:27 2024]
Job 23: WT_REP1_control: Marking duplicate reads
Reason: Missing output files: results/align/bam_markup/WT_REP1_control/WT_REP1_control.markdup.sorted.bam; Input files updated by another job: results/align/bam_original/WT_REP1_control/WT_REP1_control.sorted.bam

Completion of job ['picard_mark_duplicates'] reported to scheduler.
jobs registered as running before removal {picard_mark_duplicates}
[Sun Aug 18 20:34:28 2024]
Finished job 23.
36 of 39 steps (92%) done
Resources before job selection: {'_cores': 24, '_nodes': 9223372036854775807}
Ready jobs (2)
Select jobs to execute...
Selected jobs (2)
Resources after job selection: {'_cores': 17, '_nodes': 9223372036854775805}
Execute 2 jobs...

[Sun Aug 18 20:34:28 2024]
Job 29: WT_REP1_control: Running Samtools to mark duplicate reads
Reason: Missing output files: results/align/bam_markup/WT_REP1_control/WT_REP1_control.markdup.sorted.bam.stats; Input files updated by another job: results/align/bam_markup/WT_REP1_control/WT_REP1_control.markdup.sorted.bam


[Sun Aug 18 20:34:28 2024]
Job 35: WT_REP1_control: Running Stringtie to assemble and quantify transcripts
Reason: Missing output files: results/stringtie/WT_REP1_control/WT_REP1_control.transcripts.gtf; Input files updated by another job: results/align/bam_markup/WT_REP1_control/WT_REP1_control.markdup.sorted.bam, resources/annotation.filtered.gtf

Completion of job ['samtools_markdup_processing'] reported to scheduler.
jobs registered as running before removal {samtools_markdup_processing, stringtie}
[Sun Aug 18 20:34:28 2024]
Finished job 29.
37 of 39 steps (95%) done
Completion of job ['stringtie'] reported to scheduler.
jobs registered as running before removal {stringtie}
[Sun Aug 18 20:34:28 2024]
Finished job 35.
38 of 39 steps (97%) done
Resources before job selection: {'_cores': 24, '_nodes': 9223372036854775807}
Ready jobs (1)
Select jobs to execute...
Using greedy selector because only single job has to be scheduled.
Selected jobs (1)
Resources after job selection: {'_cores': 23, '_nodes': 9223372036854775806}
Execute 1 jobs...

[Sun Aug 18 20:34:28 2024]
localrule all:
    input: results/align/bam_original/WT_REP1_control/WT_REP1_control.Aligned.out.bam, results/align/bam_original/WT_REP2_control/WT_REP2_control.Aligned.out.bam, results/align/bam_original/WT_REP3_control/WT_REP3_control.Aligned.out.bam, results/align/bam_original/RAP1_REP1_treatment/RAP1_REP1_treatment.Aligned.out.bam, results/align/bam_original/RAP1_REP2_treatment/RAP1_REP2_treatment.Aligned.out.bam, results/align/bam_original/RAP1_REP3_treatment/RAP1_REP3_treatment.Aligned.out.bam, results/align/bam_original/WT_REP1_control/WT_REP1_control.Aligned.toTranscriptome.out.bam, results/align/bam_original/WT_REP2_control/WT_REP2_control.Aligned.toTranscriptome.out.bam, results/align/bam_original/WT_REP3_control/WT_REP3_control.Aligned.toTranscriptome.out.bam, results/align/bam_original/RAP1_REP1_treatment/RAP1_REP1_treatment.Aligned.toTranscriptome.out.bam, results/align/bam_original/RAP1_REP2_treatment/RAP1_REP2_treatment.Aligned.toTranscriptome.out.bam, results/align/bam_original/RAP1_REP3_treatment/RAP1_REP3_treatment.Aligned.toTranscriptome.out.bam, results/align/bam_original/WT_REP1_control/WT_REP1_control.sorted.bam.stats, results/align/bam_original/WT_REP2_control/WT_REP2_control.sorted.bam.stats, results/align/bam_original/WT_REP3_control/WT_REP3_control.sorted.bam.stats, results/align/bam_original/RAP1_REP1_treatment/RAP1_REP1_treatment.sorted.bam.stats, results/align/bam_original/RAP1_REP2_treatment/RAP1_REP2_treatment.sorted.bam.stats, results/align/bam_original/RAP1_REP3_treatment/RAP1_REP3_treatment.sorted.bam.stats, results/align/bam_markup/WT_REP1_control/WT_REP1_control.markdup.sorted.bam, results/align/bam_markup/WT_REP2_control/WT_REP2_control.markdup.sorted.bam, results/align/bam_markup/WT_REP3_control/WT_REP3_control.markdup.sorted.bam, results/align/bam_markup/RAP1_REP1_treatment/RAP1_REP1_treatment.markdup.sorted.bam, results/align/bam_markup/RAP1_REP2_treatment/RAP1_REP2_treatment.markdup.sorted.bam, results/align/bam_markup/RAP1_REP3_treatment/RAP1_REP3_treatment.markdup.sorted.bam, results/align/bam_markup/WT_REP1_control/WT_REP1_control.markdup.sorted.bam.stats, results/align/bam_markup/WT_REP2_control/WT_REP2_control.markdup.sorted.bam.stats, results/align/bam_markup/WT_REP3_control/WT_REP3_control.markdup.sorted.bam.stats, results/align/bam_markup/RAP1_REP1_treatment/RAP1_REP1_treatment.markdup.sorted.bam.stats, results/align/bam_markup/RAP1_REP2_treatment/RAP1_REP2_treatment.markdup.sorted.bam.stats, results/align/bam_markup/RAP1_REP3_treatment/RAP1_REP3_treatment.markdup.sorted.bam.stats, results/stringtie/WT_REP1_control/WT_REP1_control.transcripts.gtf, results/stringtie/WT_REP2_control/WT_REP2_control.transcripts.gtf, results/stringtie/WT_REP3_control/WT_REP3_control.transcripts.gtf, results/stringtie/RAP1_REP1_treatment/RAP1_REP1_treatment.transcripts.gtf, results/stringtie/RAP1_REP2_treatment/RAP1_REP2_treatment.transcripts.gtf, results/stringtie/RAP1_REP3_treatment/RAP1_REP3_treatment.transcripts.gtf
    jobid: 0
    reason: Input files updated by another job: results/align/bam_original/RAP1_REP1_treatment/RAP1_REP1_treatment.Aligned.out.bam, results/align/bam_original/RAP1_REP2_treatment/RAP1_REP2_treatment.sorted.bam.stats, results/align/bam_original/RAP1_REP1_treatment/RAP1_REP1_treatment.Aligned.toTranscriptome.out.bam, results/align/bam_original/WT_REP3_control/WT_REP3_control.Aligned.toTranscriptome.out.bam, results/align/bam_original/RAP1_REP3_treatment/RAP1_REP3_treatment.Aligned.out.bam, results/stringtie/RAP1_REP3_treatment/RAP1_REP3_treatment.transcripts.gtf, results/align/bam_markup/RAP1_REP2_treatment/RAP1_REP2_treatment.markdup.sorted.bam.stats, results/align/bam_markup/RAP1_REP2_treatment/RAP1_REP2_treatment.markdup.sorted.bam, results/align/bam_original/WT_REP3_control/WT_REP3_control.Aligned.out.bam, results/align/bam_original/RAP1_REP2_treatment/RAP1_REP2_treatment.Aligned.toTranscriptome.out.bam, results/align/bam_markup/WT_REP1_control/WT_REP1_control.markdup.sorted.bam, results/align/bam_original/RAP1_REP1_treatment/RAP1_REP1_treatment.sorted.bam.stats, results/align/bam_original/WT_REP2_control/WT_REP2_control.sorted.bam.stats, results/align/bam_original/WT_REP1_control/WT_REP1_control.sorted.bam.stats, results/align/bam_markup/RAP1_REP1_treatment/RAP1_REP1_treatment.markdup.sorted.bam, results/align/bam_markup/RAP1_REP3_treatment/RAP1_REP3_treatment.markdup.sorted.bam, results/align/bam_original/RAP1_REP3_treatment/RAP1_REP3_treatment.Aligned.toTranscriptome.out.bam, results/align/bam_markup/WT_REP2_control/WT_REP2_control.markdup.sorted.bam, results/align/bam_original/RAP1_REP2_treatment/RAP1_REP2_treatment.Aligned.out.bam, results/align/bam_original/WT_REP3_control/WT_REP3_control.sorted.bam.stats, results/align/bam_markup/WT_REP2_control/WT_REP2_control.markdup.sorted.bam.stats, results/align/bam_markup/RAP1_REP3_treatment/RAP1_REP3_treatment.markdup.sorted.bam.stats, results/align/bam_original/RAP1_REP3_treatment/RAP1_REP3_treatment.sorted.bam.stats, results/stringtie/WT_REP1_control/WT_REP1_control.transcripts.gtf, results/stringtie/WT_REP3_control/WT_REP3_control.transcripts.gtf, results/align/bam_markup/WT_REP1_control/WT_REP1_control.markdup.sorted.bam.stats, results/align/bam_original/WT_REP2_control/WT_REP2_control.Aligned.out.bam, results/align/bam_markup/WT_REP3_control/WT_REP3_control.markdup.sorted.bam, results/align/bam_markup/WT_REP3_control/WT_REP3_control.markdup.sorted.bam.stats, results/align/bam_original/WT_REP1_control/WT_REP1_control.Aligned.toTranscriptome.out.bam, results/align/bam_original/WT_REP2_control/WT_REP2_control.Aligned.toTranscriptome.out.bam, results/stringtie/RAP1_REP2_treatment/RAP1_REP2_treatment.transcripts.gtf, results/align/bam_markup/RAP1_REP1_treatment/RAP1_REP1_treatment.markdup.sorted.bam.stats, results/stringtie/RAP1_REP1_treatment/RAP1_REP1_treatment.transcripts.gtf, results/align/bam_original/WT_REP1_control/WT_REP1_control.Aligned.out.bam, results/stringtie/WT_REP2_control/WT_REP2_control.transcripts.gtf
    resources: tmpdir=/tmp

Completion of job ['all'] reported to scheduler.
jobs registered as running before removal {all}
[Sun Aug 18 20:34:28 2024]
Finished job 0.
39 of 39 steps (100%) done
Complete log: .snakemake/log/2024-08-18T203227.620595.snakemake.log
unlocking
removing lock
removing lock
removed all locks
