Building DAG of jobs...
Full Traceback (most recent call last):
  File "/home/lucianhu/micromamba/envs/rna_snakemake/lib/python3.12/site-packages/snakemake/cli.py", line 2103, in args_to_api
    dag_api.execute_workflow(
  File "/home/lucianhu/micromamba/envs/rna_snakemake/lib/python3.12/site-packages/snakemake/api.py", line 594, in execute_workflow
    workflow.execute(
  File "/home/lucianhu/micromamba/envs/rna_snakemake/lib/python3.12/site-packages/snakemake/workflow.py", line 1081, in execute
    self._build_dag()
  File "/home/lucianhu/micromamba/envs/rna_snakemake/lib/python3.12/site-packages/snakemake/workflow.py", line 1037, in _build_dag
    async_run(self.dag.init())
  File "/home/lucianhu/micromamba/envs/rna_snakemake/lib/python3.12/site-packages/snakemake/common/__init__.py", line 94, in async_run
    return asyncio.run(coroutine)
           ^^^^^^^^^^^^^^^^^^^^^^
  File "/home/lucianhu/micromamba/envs/rna_snakemake/lib/python3.12/asyncio/runners.py", line 194, in run
    return runner.run(main)
           ^^^^^^^^^^^^^^^^
  File "/home/lucianhu/micromamba/envs/rna_snakemake/lib/python3.12/asyncio/runners.py", line 118, in run
    return self._loop.run_until_complete(task)
           ^^^^^^^^^^^^^^^^^^^^^^^^^^^^^^^^^^^
  File "/home/lucianhu/micromamba/envs/rna_snakemake/lib/python3.12/asyncio/base_events.py", line 687, in run_until_complete
    return future.result()
           ^^^^^^^^^^^^^^^
  File "/home/lucianhu/micromamba/envs/rna_snakemake/lib/python3.12/site-packages/snakemake/dag.py", line 179, in init
    job = await self.update([job], progress=progress, create_inventory=True)
          ^^^^^^^^^^^^^^^^^^^^^^^^^^^^^^^^^^^^^^^^^^^^^^^^^^^^^^^^^^^^^^^^^^
  File "/home/lucianhu/micromamba/envs/rna_snakemake/lib/python3.12/site-packages/snakemake/dag.py", line 1013, in update
    raise exceptions[0]
  File "/home/lucianhu/micromamba/envs/rna_snakemake/lib/python3.12/site-packages/snakemake/dag.py", line 970, in update
    await self.update_(
  File "/home/lucianhu/micromamba/envs/rna_snakemake/lib/python3.12/site-packages/snakemake/dag.py", line 1137, in update_
    raise MissingInputException(job, missing_input)
snakemake.exceptions.MissingInputException: Missing input files for rule all:
    affected files:
        results/trimmed/WT_REP2_control
        results/trimmed/WT_REP1_control
        results/trimmed/RAP1_REP2_treatment
        results/trimmed/RAP1_REP3_treatment
        results/trimmed/WT_REP3_control
        results/trimmed/RAP1_REP1_treatment

MissingInputException in rule all in file /home/lucianhu/rna_snakemake/test_ting/Snakefile, line 13:
Missing input files for rule all:
    affected files:
        results/trimmed/WT_REP2_control
        results/trimmed/WT_REP1_control
        results/trimmed/RAP1_REP2_treatment
        results/trimmed/RAP1_REP3_treatment
        results/trimmed/WT_REP3_control
        results/trimmed/RAP1_REP1_treatment
