Building DAG of jobs...
Forcing incomplete files:
	results/align/bam_original/WT_REP2_control/WT_REP2_control.Aligned.out.bam
	results/align/bam_original/WT_REP2_control/WT_REP2_control.Aligned.toTranscriptome.out.bam
shared_storage_local_copies: True
remote_exec: False
Using shell: /usr/bin/bash
Provided cores: 24
Rules claiming more threads will be scaled down.
Conda environments: ignored
Job stats:
job                            count
---------------------------  -------
align_paired                       1
all                                1
picard_mark_duplicates             6
samtools_markdup_processing        6
samtools_process                   6
stringtie                          6
total                             26

Resources before job selection: {'_cores': 24, '_nodes': 9223372036854775807}
Ready jobs (6)
Select jobs to execute...
Selected jobs (3)
Resources after job selection: {'_cores': 0, '_nodes': 9223372036854775804}
Execute 3 jobs...

[Sun Aug 18 19:38:10 2024]
Job 15: WT_REP3_control: Sorting and indexing alignments
Reason: Updated input files: results/align/bam_original/WT_REP3_control/WT_REP3_control.Aligned.out.bam


[Sun Aug 18 19:38:10 2024]
Job 16: RAP1_REP1_treatment: Sorting and indexing alignments
Reason: Updated input files: results/align/bam_original/RAP1_REP1_treatment/RAP1_REP1_treatment.Aligned.out.bam


[Sun Aug 18 19:38:10 2024]
Job 18: RAP1_REP3_treatment: Sorting and indexing alignments
Reason: Missing output files: results/align/bam_original/RAP1_REP3_treatment/RAP1_REP3_treatment.sorted.bam.stats, results/align/bam_original/RAP1_REP3_treatment/RAP1_REP3_treatment.sorted.bam; Updated input files: results/align/bam_original/RAP1_REP3_treatment/RAP1_REP3_treatment.Aligned.out.bam

Full Traceback (most recent call last):
  File "/home/lucianhu/micromamba/envs/rna_snakemake/lib/python3.12/site-packages/snakemake/executors/local.py", line 423, in run_wrapper
    run(
  File "/home/lucianhu/rna_snakemake/test_ting/Snakefile", line 538, in __rule_samtools_process
  File "/home/lucianhu/micromamba/envs/rna_snakemake/lib/python3.12/site-packages/snakemake/shell.py", line 357, in __new__
    raise sp.CalledProcessError(retcode, cmd)
subprocess.CalledProcessError: Command 'set -euo pipefail;  
        # Sorts alignments in BAM file
        samtools sort -@ 8 -m 8G -T tmp -O BAM results/align/bam_original/RAP1_REP1_treatment/RAP1_REP1_treatment.sorted.bam results/align/bam_original/RAP1_REP1_treatment/RAP1_REP1_treatment.Aligned.out.bam &> logs/samtools_process/RAP1_REP1_treatment.samtools_process.log
        
        # Indexes the sorted BAM file
        samtools index -@ 1 results/align/bam_original/RAP1_REP1_treatment/RAP1_REP1_treatment.sorted.bam &>> logs/samtools_process/RAP1_REP1_treatment.samtools_process.log
        
        # Generates statistics for the sorted BAM file
        samtools stats --threads 1 --reference resources/genome.fa results/align/bam_original/RAP1_REP1_treatment/RAP1_REP1_treatment.sorted.bam > results/align/bam_original/RAP1_REP1_treatment/RAP1_REP1_treatment.sorted.bam.stats 
        
        # Counts the number of alignments in the BAM file for each FLAG type
        samtools flagstat --threads 1 results/align/bam_original/RAP1_REP1_treatment/RAP1_REP1_treatment.sorted.bam > results/align/bam_original/RAP1_REP1_treatment/RAP1_REP1_treatment.sorted.bam.flagstat 
        
        # Produces index statistics for the sorted BAM file
        samtools idxstats results/align/bam_original/RAP1_REP1_treatment/RAP1_REP1_treatment.sorted.bam > results/align/bam_original/RAP1_REP1_treatment/RAP1_REP1_treatment.sorted.bam.idxstats' returned non-zero exit status 1.

Full Traceback (most recent call last):
  File "/home/lucianhu/micromamba/envs/rna_snakemake/lib/python3.12/site-packages/snakemake/executors/local.py", line 423, in run_wrapper
    run(
  File "/home/lucianhu/rna_snakemake/test_ting/Snakefile", line 538, in __rule_samtools_process
  File "/home/lucianhu/micromamba/envs/rna_snakemake/lib/python3.12/site-packages/snakemake/shell.py", line 357, in __new__
    raise sp.CalledProcessError(retcode, cmd)
subprocess.CalledProcessError: Command 'set -euo pipefail;  
        # Sorts alignments in BAM file
        samtools sort -@ 8 -m 8G -T tmp -O BAM results/align/bam_original/WT_REP3_control/WT_REP3_control.sorted.bam results/align/bam_original/WT_REP3_control/WT_REP3_control.Aligned.out.bam &> logs/samtools_process/WT_REP3_control.samtools_process.log
        
        # Indexes the sorted BAM file
        samtools index -@ 1 results/align/bam_original/WT_REP3_control/WT_REP3_control.sorted.bam &>> logs/samtools_process/WT_REP3_control.samtools_process.log
        
        # Generates statistics for the sorted BAM file
        samtools stats --threads 1 --reference resources/genome.fa results/align/bam_original/WT_REP3_control/WT_REP3_control.sorted.bam > results/align/bam_original/WT_REP3_control/WT_REP3_control.sorted.bam.stats 
        
        # Counts the number of alignments in the BAM file for each FLAG type
        samtools flagstat --threads 1 results/align/bam_original/WT_REP3_control/WT_REP3_control.sorted.bam > results/align/bam_original/WT_REP3_control/WT_REP3_control.sorted.bam.flagstat 
        
        # Produces index statistics for the sorted BAM file
        samtools idxstats results/align/bam_original/WT_REP3_control/WT_REP3_control.sorted.bam > results/align/bam_original/WT_REP3_control/WT_REP3_control.sorted.bam.idxstats' returned non-zero exit status 1.

Full Traceback (most recent call last):
  File "/home/lucianhu/micromamba/envs/rna_snakemake/lib/python3.12/site-packages/snakemake/executors/local.py", line 423, in run_wrapper
    run(
  File "/home/lucianhu/rna_snakemake/test_ting/Snakefile", line 538, in __rule_samtools_process
  File "/home/lucianhu/micromamba/envs/rna_snakemake/lib/python3.12/site-packages/snakemake/shell.py", line 357, in __new__
    raise sp.CalledProcessError(retcode, cmd)
subprocess.CalledProcessError: Command 'set -euo pipefail;  
        # Sorts alignments in BAM file
        samtools sort -@ 8 -m 8G -T tmp -O BAM results/align/bam_original/RAP1_REP3_treatment/RAP1_REP3_treatment.sorted.bam results/align/bam_original/RAP1_REP3_treatment/RAP1_REP3_treatment.Aligned.out.bam &> logs/samtools_process/RAP1_REP3_treatment.samtools_process.log
        
        # Indexes the sorted BAM file
        samtools index -@ 1 results/align/bam_original/RAP1_REP3_treatment/RAP1_REP3_treatment.sorted.bam &>> logs/samtools_process/RAP1_REP3_treatment.samtools_process.log
        
        # Generates statistics for the sorted BAM file
        samtools stats --threads 1 --reference resources/genome.fa results/align/bam_original/RAP1_REP3_treatment/RAP1_REP3_treatment.sorted.bam > results/align/bam_original/RAP1_REP3_treatment/RAP1_REP3_treatment.sorted.bam.stats 
        
        # Counts the number of alignments in the BAM file for each FLAG type
        samtools flagstat --threads 1 results/align/bam_original/RAP1_REP3_treatment/RAP1_REP3_treatment.sorted.bam > results/align/bam_original/RAP1_REP3_treatment/RAP1_REP3_treatment.sorted.bam.flagstat 
        
        # Produces index statistics for the sorted BAM file
        samtools idxstats results/align/bam_original/RAP1_REP3_treatment/RAP1_REP3_treatment.sorted.bam > results/align/bam_original/RAP1_REP3_treatment/RAP1_REP3_treatment.sorted.bam.idxstats' returned non-zero exit status 1.

Full Traceback (most recent call last):
  File "/home/lucianhu/micromamba/envs/rna_snakemake/lib/python3.12/site-packages/snakemake/executors/local.py", line 423, in run_wrapper
    run(
  File "/home/lucianhu/rna_snakemake/test_ting/Snakefile", line 538, in __rule_samtools_process
  File "/home/lucianhu/micromamba/envs/rna_snakemake/lib/python3.12/site-packages/snakemake/shell.py", line 357, in __new__
    raise sp.CalledProcessError(retcode, cmd)
subprocess.CalledProcessError: Command 'set -euo pipefail;  
        # Sorts alignments in BAM file
        samtools sort -@ 8 -m 8G -T tmp -O BAM results/align/bam_original/RAP1_REP1_treatment/RAP1_REP1_treatment.sorted.bam results/align/bam_original/RAP1_REP1_treatment/RAP1_REP1_treatment.Aligned.out.bam &> logs/samtools_process/RAP1_REP1_treatment.samtools_process.log
        
        # Indexes the sorted BAM file
        samtools index -@ 1 results/align/bam_original/RAP1_REP1_treatment/RAP1_REP1_treatment.sorted.bam &>> logs/samtools_process/RAP1_REP1_treatment.samtools_process.log
        
        # Generates statistics for the sorted BAM file
        samtools stats --threads 1 --reference resources/genome.fa results/align/bam_original/RAP1_REP1_treatment/RAP1_REP1_treatment.sorted.bam > results/align/bam_original/RAP1_REP1_treatment/RAP1_REP1_treatment.sorted.bam.stats 
        
        # Counts the number of alignments in the BAM file for each FLAG type
        samtools flagstat --threads 1 results/align/bam_original/RAP1_REP1_treatment/RAP1_REP1_treatment.sorted.bam > results/align/bam_original/RAP1_REP1_treatment/RAP1_REP1_treatment.sorted.bam.flagstat 
        
        # Produces index statistics for the sorted BAM file
        samtools idxstats results/align/bam_original/RAP1_REP1_treatment/RAP1_REP1_treatment.sorted.bam > results/align/bam_original/RAP1_REP1_treatment/RAP1_REP1_treatment.sorted.bam.idxstats' returned non-zero exit status 1.

During handling of the above exception, another exception occurred:

Traceback (most recent call last):
  File "/home/lucianhu/micromamba/envs/rna_snakemake/lib/python3.12/site-packages/snakemake/executors/local.py", line 261, in _callback
    raise ex
  File "/home/lucianhu/micromamba/envs/rna_snakemake/lib/python3.12/concurrent/futures/thread.py", line 58, in run
    result = self.fn(*self.args, **self.kwargs)
             ^^^^^^^^^^^^^^^^^^^^^^^^^^^^^^^^^^
  File "/home/lucianhu/micromamba/envs/rna_snakemake/lib/python3.12/site-packages/snakemake/executors/local.py", line 247, in cached_or_run
    run_func(*args)
  File "/home/lucianhu/micromamba/envs/rna_snakemake/lib/python3.12/site-packages/snakemake/executors/local.py", line 459, in run_wrapper
    raise RuleException(
snakemake.exceptions.RuleException: CalledProcessError in file /home/lucianhu/rna_snakemake/test_ting/Snakefile, line 281:
Command 'set -euo pipefail;  
        # Sorts alignments in BAM file
        samtools sort -@ 8 -m 8G -T tmp -O BAM results/align/bam_original/RAP1_REP1_treatment/RAP1_REP1_treatment.sorted.bam results/align/bam_original/RAP1_REP1_treatment/RAP1_REP1_treatment.Aligned.out.bam &> logs/samtools_process/RAP1_REP1_treatment.samtools_process.log
        
        # Indexes the sorted BAM file
        samtools index -@ 1 results/align/bam_original/RAP1_REP1_treatment/RAP1_REP1_treatment.sorted.bam &>> logs/samtools_process/RAP1_REP1_treatment.samtools_process.log
        
        # Generates statistics for the sorted BAM file
        samtools stats --threads 1 --reference resources/genome.fa results/align/bam_original/RAP1_REP1_treatment/RAP1_REP1_treatment.sorted.bam > results/align/bam_original/RAP1_REP1_treatment/RAP1_REP1_treatment.sorted.bam.stats 
        
        # Counts the number of alignments in the BAM file for each FLAG type
        samtools flagstat --threads 1 results/align/bam_original/RAP1_REP1_treatment/RAP1_REP1_treatment.sorted.bam > results/align/bam_original/RAP1_REP1_treatment/RAP1_REP1_treatment.sorted.bam.flagstat 
        
        # Produces index statistics for the sorted BAM file
        samtools idxstats results/align/bam_original/RAP1_REP1_treatment/RAP1_REP1_treatment.sorted.bam > results/align/bam_original/RAP1_REP1_treatment/RAP1_REP1_treatment.sorted.bam.idxstats' returned non-zero exit status 1.

Full Traceback (most recent call last):
  File "/home/lucianhu/micromamba/envs/rna_snakemake/lib/python3.12/site-packages/snakemake/executors/local.py", line 423, in run_wrapper
    run(
  File "/home/lucianhu/rna_snakemake/test_ting/Snakefile", line 538, in __rule_samtools_process
  File "/home/lucianhu/micromamba/envs/rna_snakemake/lib/python3.12/site-packages/snakemake/shell.py", line 357, in __new__
    raise sp.CalledProcessError(retcode, cmd)
subprocess.CalledProcessError: Command 'set -euo pipefail;  
        # Sorts alignments in BAM file
        samtools sort -@ 8 -m 8G -T tmp -O BAM results/align/bam_original/RAP1_REP3_treatment/RAP1_REP3_treatment.sorted.bam results/align/bam_original/RAP1_REP3_treatment/RAP1_REP3_treatment.Aligned.out.bam &> logs/samtools_process/RAP1_REP3_treatment.samtools_process.log
        
        # Indexes the sorted BAM file
        samtools index -@ 1 results/align/bam_original/RAP1_REP3_treatment/RAP1_REP3_treatment.sorted.bam &>> logs/samtools_process/RAP1_REP3_treatment.samtools_process.log
        
        # Generates statistics for the sorted BAM file
        samtools stats --threads 1 --reference resources/genome.fa results/align/bam_original/RAP1_REP3_treatment/RAP1_REP3_treatment.sorted.bam > results/align/bam_original/RAP1_REP3_treatment/RAP1_REP3_treatment.sorted.bam.stats 
        
        # Counts the number of alignments in the BAM file for each FLAG type
        samtools flagstat --threads 1 results/align/bam_original/RAP1_REP3_treatment/RAP1_REP3_treatment.sorted.bam > results/align/bam_original/RAP1_REP3_treatment/RAP1_REP3_treatment.sorted.bam.flagstat 
        
        # Produces index statistics for the sorted BAM file
        samtools idxstats results/align/bam_original/RAP1_REP3_treatment/RAP1_REP3_treatment.sorted.bam > results/align/bam_original/RAP1_REP3_treatment/RAP1_REP3_treatment.sorted.bam.idxstats' returned non-zero exit status 1.

During handling of the above exception, another exception occurred:

Traceback (most recent call last):
  File "/home/lucianhu/micromamba/envs/rna_snakemake/lib/python3.12/site-packages/snakemake/executors/local.py", line 261, in _callback
    raise ex
  File "/home/lucianhu/micromamba/envs/rna_snakemake/lib/python3.12/concurrent/futures/thread.py", line 58, in run
    result = self.fn(*self.args, **self.kwargs)
             ^^^^^^^^^^^^^^^^^^^^^^^^^^^^^^^^^^
  File "/home/lucianhu/micromamba/envs/rna_snakemake/lib/python3.12/site-packages/snakemake/executors/local.py", line 247, in cached_or_run
    run_func(*args)
  File "/home/lucianhu/micromamba/envs/rna_snakemake/lib/python3.12/site-packages/snakemake/executors/local.py", line 459, in run_wrapper
    raise RuleException(
snakemake.exceptions.RuleException: CalledProcessError in file /home/lucianhu/rna_snakemake/test_ting/Snakefile, line 281:
Command 'set -euo pipefail;  
        # Sorts alignments in BAM file
        samtools sort -@ 8 -m 8G -T tmp -O BAM results/align/bam_original/RAP1_REP3_treatment/RAP1_REP3_treatment.sorted.bam results/align/bam_original/RAP1_REP3_treatment/RAP1_REP3_treatment.Aligned.out.bam &> logs/samtools_process/RAP1_REP3_treatment.samtools_process.log
        
        # Indexes the sorted BAM file
        samtools index -@ 1 results/align/bam_original/RAP1_REP3_treatment/RAP1_REP3_treatment.sorted.bam &>> logs/samtools_process/RAP1_REP3_treatment.samtools_process.log
        
        # Generates statistics for the sorted BAM file
        samtools stats --threads 1 --reference resources/genome.fa results/align/bam_original/RAP1_REP3_treatment/RAP1_REP3_treatment.sorted.bam > results/align/bam_original/RAP1_REP3_treatment/RAP1_REP3_treatment.sorted.bam.stats 
        
        # Counts the number of alignments in the BAM file for each FLAG type
        samtools flagstat --threads 1 results/align/bam_original/RAP1_REP3_treatment/RAP1_REP3_treatment.sorted.bam > results/align/bam_original/RAP1_REP3_treatment/RAP1_REP3_treatment.sorted.bam.flagstat 
        
        # Produces index statistics for the sorted BAM file
        samtools idxstats results/align/bam_original/RAP1_REP3_treatment/RAP1_REP3_treatment.sorted.bam > results/align/bam_original/RAP1_REP3_treatment/RAP1_REP3_treatment.sorted.bam.idxstats' returned non-zero exit status 1.

Full Traceback (most recent call last):
  File "/home/lucianhu/micromamba/envs/rna_snakemake/lib/python3.12/site-packages/snakemake/executors/local.py", line 423, in run_wrapper
    run(
  File "/home/lucianhu/rna_snakemake/test_ting/Snakefile", line 538, in __rule_samtools_process
  File "/home/lucianhu/micromamba/envs/rna_snakemake/lib/python3.12/site-packages/snakemake/shell.py", line 357, in __new__
    raise sp.CalledProcessError(retcode, cmd)
subprocess.CalledProcessError: Command 'set -euo pipefail;  
        # Sorts alignments in BAM file
        samtools sort -@ 8 -m 8G -T tmp -O BAM results/align/bam_original/WT_REP3_control/WT_REP3_control.sorted.bam results/align/bam_original/WT_REP3_control/WT_REP3_control.Aligned.out.bam &> logs/samtools_process/WT_REP3_control.samtools_process.log
        
        # Indexes the sorted BAM file
        samtools index -@ 1 results/align/bam_original/WT_REP3_control/WT_REP3_control.sorted.bam &>> logs/samtools_process/WT_REP3_control.samtools_process.log
        
        # Generates statistics for the sorted BAM file
        samtools stats --threads 1 --reference resources/genome.fa results/align/bam_original/WT_REP3_control/WT_REP3_control.sorted.bam > results/align/bam_original/WT_REP3_control/WT_REP3_control.sorted.bam.stats 
        
        # Counts the number of alignments in the BAM file for each FLAG type
        samtools flagstat --threads 1 results/align/bam_original/WT_REP3_control/WT_REP3_control.sorted.bam > results/align/bam_original/WT_REP3_control/WT_REP3_control.sorted.bam.flagstat 
        
        # Produces index statistics for the sorted BAM file
        samtools idxstats results/align/bam_original/WT_REP3_control/WT_REP3_control.sorted.bam > results/align/bam_original/WT_REP3_control/WT_REP3_control.sorted.bam.idxstats' returned non-zero exit status 1.

During handling of the above exception, another exception occurred:

Traceback (most recent call last):
  File "/home/lucianhu/micromamba/envs/rna_snakemake/lib/python3.12/site-packages/snakemake/executors/local.py", line 261, in _callback
    raise ex
  File "/home/lucianhu/micromamba/envs/rna_snakemake/lib/python3.12/concurrent/futures/thread.py", line 58, in run
    result = self.fn(*self.args, **self.kwargs)
             ^^^^^^^^^^^^^^^^^^^^^^^^^^^^^^^^^^
  File "/home/lucianhu/micromamba/envs/rna_snakemake/lib/python3.12/site-packages/snakemake/executors/local.py", line 247, in cached_or_run
    run_func(*args)
  File "/home/lucianhu/micromamba/envs/rna_snakemake/lib/python3.12/site-packages/snakemake/executors/local.py", line 459, in run_wrapper
    raise RuleException(
snakemake.exceptions.RuleException: CalledProcessError in file /home/lucianhu/rna_snakemake/test_ting/Snakefile, line 281:
Command 'set -euo pipefail;  
        # Sorts alignments in BAM file
        samtools sort -@ 8 -m 8G -T tmp -O BAM results/align/bam_original/WT_REP3_control/WT_REP3_control.sorted.bam results/align/bam_original/WT_REP3_control/WT_REP3_control.Aligned.out.bam &> logs/samtools_process/WT_REP3_control.samtools_process.log
        
        # Indexes the sorted BAM file
        samtools index -@ 1 results/align/bam_original/WT_REP3_control/WT_REP3_control.sorted.bam &>> logs/samtools_process/WT_REP3_control.samtools_process.log
        
        # Generates statistics for the sorted BAM file
        samtools stats --threads 1 --reference resources/genome.fa results/align/bam_original/WT_REP3_control/WT_REP3_control.sorted.bam > results/align/bam_original/WT_REP3_control/WT_REP3_control.sorted.bam.stats 
        
        # Counts the number of alignments in the BAM file for each FLAG type
        samtools flagstat --threads 1 results/align/bam_original/WT_REP3_control/WT_REP3_control.sorted.bam > results/align/bam_original/WT_REP3_control/WT_REP3_control.sorted.bam.flagstat 
        
        # Produces index statistics for the sorted BAM file
        samtools idxstats results/align/bam_original/WT_REP3_control/WT_REP3_control.sorted.bam > results/align/bam_original/WT_REP3_control/WT_REP3_control.sorted.bam.idxstats' returned non-zero exit status 1.

RuleException:
CalledProcessError in file /home/lucianhu/rna_snakemake/test_ting/Snakefile, line 281:
Command 'set -euo pipefail;  
        # Sorts alignments in BAM file
        samtools sort -@ 8 -m 8G -T tmp -O BAM results/align/bam_original/WT_REP3_control/WT_REP3_control.sorted.bam results/align/bam_original/WT_REP3_control/WT_REP3_control.Aligned.out.bam &> logs/samtools_process/WT_REP3_control.samtools_process.log
        
        # Indexes the sorted BAM file
        samtools index -@ 1 results/align/bam_original/WT_REP3_control/WT_REP3_control.sorted.bam &>> logs/samtools_process/WT_REP3_control.samtools_process.log
        
        # Generates statistics for the sorted BAM file
        samtools stats --threads 1 --reference resources/genome.fa results/align/bam_original/WT_REP3_control/WT_REP3_control.sorted.bam > results/align/bam_original/WT_REP3_control/WT_REP3_control.sorted.bam.stats 
        
        # Counts the number of alignments in the BAM file for each FLAG type
        samtools flagstat --threads 1 results/align/bam_original/WT_REP3_control/WT_REP3_control.sorted.bam > results/align/bam_original/WT_REP3_control/WT_REP3_control.sorted.bam.flagstat 
        
        # Produces index statistics for the sorted BAM file
        samtools idxstats results/align/bam_original/WT_REP3_control/WT_REP3_control.sorted.bam > results/align/bam_original/WT_REP3_control/WT_REP3_control.sorted.bam.idxstats' returned non-zero exit status 1.
RuleException:
CalledProcessError in file /home/lucianhu/rna_snakemake/test_ting/Snakefile, line 281:
Command 'set -euo pipefail;  
        # Sorts alignments in BAM file
        samtools sort -@ 8 -m 8G -T tmp -O BAM results/align/bam_original/RAP1_REP1_treatment/RAP1_REP1_treatment.sorted.bam results/align/bam_original/RAP1_REP1_treatment/RAP1_REP1_treatment.Aligned.out.bam &> logs/samtools_process/RAP1_REP1_treatment.samtools_process.log
        
        # Indexes the sorted BAM file
        samtools index -@ 1 results/align/bam_original/RAP1_REP1_treatment/RAP1_REP1_treatment.sorted.bam &>> logs/samtools_process/RAP1_REP1_treatment.samtools_process.log
        
        # Generates statistics for the sorted BAM file
        samtools stats --threads 1 --reference resources/genome.fa results/align/bam_original/RAP1_REP1_treatment/RAP1_REP1_treatment.sorted.bam > results/align/bam_original/RAP1_REP1_treatment/RAP1_REP1_treatment.sorted.bam.stats 
        
        # Counts the number of alignments in the BAM file for each FLAG type
        samtools flagstat --threads 1 results/align/bam_original/RAP1_REP1_treatment/RAP1_REP1_treatment.sorted.bam > results/align/bam_original/RAP1_REP1_treatment/RAP1_REP1_treatment.sorted.bam.flagstat 
        
        # Produces index statistics for the sorted BAM file
        samtools idxstats results/align/bam_original/RAP1_REP1_treatment/RAP1_REP1_treatment.sorted.bam > results/align/bam_original/RAP1_REP1_treatment/RAP1_REP1_treatment.sorted.bam.idxstats' returned non-zero exit status 1.
RuleException:
CalledProcessError in file /home/lucianhu/rna_snakemake/test_ting/Snakefile, line 281:
Command 'set -euo pipefail;  
        # Sorts alignments in BAM file
        samtools sort -@ 8 -m 8G -T tmp -O BAM results/align/bam_original/RAP1_REP3_treatment/RAP1_REP3_treatment.sorted.bam results/align/bam_original/RAP1_REP3_treatment/RAP1_REP3_treatment.Aligned.out.bam &> logs/samtools_process/RAP1_REP3_treatment.samtools_process.log
        
        # Indexes the sorted BAM file
        samtools index -@ 1 results/align/bam_original/RAP1_REP3_treatment/RAP1_REP3_treatment.sorted.bam &>> logs/samtools_process/RAP1_REP3_treatment.samtools_process.log
        
        # Generates statistics for the sorted BAM file
        samtools stats --threads 1 --reference resources/genome.fa results/align/bam_original/RAP1_REP3_treatment/RAP1_REP3_treatment.sorted.bam > results/align/bam_original/RAP1_REP3_treatment/RAP1_REP3_treatment.sorted.bam.stats 
        
        # Counts the number of alignments in the BAM file for each FLAG type
        samtools flagstat --threads 1 results/align/bam_original/RAP1_REP3_treatment/RAP1_REP3_treatment.sorted.bam > results/align/bam_original/RAP1_REP3_treatment/RAP1_REP3_treatment.sorted.bam.flagstat 
        
        # Produces index statistics for the sorted BAM file
        samtools idxstats results/align/bam_original/RAP1_REP3_treatment/RAP1_REP3_treatment.sorted.bam > results/align/bam_original/RAP1_REP3_treatment/RAP1_REP3_treatment.sorted.bam.idxstats' returned non-zero exit status 1.
[Sun Aug 18 19:38:10 2024]
[Sun Aug 18 19:38:10 2024]
Error in rule samtools_process:
    jobid: 15
    input: results/align/bam_original/WT_REP3_control/WT_REP3_control.Aligned.out.bam, resources/genome.fa
    output: results/align/bam_original/WT_REP3_control/WT_REP3_control.sorted.bam, results/align/bam_original/WT_REP3_control/WT_REP3_control.sorted.bam.bai, results/align/bam_original/WT_REP3_control/WT_REP3_control.sorted.bam.stats, results/align/bam_original/WT_REP3_control/WT_REP3_control.sorted.bam.flagstat, results/align/bam_original/WT_REP3_control/WT_REP3_control.sorted.bam.idxstats
    log: logs/samtools_process/WT_REP3_control.samtools_process.log (check log file(s) for error details)
    conda-env: /home/lucianhu/rna_snakemake/test_ting/.snakemake/conda/c5a365d5d556a4e524fb210ba759373f_
    shell:
        
        # Sorts alignments in BAM file
        samtools sort -@ 8 -m 8G -T tmp -O BAM results/align/bam_original/WT_REP3_control/WT_REP3_control.sorted.bam results/align/bam_original/WT_REP3_control/WT_REP3_control.Aligned.out.bam &> logs/samtools_process/WT_REP3_control.samtools_process.log
        
        # Indexes the sorted BAM file
        samtools index -@ 1 results/align/bam_original/WT_REP3_control/WT_REP3_control.sorted.bam &>> logs/samtools_process/WT_REP3_control.samtools_process.log
        
        # Generates statistics for the sorted BAM file
        samtools stats --threads 1 --reference resources/genome.fa results/align/bam_original/WT_REP3_control/WT_REP3_control.sorted.bam > results/align/bam_original/WT_REP3_control/WT_REP3_control.sorted.bam.stats 
        
        # Counts the number of alignments in the BAM file for each FLAG type
        samtools flagstat --threads 1 results/align/bam_original/WT_REP3_control/WT_REP3_control.sorted.bam > results/align/bam_original/WT_REP3_control/WT_REP3_control.sorted.bam.flagstat 
        
        # Produces index statistics for the sorted BAM file
        samtools idxstats results/align/bam_original/WT_REP3_control/WT_REP3_control.sorted.bam > results/align/bam_original/WT_REP3_control/WT_REP3_control.sorted.bam.idxstats 
        
        (one of the commands exited with non-zero exit code; note that snakemake uses bash strict mode!)

Error in rule samtools_process:
    jobid: 16
    input: results/align/bam_original/RAP1_REP1_treatment/RAP1_REP1_treatment.Aligned.out.bam, resources/genome.fa
    output: results/align/bam_original/RAP1_REP1_treatment/RAP1_REP1_treatment.sorted.bam, results/align/bam_original/RAP1_REP1_treatment/RAP1_REP1_treatment.sorted.bam.bai, results/align/bam_original/RAP1_REP1_treatment/RAP1_REP1_treatment.sorted.bam.stats, results/align/bam_original/RAP1_REP1_treatment/RAP1_REP1_treatment.sorted.bam.flagstat, results/align/bam_original/RAP1_REP1_treatment/RAP1_REP1_treatment.sorted.bam.idxstats
    log: logs/samtools_process/RAP1_REP1_treatment.samtools_process.log (check log file(s) for error details)
    conda-env: /home/lucianhu/rna_snakemake/test_ting/.snakemake/conda/c5a365d5d556a4e524fb210ba759373f_
    shell:
        
        # Sorts alignments in BAM file
        samtools sort -@ 8 -m 8G -T tmp -O BAM results/align/bam_original/RAP1_REP1_treatment/RAP1_REP1_treatment.sorted.bam results/align/bam_original/RAP1_REP1_treatment/RAP1_REP1_treatment.Aligned.out.bam &> logs/samtools_process/RAP1_REP1_treatment.samtools_process.log
        
        # Indexes the sorted BAM file
        samtools index -@ 1 results/align/bam_original/RAP1_REP1_treatment/RAP1_REP1_treatment.sorted.bam &>> logs/samtools_process/RAP1_REP1_treatment.samtools_process.log
        
        # Generates statistics for the sorted BAM file
        samtools stats --threads 1 --reference resources/genome.fa results/align/bam_original/RAP1_REP1_treatment/RAP1_REP1_treatment.sorted.bam > results/align/bam_original/RAP1_REP1_treatment/RAP1_REP1_treatment.sorted.bam.stats 
        
        # Counts the number of alignments in the BAM file for each FLAG type
        samtools flagstat --threads 1 results/align/bam_original/RAP1_REP1_treatment/RAP1_REP1_treatment.sorted.bam > results/align/bam_original/RAP1_REP1_treatment/RAP1_REP1_treatment.sorted.bam.flagstat 
        
        # Produces index statistics for the sorted BAM file
        samtools idxstats results/align/bam_original/RAP1_REP1_treatment/RAP1_REP1_treatment.sorted.bam > results/align/bam_original/RAP1_REP1_treatment/RAP1_REP1_treatment.sorted.bam.idxstats 
        
        (one of the commands exited with non-zero exit code; note that snakemake uses bash strict mode!)

[Sun Aug 18 19:38:10 2024]
Error in rule samtools_process:
    jobid: 18
    input: results/align/bam_original/RAP1_REP3_treatment/RAP1_REP3_treatment.Aligned.out.bam, resources/genome.fa
    output: results/align/bam_original/RAP1_REP3_treatment/RAP1_REP3_treatment.sorted.bam, results/align/bam_original/RAP1_REP3_treatment/RAP1_REP3_treatment.sorted.bam.bai, results/align/bam_original/RAP1_REP3_treatment/RAP1_REP3_treatment.sorted.bam.stats, results/align/bam_original/RAP1_REP3_treatment/RAP1_REP3_treatment.sorted.bam.flagstat, results/align/bam_original/RAP1_REP3_treatment/RAP1_REP3_treatment.sorted.bam.idxstats
    log: logs/samtools_process/RAP1_REP3_treatment.samtools_process.log (check log file(s) for error details)
    conda-env: /home/lucianhu/rna_snakemake/test_ting/.snakemake/conda/c5a365d5d556a4e524fb210ba759373f_
    shell:
        
        # Sorts alignments in BAM file
        samtools sort -@ 8 -m 8G -T tmp -O BAM results/align/bam_original/RAP1_REP3_treatment/RAP1_REP3_treatment.sorted.bam results/align/bam_original/RAP1_REP3_treatment/RAP1_REP3_treatment.Aligned.out.bam &> logs/samtools_process/RAP1_REP3_treatment.samtools_process.log
        
        # Indexes the sorted BAM file
        samtools index -@ 1 results/align/bam_original/RAP1_REP3_treatment/RAP1_REP3_treatment.sorted.bam &>> logs/samtools_process/RAP1_REP3_treatment.samtools_process.log
        
        # Generates statistics for the sorted BAM file
        samtools stats --threads 1 --reference resources/genome.fa results/align/bam_original/RAP1_REP3_treatment/RAP1_REP3_treatment.sorted.bam > results/align/bam_original/RAP1_REP3_treatment/RAP1_REP3_treatment.sorted.bam.stats 
        
        # Counts the number of alignments in the BAM file for each FLAG type
        samtools flagstat --threads 1 results/align/bam_original/RAP1_REP3_treatment/RAP1_REP3_treatment.sorted.bam > results/align/bam_original/RAP1_REP3_treatment/RAP1_REP3_treatment.sorted.bam.flagstat 
        
        # Produces index statistics for the sorted BAM file
        samtools idxstats results/align/bam_original/RAP1_REP3_treatment/RAP1_REP3_treatment.sorted.bam > results/align/bam_original/RAP1_REP3_treatment/RAP1_REP3_treatment.sorted.bam.idxstats 
        
        (one of the commands exited with non-zero exit code; note that snakemake uses bash strict mode!)

Shutting down, this might take some time.
Exiting because a job execution failed. Look above for error message
Complete log: .snakemake/log/2024-08-18T193810.536791.snakemake.log
unlocking
removing lock
removing lock
removed all locks
Full Traceback (most recent call last):
  File "/home/lucianhu/micromamba/envs/rna_snakemake/lib/python3.12/site-packages/snakemake/cli.py", line 2103, in args_to_api
    dag_api.execute_workflow(
  File "/home/lucianhu/micromamba/envs/rna_snakemake/lib/python3.12/site-packages/snakemake/api.py", line 594, in execute_workflow
    workflow.execute(
  File "/home/lucianhu/micromamba/envs/rna_snakemake/lib/python3.12/site-packages/snakemake/workflow.py", line 1286, in execute
    raise WorkflowError("At least one job did not complete successfully.")
snakemake_interface_common.exceptions.WorkflowError: At least one job did not complete successfully.

WorkflowError:
At least one job did not complete successfully.
