Building DAG of jobs...
shared_storage_local_copies: True
remote_exec: False
Using shell: /usr/bin/bash
Provided cores: 24
Rules claiming more threads will be scaled down.
Conda environments: ignored
Job stats:
job                            count
---------------------------  -------
align_paired                       3
align_single                       3
all                                1
picard_mark_duplicates             6
samtools_markdup_processing        6
samtools_process                   6
trim_galore_paired                 3
trim_galore_single                 3
total                             31

Resources before job selection: {'_cores': 24, '_nodes': 9223372036854775807}
Ready jobs (6)
Select jobs to execute...
Selected jobs (3)
Resources after job selection: {'_cores': 0, '_nodes': 9223372036854775804}
Execute 3 jobs...

[Thu Aug 15 17:29:59 2024]
Job 8: RAP1_REP1_treatment: Trimming and performing quality control on single-end FASTQ files...
Reason: Missing output files: results/trimmed/RAP1_REP1_treatment_trimmed_R1.fq.gz


[Thu Aug 15 17:29:59 2024]
Job 10: RAP1_REP2_treatment: Trimming and performing quality control on single-end FASTQ files...
Reason: Missing output files: results/trimmed/RAP1_REP2_treatment_trimmed_R1.fq.gz


[Thu Aug 15 17:29:59 2024]
Job 12: RAP1_REP3_treatment: Trimming and performing quality control on single-end FASTQ files...
Reason: Missing output files: results/trimmed/RAP1_REP3_treatment_trimmed_R1.fq.gz

Completion of job ['trim_galore_single'] reported to scheduler.
Completion of job ['trim_galore_single'] reported to scheduler.
Completion of job ['trim_galore_single'] reported to scheduler.
jobs registered as running before removal {trim_galore_single, trim_galore_single, trim_galore_single}
[Thu Aug 15 17:30:03 2024]
Finished job 12.
1 of 31 steps (3%) done
jobs registered as running before removal {trim_galore_single, trim_galore_single}
[Thu Aug 15 17:30:03 2024]
Finished job 8.
2 of 31 steps (6%) done
jobs registered as running before removal {trim_galore_single}
[Thu Aug 15 17:30:03 2024]
Finished job 10.
3 of 31 steps (10%) done
Resources before job selection: {'_cores': 24, '_nodes': 9223372036854775807}
Ready jobs (6)
Select jobs to execute...
Selected jobs (2)
Resources after job selection: {'_cores': 0, '_nodes': 9223372036854775805}
Execute 2 jobs...

[Thu Aug 15 17:30:03 2024]
Job 7: RAP1_REP1_treatment: Aligning on single-end FASTQ files ...
Reason: Missing output files: results/align/bam_original/RAP1_REP1_treatment/RAP1_REP1_treatment.Aligned.out.bam; Input files updated by another job: results/trimmed/RAP1_REP1_treatment_trimmed_R1.fq.gz; Set of input files has changed since last execution


[Thu Aug 15 17:30:03 2024]
Job 9: RAP1_REP2_treatment: Aligning on single-end FASTQ files ...
Reason: Missing output files: results/align/bam_original/RAP1_REP2_treatment/RAP1_REP2_treatment.Aligned.out.bam; Input files updated by another job: results/trimmed/RAP1_REP2_treatment_trimmed_R1.fq.gz; Set of input files has changed since last execution

Resources before job selection: {'_cores': 0, '_nodes': 9223372036854775805}
Ready jobs (4)
Select jobs to execute...
Selected jobs (0)
Resources after job selection: {'_cores': 0, '_nodes': 9223372036854775805}
Resources before job selection: {'_cores': 0, '_nodes': 9223372036854775805}
Ready jobs (4)
Selected jobs (0)
Resources after job selection: {'_cores': 0, '_nodes': 9223372036854775805}
Completion of job ['align_single'] reported to scheduler.
jobs registered as running before removal {align_single, align_single}
[Thu Aug 15 17:30:17 2024]
Finished job 9.
4 of 31 steps (13%) done
Resources before job selection: {'_cores': 12, '_nodes': 9223372036854775806}
Ready jobs (5)
Selected jobs (1)
Resources after job selection: {'_cores': 0, '_nodes': 9223372036854775805}
Execute 1 jobs...

[Thu Aug 15 17:30:17 2024]
Job 11: RAP1_REP3_treatment: Aligning on single-end FASTQ files ...
Reason: Missing output files: results/align/bam_original/RAP1_REP3_treatment/RAP1_REP3_treatment.Aligned.out.bam; Input files updated by another job: results/trimmed/RAP1_REP3_treatment_trimmed_R1.fq.gz; Set of input files has changed since last execution

Completion of job ['align_single'] reported to scheduler.
jobs registered as running before removal {align_single, align_single}
[Thu Aug 15 17:30:18 2024]
Finished job 7.
5 of 31 steps (16%) done
Resources before job selection: {'_cores': 12, '_nodes': 9223372036854775806}
Ready jobs (5)
Select jobs to execute...
Selected jobs (2)
Resources after job selection: {'_cores': 0, '_nodes': 9223372036854775804}
Execute 2 jobs...

[Thu Aug 15 17:30:18 2024]
Job 17: RAP1_REP2_treatment: Sorting and indexing alignments
Reason: Missing output files: results/align/bam_original/RAP1_REP2_treatment/RAP1_REP2_treatment.sorted.bam, results/align/bam_original/RAP1_REP2_treatment/RAP1_REP2_treatment.sorted.bam.stats; Input files updated by another job: results/align/bam_original/RAP1_REP2_treatment/RAP1_REP2_treatment.Aligned.out.bam


[Thu Aug 15 17:30:18 2024]
Job 16: RAP1_REP1_treatment: Sorting and indexing alignments
Reason: Missing output files: results/align/bam_original/RAP1_REP1_treatment/RAP1_REP1_treatment.sorted.bam, results/align/bam_original/RAP1_REP1_treatment/RAP1_REP1_treatment.sorted.bam.stats; Input files updated by another job: results/align/bam_original/RAP1_REP1_treatment/RAP1_REP1_treatment.Aligned.out.bam

Completion of job ['samtools_process'] reported to scheduler.
jobs registered as running before removal {samtools_process, samtools_process, align_single}
[Thu Aug 15 17:30:18 2024]
Finished job 16.
6 of 31 steps (19%) done
Resources before job selection: {'_cores': 6, '_nodes': 9223372036854775805}
Ready jobs (4)
Select jobs to execute...
Completion of job ['samtools_process'] reported to scheduler.
Selected jobs (1)
Resources after job selection: {'_cores': 0, '_nodes': 9223372036854775804}
Execute 1 jobs...

[Thu Aug 15 17:30:18 2024]
Job 22: RAP1_REP1_treatment: Marking duplicate reads
Reason: Missing output files: results/align/bam_markup/RAP1_REP1_treatment/RAP1_REP1_treatment.markdup.sorted.bam; Input files updated by another job: results/align/bam_original/RAP1_REP1_treatment/RAP1_REP1_treatment.sorted.bam

jobs registered as running before removal {samtools_process, picard_mark_duplicates, align_single}
[Thu Aug 15 17:30:18 2024]
Finished job 17.
7 of 31 steps (23%) done
Resources before job selection: {'_cores': 6, '_nodes': 9223372036854775805}
Ready jobs (4)
Select jobs to execute...
Selected jobs (1)
Resources after job selection: {'_cores': 0, '_nodes': 9223372036854775804}
Execute 1 jobs...

[Thu Aug 15 17:30:18 2024]
Job 23: RAP1_REP2_treatment: Marking duplicate reads
Reason: Missing output files: results/align/bam_markup/RAP1_REP2_treatment/RAP1_REP2_treatment.markdup.sorted.bam; Input files updated by another job: results/align/bam_original/RAP1_REP2_treatment/RAP1_REP2_treatment.sorted.bam

Completion of job ['picard_mark_duplicates'] reported to scheduler.
jobs registered as running before removal {picard_mark_duplicates, picard_mark_duplicates, align_single}
[Thu Aug 15 17:30:21 2024]
Finished job 22.
8 of 31 steps (26%) done
Resources before job selection: {'_cores': 6, '_nodes': 9223372036854775805}
Ready jobs (4)
Select jobs to execute...
Selected jobs (1)
Resources after job selection: {'_cores': 0, '_nodes': 9223372036854775804}
Execute 1 jobs...

[Thu Aug 15 17:30:21 2024]
Job 28: RAP1_REP1_treatment: Running Samtools to mark duplicate reads
Reason: Missing output files: results/align/bam_markup/RAP1_REP1_treatment/samtools/RAP1_REP1_treatment.markdup.sorted.bam.stats; Input files updated by another job: results/align/bam_markup/RAP1_REP1_treatment/RAP1_REP1_treatment.markdup.sorted.bam

Completion of job ['picard_mark_duplicates'] reported to scheduler.
jobs registered as running before removal {picard_mark_duplicates, samtools_markdup_processing, align_single}
[Thu Aug 15 17:30:21 2024]
Finished job 23.
9 of 31 steps (29%) done
Resources before job selection: {'_cores': 6, '_nodes': 9223372036854775805}
Ready jobs (4)
Select jobs to execute...
Selected jobs (1)
Resources after job selection: {'_cores': 0, '_nodes': 9223372036854775804}
Execute 1 jobs...

[Thu Aug 15 17:30:21 2024]
Job 29: RAP1_REP2_treatment: Running Samtools to mark duplicate reads
Reason: Missing output files: results/align/bam_markup/RAP1_REP2_treatment/samtools/RAP1_REP2_treatment.markdup.sorted.bam.stats; Input files updated by another job: results/align/bam_markup/RAP1_REP2_treatment/RAP1_REP2_treatment.markdup.sorted.bam

Completion of job ['samtools_markdup_processing'] reported to scheduler.
jobs registered as running before removal {samtools_markdup_processing, samtools_markdup_processing, align_single}
[Thu Aug 15 17:30:21 2024]
Finished job 28.
10 of 31 steps (32%) done
Resources before job selection: {'_cores': 6, '_nodes': 9223372036854775805}
Ready jobs (3)
Select jobs to execute...
Selected jobs (0)
Resources after job selection: {'_cores': 6, '_nodes': 9223372036854775805}
Completion of job ['samtools_markdup_processing'] reported to scheduler.
jobs registered as running before removal {samtools_markdup_processing, align_single}
[Thu Aug 15 17:30:21 2024]
Finished job 29.
11 of 31 steps (35%) done
Resources before job selection: {'_cores': 12, '_nodes': 9223372036854775806}
Ready jobs (3)
Selected jobs (1)
Resources after job selection: {'_cores': 4, '_nodes': 9223372036854775805}
Execute 1 jobs...

[Thu Aug 15 17:30:21 2024]
Job 6: WT_REP3_control: Trimming and performing quality control on paired-end FASTQ files...
Reason: Missing output files: results/trimmed/WT_REP3_control_trimmed_R2.fq.gz, results/trimmed/WT_REP3_control_trimmed_R1.fq.gz

Completion of job ['trim_galore_paired'] reported to scheduler.
jobs registered as running before removal {trim_galore_paired, align_single}
[Thu Aug 15 17:30:25 2024]
Finished job 6.
12 of 31 steps (39%) done
Resources before job selection: {'_cores': 12, '_nodes': 9223372036854775806}
Ready jobs (3)
Select jobs to execute...
Selected jobs (1)
Resources after job selection: {'_cores': 0, '_nodes': 9223372036854775805}
Execute 1 jobs...

[Thu Aug 15 17:30:25 2024]
Job 5: WT_REP3_control: Aligning on paired-end FASTQ files...
Reason: Missing output files: results/align/bam_original/WT_REP3_control/WT_REP3_control.Aligned.out.bam; Input files updated by another job: results/trimmed/WT_REP3_control_trimmed_R2.fq.gz, results/trimmed/WT_REP3_control_trimmed_R1.fq.gz; Set of input files has changed since last execution

Completion of job ['align_single'] reported to scheduler.
jobs registered as running before removal {align_paired, align_single}
[Thu Aug 15 17:30:32 2024]
Finished job 11.
13 of 31 steps (42%) done
Resources before job selection: {'_cores': 12, '_nodes': 9223372036854775806}
Ready jobs (3)
Select jobs to execute...
Selected jobs (1)
Resources after job selection: {'_cores': 4, '_nodes': 9223372036854775805}
Execute 1 jobs...

[Thu Aug 15 17:30:32 2024]
Job 4: WT_REP2_control: Trimming and performing quality control on paired-end FASTQ files...
Reason: Missing output files: results/trimmed/WT_REP2_control_trimmed_R1.fq.gz, results/trimmed/WT_REP2_control_trimmed_R2.fq.gz

Completion of job ['trim_galore_paired'] reported to scheduler.
jobs registered as running before removal {trim_galore_paired, align_paired}
[Thu Aug 15 17:30:36 2024]
Finished job 4.
14 of 31 steps (45%) done
Resources before job selection: {'_cores': 12, '_nodes': 9223372036854775806}
Ready jobs (3)
Select jobs to execute...
Selected jobs (1)
Resources after job selection: {'_cores': 0, '_nodes': 9223372036854775805}
Execute 1 jobs...

[Thu Aug 15 17:30:36 2024]
Job 3: WT_REP2_control: Aligning on paired-end FASTQ files...
Reason: Missing output files: results/align/bam_original/WT_REP2_control/WT_REP2_control.Aligned.out.bam; Input files updated by another job: results/trimmed/WT_REP2_control_trimmed_R1.fq.gz, results/trimmed/WT_REP2_control_trimmed_R2.fq.gz; Set of input files has changed since last execution

Terminating processes on user request, this might take some time.
Full Traceback (most recent call last):
  File "/home/lucianhu/micromamba/envs/rna_snakemake/lib/python3.12/site-packages/snakemake/executors/local.py", line 423, in run_wrapper
    run(
  File "/home/lucianhu/rna_snakemake/test_ting/Snakefile", line 338, in __rule_align_paired
    conda:
  File "/home/lucianhu/micromamba/envs/rna_snakemake/lib/python3.12/site-packages/snakemake/shell.py", line 357, in __new__
    raise sp.CalledProcessError(retcode, cmd)
subprocess.CalledProcessError: Command 'set -euo pipefail;  
        # Run STAR alignment
        STAR --genomeDir resources/star_index              --readFilesIn results/trimmed/WT_REP3_control_trimmed_R1.fq.gz results/trimmed/WT_REP3_control_trimmed_R2.fq.gz              --runThreadN 12              --genomeLoad NoSharedMemory              --outFileNamePrefix results/align/bam_original/WT_REP3_control/WT_REP3_control.              --sjdbGTFfile resources/annotation.gtf              --outSAMattrRGline 'ID:WT_REP3_control' 'SM:WT_REP3_control'              --outSAMtype BAM Unsorted              --quantMode TranscriptomeSAM              --twopassMode Basic              --readFilesCommand zcat              --runRNGseed 0              --alignSJDBoverhangMin 1              --outSAMattributes NH HI AS NM MD              --outSAMstrandField intronMotif              --quantTranscriptomeSAMoutput BanSingleEnd              --outFilterMultimapNmax 1              --outFilterMismatchNmax 3              --peOverlapNbasesMin 10              --alignSplicedMateMapLminOverLmate 0.5              --chimSegmentMin 10              --chimOutType WithinBAM SoftClip              --chimJunctionOverhangMin 10              --chimScoreMin 1              --chimScoreDropMax 30              --chimScoreJunctionNonGTAG 0              --chimScoreSeparation 1              --alignSJstitchMismatchNmax 5 -1 5 5              --chimSegmentReadGapMax 3 &> logs/star_align/WT_REP3_control.star_align.log' died with <Signals.SIGINT: 2>.

Full Traceback (most recent call last):
  File "/home/lucianhu/micromamba/envs/rna_snakemake/lib/python3.12/site-packages/snakemake/executors/local.py", line 423, in run_wrapper
    run(
  File "/home/lucianhu/rna_snakemake/test_ting/Snakefile", line 338, in __rule_align_paired
    conda:
  File "/home/lucianhu/micromamba/envs/rna_snakemake/lib/python3.12/site-packages/snakemake/shell.py", line 357, in __new__
    raise sp.CalledProcessError(retcode, cmd)
subprocess.CalledProcessError: Command 'set -euo pipefail;  
        # Run STAR alignment
        STAR --genomeDir resources/star_index              --readFilesIn results/trimmed/WT_REP3_control_trimmed_R1.fq.gz results/trimmed/WT_REP3_control_trimmed_R2.fq.gz              --runThreadN 12              --genomeLoad NoSharedMemory              --outFileNamePrefix results/align/bam_original/WT_REP3_control/WT_REP3_control.              --sjdbGTFfile resources/annotation.gtf              --outSAMattrRGline 'ID:WT_REP3_control' 'SM:WT_REP3_control'              --outSAMtype BAM Unsorted              --quantMode TranscriptomeSAM              --twopassMode Basic              --readFilesCommand zcat              --runRNGseed 0              --alignSJDBoverhangMin 1              --outSAMattributes NH HI AS NM MD              --outSAMstrandField intronMotif              --quantTranscriptomeSAMoutput BanSingleEnd              --outFilterMultimapNmax 1              --outFilterMismatchNmax 3              --peOverlapNbasesMin 10              --alignSplicedMateMapLminOverLmate 0.5              --chimSegmentMin 10              --chimOutType WithinBAM SoftClip              --chimJunctionOverhangMin 10              --chimScoreMin 1              --chimScoreDropMax 30              --chimScoreJunctionNonGTAG 0              --chimScoreSeparation 1              --alignSJstitchMismatchNmax 5 -1 5 5              --chimSegmentReadGapMax 3 &> logs/star_align/WT_REP3_control.star_align.log' died with <Signals.SIGINT: 2>.

During handling of the above exception, another exception occurred:

Traceback (most recent call last):
  File "/home/lucianhu/micromamba/envs/rna_snakemake/lib/python3.12/site-packages/snakemake/executors/local.py", line 261, in _callback
    raise ex
  File "/home/lucianhu/micromamba/envs/rna_snakemake/lib/python3.12/concurrent/futures/thread.py", line 58, in run
    result = self.fn(*self.args, **self.kwargs)
             ^^^^^^^^^^^^^^^^^^^^^^^^^^^^^^^^^^
  File "/home/lucianhu/micromamba/envs/rna_snakemake/lib/python3.12/site-packages/snakemake/executors/local.py", line 247, in cached_or_run
    run_func(*args)
  File "/home/lucianhu/micromamba/envs/rna_snakemake/lib/python3.12/site-packages/snakemake/executors/local.py", line 459, in run_wrapper
    raise RuleException(
snakemake.exceptions.RuleException: CalledProcessError in file /home/lucianhu/rna_snakemake/test_ting/Snakefile, line 178:
Command 'set -euo pipefail;  
        # Run STAR alignment
        STAR --genomeDir resources/star_index              --readFilesIn results/trimmed/WT_REP3_control_trimmed_R1.fq.gz results/trimmed/WT_REP3_control_trimmed_R2.fq.gz              --runThreadN 12              --genomeLoad NoSharedMemory              --outFileNamePrefix results/align/bam_original/WT_REP3_control/WT_REP3_control.              --sjdbGTFfile resources/annotation.gtf              --outSAMattrRGline 'ID:WT_REP3_control' 'SM:WT_REP3_control'              --outSAMtype BAM Unsorted              --quantMode TranscriptomeSAM              --twopassMode Basic              --readFilesCommand zcat              --runRNGseed 0              --alignSJDBoverhangMin 1              --outSAMattributes NH HI AS NM MD              --outSAMstrandField intronMotif              --quantTranscriptomeSAMoutput BanSingleEnd              --outFilterMultimapNmax 1              --outFilterMismatchNmax 3              --peOverlapNbasesMin 10              --alignSplicedMateMapLminOverLmate 0.5              --chimSegmentMin 10              --chimOutType WithinBAM SoftClip              --chimJunctionOverhangMin 10              --chimScoreMin 1              --chimScoreDropMax 30              --chimScoreJunctionNonGTAG 0              --chimScoreSeparation 1              --alignSJstitchMismatchNmax 5 -1 5 5              --chimSegmentReadGapMax 3 &> logs/star_align/WT_REP3_control.star_align.log' died with <Signals.SIGINT: 2>.

Full Traceback (most recent call last):
  File "/home/lucianhu/micromamba/envs/rna_snakemake/lib/python3.12/site-packages/snakemake/executors/local.py", line 423, in run_wrapper
    run(
  File "/home/lucianhu/rna_snakemake/test_ting/Snakefile", line 338, in __rule_align_paired
    conda:
  File "/home/lucianhu/micromamba/envs/rna_snakemake/lib/python3.12/site-packages/snakemake/shell.py", line 357, in __new__
    raise sp.CalledProcessError(retcode, cmd)
subprocess.CalledProcessError: Command 'set -euo pipefail;  
        # Run STAR alignment
        STAR --genomeDir resources/star_index              --readFilesIn results/trimmed/WT_REP2_control_trimmed_R1.fq.gz results/trimmed/WT_REP2_control_trimmed_R2.fq.gz              --runThreadN 12              --genomeLoad NoSharedMemory              --outFileNamePrefix results/align/bam_original/WT_REP2_control/WT_REP2_control.              --sjdbGTFfile resources/annotation.gtf              --outSAMattrRGline 'ID:WT_REP2_control' 'SM:WT_REP2_control'              --outSAMtype BAM Unsorted              --quantMode TranscriptomeSAM              --twopassMode Basic              --readFilesCommand zcat              --runRNGseed 0              --alignSJDBoverhangMin 1              --outSAMattributes NH HI AS NM MD              --outSAMstrandField intronMotif              --quantTranscriptomeSAMoutput BanSingleEnd              --outFilterMultimapNmax 1              --outFilterMismatchNmax 3              --peOverlapNbasesMin 10              --alignSplicedMateMapLminOverLmate 0.5              --chimSegmentMin 10              --chimOutType WithinBAM SoftClip              --chimJunctionOverhangMin 10              --chimScoreMin 1              --chimScoreDropMax 30              --chimScoreJunctionNonGTAG 0              --chimScoreSeparation 1              --alignSJstitchMismatchNmax 5 -1 5 5              --chimSegmentReadGapMax 3 &> logs/star_align/WT_REP2_control.star_align.log' died with <Signals.SIGINT: 2>.

Full Traceback (most recent call last):
  File "/home/lucianhu/micromamba/envs/rna_snakemake/lib/python3.12/site-packages/snakemake/executors/local.py", line 423, in run_wrapper
    run(
  File "/home/lucianhu/rna_snakemake/test_ting/Snakefile", line 338, in __rule_align_paired
    conda:
  File "/home/lucianhu/micromamba/envs/rna_snakemake/lib/python3.12/site-packages/snakemake/shell.py", line 357, in __new__
    raise sp.CalledProcessError(retcode, cmd)
subprocess.CalledProcessError: Command 'set -euo pipefail;  
        # Run STAR alignment
        STAR --genomeDir resources/star_index              --readFilesIn results/trimmed/WT_REP2_control_trimmed_R1.fq.gz results/trimmed/WT_REP2_control_trimmed_R2.fq.gz              --runThreadN 12              --genomeLoad NoSharedMemory              --outFileNamePrefix results/align/bam_original/WT_REP2_control/WT_REP2_control.              --sjdbGTFfile resources/annotation.gtf              --outSAMattrRGline 'ID:WT_REP2_control' 'SM:WT_REP2_control'              --outSAMtype BAM Unsorted              --quantMode TranscriptomeSAM              --twopassMode Basic              --readFilesCommand zcat              --runRNGseed 0              --alignSJDBoverhangMin 1              --outSAMattributes NH HI AS NM MD              --outSAMstrandField intronMotif              --quantTranscriptomeSAMoutput BanSingleEnd              --outFilterMultimapNmax 1              --outFilterMismatchNmax 3              --peOverlapNbasesMin 10              --alignSplicedMateMapLminOverLmate 0.5              --chimSegmentMin 10              --chimOutType WithinBAM SoftClip              --chimJunctionOverhangMin 10              --chimScoreMin 1              --chimScoreDropMax 30              --chimScoreJunctionNonGTAG 0              --chimScoreSeparation 1              --alignSJstitchMismatchNmax 5 -1 5 5              --chimSegmentReadGapMax 3 &> logs/star_align/WT_REP2_control.star_align.log' died with <Signals.SIGINT: 2>.

During handling of the above exception, another exception occurred:

Traceback (most recent call last):
  File "/home/lucianhu/micromamba/envs/rna_snakemake/lib/python3.12/site-packages/snakemake/executors/local.py", line 261, in _callback
    raise ex
  File "/home/lucianhu/micromamba/envs/rna_snakemake/lib/python3.12/concurrent/futures/thread.py", line 58, in run
    result = self.fn(*self.args, **self.kwargs)
             ^^^^^^^^^^^^^^^^^^^^^^^^^^^^^^^^^^
  File "/home/lucianhu/micromamba/envs/rna_snakemake/lib/python3.12/site-packages/snakemake/executors/local.py", line 247, in cached_or_run
    run_func(*args)
  File "/home/lucianhu/micromamba/envs/rna_snakemake/lib/python3.12/site-packages/snakemake/executors/local.py", line 459, in run_wrapper
    raise RuleException(
snakemake.exceptions.RuleException: CalledProcessError in file /home/lucianhu/rna_snakemake/test_ting/Snakefile, line 178:
Command 'set -euo pipefail;  
        # Run STAR alignment
        STAR --genomeDir resources/star_index              --readFilesIn results/trimmed/WT_REP2_control_trimmed_R1.fq.gz results/trimmed/WT_REP2_control_trimmed_R2.fq.gz              --runThreadN 12              --genomeLoad NoSharedMemory              --outFileNamePrefix results/align/bam_original/WT_REP2_control/WT_REP2_control.              --sjdbGTFfile resources/annotation.gtf              --outSAMattrRGline 'ID:WT_REP2_control' 'SM:WT_REP2_control'              --outSAMtype BAM Unsorted              --quantMode TranscriptomeSAM              --twopassMode Basic              --readFilesCommand zcat              --runRNGseed 0              --alignSJDBoverhangMin 1              --outSAMattributes NH HI AS NM MD              --outSAMstrandField intronMotif              --quantTranscriptomeSAMoutput BanSingleEnd              --outFilterMultimapNmax 1              --outFilterMismatchNmax 3              --peOverlapNbasesMin 10              --alignSplicedMateMapLminOverLmate 0.5              --chimSegmentMin 10              --chimOutType WithinBAM SoftClip              --chimJunctionOverhangMin 10              --chimScoreMin 1              --chimScoreDropMax 30              --chimScoreJunctionNonGTAG 0              --chimScoreSeparation 1              --alignSJstitchMismatchNmax 5 -1 5 5              --chimSegmentReadGapMax 3 &> logs/star_align/WT_REP2_control.star_align.log' died with <Signals.SIGINT: 2>.

RuleException:
CalledProcessError in file /home/lucianhu/rna_snakemake/test_ting/Snakefile, line 178:
Command 'set -euo pipefail;  
        # Run STAR alignment
        STAR --genomeDir resources/star_index              --readFilesIn results/trimmed/WT_REP3_control_trimmed_R1.fq.gz results/trimmed/WT_REP3_control_trimmed_R2.fq.gz              --runThreadN 12              --genomeLoad NoSharedMemory              --outFileNamePrefix results/align/bam_original/WT_REP3_control/WT_REP3_control.              --sjdbGTFfile resources/annotation.gtf              --outSAMattrRGline 'ID:WT_REP3_control' 'SM:WT_REP3_control'              --outSAMtype BAM Unsorted              --quantMode TranscriptomeSAM              --twopassMode Basic              --readFilesCommand zcat              --runRNGseed 0              --alignSJDBoverhangMin 1              --outSAMattributes NH HI AS NM MD              --outSAMstrandField intronMotif              --quantTranscriptomeSAMoutput BanSingleEnd              --outFilterMultimapNmax 1              --outFilterMismatchNmax 3              --peOverlapNbasesMin 10              --alignSplicedMateMapLminOverLmate 0.5              --chimSegmentMin 10              --chimOutType WithinBAM SoftClip              --chimJunctionOverhangMin 10              --chimScoreMin 1              --chimScoreDropMax 30              --chimScoreJunctionNonGTAG 0              --chimScoreSeparation 1              --alignSJstitchMismatchNmax 5 -1 5 5              --chimSegmentReadGapMax 3 &> logs/star_align/WT_REP3_control.star_align.log' died with <Signals.SIGINT: 2>.
[Thu Aug 15 17:30:49 2024]
Error in rule align_paired:
    jobid: 5
    input: results/trimmed/WT_REP3_control_trimmed_R1.fq.gz, results/trimmed/WT_REP3_control_trimmed_R2.fq.gz, resources/annotation.gtf, resources/star_index
    output: results/align/bam_original/WT_REP3_control/WT_REP3_control.Aligned.out.bam, results/align/bam_original/WT_REP3_control/WT_REP3_control.Aligned.toTranscriptome.out.bam
    log: logs/star_align/WT_REP3_control.star_align.log (check log file(s) for error details)
    conda-env: /home/lucianhu/rna_snakemake/test_ting/.snakemake/conda/1f835baae0b7b062716b90b833a307f5_
    shell:
        
        # Run STAR alignment
        STAR --genomeDir resources/star_index              --readFilesIn results/trimmed/WT_REP3_control_trimmed_R1.fq.gz results/trimmed/WT_REP3_control_trimmed_R2.fq.gz              --runThreadN 12              --genomeLoad NoSharedMemory              --outFileNamePrefix results/align/bam_original/WT_REP3_control/WT_REP3_control.              --sjdbGTFfile resources/annotation.gtf              --outSAMattrRGline 'ID:WT_REP3_control' 'SM:WT_REP3_control'              --outSAMtype BAM Unsorted              --quantMode TranscriptomeSAM              --twopassMode Basic              --readFilesCommand zcat              --runRNGseed 0              --alignSJDBoverhangMin 1              --outSAMattributes NH HI AS NM MD              --outSAMstrandField intronMotif              --quantTranscriptomeSAMoutput BanSingleEnd              --outFilterMultimapNmax 1              --outFilterMismatchNmax 3              --peOverlapNbasesMin 10              --alignSplicedMateMapLminOverLmate 0.5              --chimSegmentMin 10              --chimOutType WithinBAM SoftClip              --chimJunctionOverhangMin 10              --chimScoreMin 1              --chimScoreDropMax 30              --chimScoreJunctionNonGTAG 0              --chimScoreSeparation 1              --alignSJstitchMismatchNmax 5 -1 5 5              --chimSegmentReadGapMax 3 &> logs/star_align/WT_REP3_control.star_align.log
        
        (one of the commands exited with non-zero exit code; note that snakemake uses bash strict mode!)

RuleException:
CalledProcessError in file /home/lucianhu/rna_snakemake/test_ting/Snakefile, line 178:
Command 'set -euo pipefail;  
        # Run STAR alignment
        STAR --genomeDir resources/star_index              --readFilesIn results/trimmed/WT_REP2_control_trimmed_R1.fq.gz results/trimmed/WT_REP2_control_trimmed_R2.fq.gz              --runThreadN 12              --genomeLoad NoSharedMemory              --outFileNamePrefix results/align/bam_original/WT_REP2_control/WT_REP2_control.              --sjdbGTFfile resources/annotation.gtf              --outSAMattrRGline 'ID:WT_REP2_control' 'SM:WT_REP2_control'              --outSAMtype BAM Unsorted              --quantMode TranscriptomeSAM              --twopassMode Basic              --readFilesCommand zcat              --runRNGseed 0              --alignSJDBoverhangMin 1              --outSAMattributes NH HI AS NM MD              --outSAMstrandField intronMotif              --quantTranscriptomeSAMoutput BanSingleEnd              --outFilterMultimapNmax 1              --outFilterMismatchNmax 3              --peOverlapNbasesMin 10              --alignSplicedMateMapLminOverLmate 0.5              --chimSegmentMin 10              --chimOutType WithinBAM SoftClip              --chimJunctionOverhangMin 10              --chimScoreMin 1              --chimScoreDropMax 30              --chimScoreJunctionNonGTAG 0              --chimScoreSeparation 1              --alignSJstitchMismatchNmax 5 -1 5 5              --chimSegmentReadGapMax 3 &> logs/star_align/WT_REP2_control.star_align.log' died with <Signals.SIGINT: 2>.
[Thu Aug 15 17:30:49 2024]
Error in rule align_paired:
    jobid: 3
    input: results/trimmed/WT_REP2_control_trimmed_R1.fq.gz, results/trimmed/WT_REP2_control_trimmed_R2.fq.gz, resources/annotation.gtf, resources/star_index
    output: results/align/bam_original/WT_REP2_control/WT_REP2_control.Aligned.out.bam, results/align/bam_original/WT_REP2_control/WT_REP2_control.Aligned.toTranscriptome.out.bam
    log: logs/star_align/WT_REP2_control.star_align.log (check log file(s) for error details)
    conda-env: /home/lucianhu/rna_snakemake/test_ting/.snakemake/conda/1f835baae0b7b062716b90b833a307f5_
    shell:
        
        # Run STAR alignment
        STAR --genomeDir resources/star_index              --readFilesIn results/trimmed/WT_REP2_control_trimmed_R1.fq.gz results/trimmed/WT_REP2_control_trimmed_R2.fq.gz              --runThreadN 12              --genomeLoad NoSharedMemory              --outFileNamePrefix results/align/bam_original/WT_REP2_control/WT_REP2_control.              --sjdbGTFfile resources/annotation.gtf              --outSAMattrRGline 'ID:WT_REP2_control' 'SM:WT_REP2_control'              --outSAMtype BAM Unsorted              --quantMode TranscriptomeSAM              --twopassMode Basic              --readFilesCommand zcat              --runRNGseed 0              --alignSJDBoverhangMin 1              --outSAMattributes NH HI AS NM MD              --outSAMstrandField intronMotif              --quantTranscriptomeSAMoutput BanSingleEnd              --outFilterMultimapNmax 1              --outFilterMismatchNmax 3              --peOverlapNbasesMin 10              --alignSplicedMateMapLminOverLmate 0.5              --chimSegmentMin 10              --chimOutType WithinBAM SoftClip              --chimJunctionOverhangMin 10              --chimScoreMin 1              --chimScoreDropMax 30              --chimScoreJunctionNonGTAG 0              --chimScoreSeparation 1              --alignSJstitchMismatchNmax 5 -1 5 5              --chimSegmentReadGapMax 3 &> logs/star_align/WT_REP2_control.star_align.log
        
        (one of the commands exited with non-zero exit code; note that snakemake uses bash strict mode!)

Complete log: .snakemake/log/2024-08-15T172959.920506.snakemake.log
unlocking
removing lock
removing lock
removed all locks
Full Traceback (most recent call last):
  File "/home/lucianhu/micromamba/envs/rna_snakemake/lib/python3.12/site-packages/snakemake/cli.py", line 2103, in args_to_api
    dag_api.execute_workflow(
  File "/home/lucianhu/micromamba/envs/rna_snakemake/lib/python3.12/site-packages/snakemake/api.py", line 594, in execute_workflow
    workflow.execute(
  File "/home/lucianhu/micromamba/envs/rna_snakemake/lib/python3.12/site-packages/snakemake/workflow.py", line 1286, in execute
    raise WorkflowError("At least one job did not complete successfully.")
snakemake_interface_common.exceptions.WorkflowError: At least one job did not complete successfully.

WorkflowError:
At least one job did not complete successfully.
