Building DAG of jobs...
shared_storage_local_copies: True
remote_exec: False
Using shell: /usr/bin/bash
Provided cores: 24
Rules claiming more threads will be scaled down.
Conda environments: ignored
Job stats:
job                   count
------------------  -------
align_paired              3
align_single              3
all                       1
trim_galore_paired        3
trim_galore_single        3
total                    13

Resources before job selection: {'_cores': 24, '_nodes': 9223372036854775807}
Ready jobs (6)
Select jobs to execute...
Selected jobs (3)
Resources after job selection: {'_cores': 0, '_nodes': 9223372036854775804}
Execute 3 jobs...

[Thu Aug 15 14:17:56 2024]
localrule trim_galore_paired:
    input: /home/lucianhu/rna_snakemake/rna_snakemake/test-datasets/testdata/SRR6357071_1.fastq.gz, /home/lucianhu/rna_snakemake/rna_snakemake/test-datasets/testdata/SRR6357071_2.fastq.gz
    output: results/trimmed/WT_REP2_control, results/trimmed/WT_REP2_control_trimmed_R1.fq.gz, results/trimmed/WT_REP2_control_trimmed_R2.fq.gz
    log: logs/trim_galore/WT_REP2_control.trimmed.log
    jobid: 4
    reason: Code has changed since last execution
    wildcards: sample=WT_REP2_control
    threads: 8
    resources: tmpdir=/tmp


[Thu Aug 15 14:17:56 2024]
localrule trim_galore_single:
    input: /home/lucianhu/rna_snakemake/rna_snakemake/test-datasets/testdata/SRR6357075_1.fastq.gz
    output: results/trimmed/RAP1_REP3_treatment, results/trimmed/RAP1_REP3_treatment_trimmed_R1.fq.gz
    log: logs/trim_galore/RAP1_REP3_treatment.trimmed.log
    jobid: 12
    reason: Code has changed since last execution
    wildcards: sample=RAP1_REP3_treatment
    threads: 8
    resources: tmpdir=/tmp


[Thu Aug 15 14:17:56 2024]
localrule trim_galore_single:
    input: /home/lucianhu/rna_snakemake/rna_snakemake/test-datasets/testdata/SRR6357074_1.fastq.gz
    output: results/trimmed/RAP1_REP2_treatment, results/trimmed/RAP1_REP2_treatment_trimmed_R1.fq.gz
    log: logs/trim_galore/RAP1_REP2_treatment.trimmed.log
    jobid: 10
    reason: Code has changed since last execution
    wildcards: sample=RAP1_REP2_treatment
    threads: 8
    resources: tmpdir=/tmp

Completion of job ['trim_galore_single'] reported to scheduler.
Completion of job ['trim_galore_single'] reported to scheduler.
jobs registered as running before removal {trim_galore_paired, trim_galore_single, trim_galore_single}
[Thu Aug 15 14:18:00 2024]
Finished job 12.
1 of 13 steps (8%) done
jobs registered as running before removal {trim_galore_paired, trim_galore_single}
[Thu Aug 15 14:18:00 2024]
Finished job 10.
2 of 13 steps (15%) done
Resources before job selection: {'_cores': 16, '_nodes': 9223372036854775806}
Ready jobs (5)
Select jobs to execute...
Selected jobs (2)
Resources after job selection: {'_cores': 0, '_nodes': 9223372036854775804}
Execute 2 jobs...

[Thu Aug 15 14:18:00 2024]
localrule trim_galore_paired:
    input: /home/lucianhu/rna_snakemake/rna_snakemake/test-datasets/testdata/SRR6357070_1.fastq.gz, /home/lucianhu/rna_snakemake/rna_snakemake/test-datasets/testdata/SRR6357070_2.fastq.gz
    output: results/trimmed/WT_REP1_control, results/trimmed/WT_REP1_control_trimmed_R1.fq.gz, results/trimmed/WT_REP1_control_trimmed_R2.fq.gz
    log: logs/trim_galore/WT_REP1_control.trimmed.log
    jobid: 2
    reason: Code has changed since last execution
    wildcards: sample=WT_REP1_control
    threads: 8
    resources: tmpdir=/tmp


[Thu Aug 15 14:18:00 2024]
localrule trim_galore_paired:
    input: /home/lucianhu/rna_snakemake/rna_snakemake/test-datasets/testdata/SRR6357072_1.fastq.gz, /home/lucianhu/rna_snakemake/rna_snakemake/test-datasets/testdata/SRR6357072_2.fastq.gz
    output: results/trimmed/WT_REP3_control, results/trimmed/WT_REP3_control_trimmed_R1.fq.gz, results/trimmed/WT_REP3_control_trimmed_R2.fq.gz
    log: logs/trim_galore/WT_REP3_control.trimmed.log
    jobid: 6
    reason: Code has changed since last execution
    wildcards: sample=WT_REP3_control
    threads: 8
    resources: tmpdir=/tmp

Resources before job selection: {'_cores': 0, '_nodes': 9223372036854775804}
Ready jobs (3)
Select jobs to execute...
Selected jobs (0)
Resources after job selection: {'_cores': 0, '_nodes': 9223372036854775804}
Completion of job ['trim_galore_paired'] reported to scheduler.
jobs registered as running before removal {trim_galore_paired, trim_galore_paired, trim_galore_paired}
[Thu Aug 15 14:18:04 2024]
Finished job 4.
3 of 13 steps (23%) done
Resources before job selection: {'_cores': 8, '_nodes': 9223372036854775805}
Ready jobs (4)
Selected jobs (1)
Resources after job selection: {'_cores': 0, '_nodes': 9223372036854775804}
Execute 1 jobs...

[Thu Aug 15 14:18:04 2024]
localrule trim_galore_single:
    input: /home/lucianhu/rna_snakemake/rna_snakemake/test-datasets/testdata/SRR6357073_1.fastq.gz
    output: results/trimmed/RAP1_REP1_treatment, results/trimmed/RAP1_REP1_treatment_trimmed_R1.fq.gz
    log: logs/trim_galore/RAP1_REP1_treatment.trimmed.log
    jobid: 8
    reason: Code has changed since last execution
    wildcards: sample=RAP1_REP1_treatment
    threads: 8
    resources: tmpdir=/tmp

Completion of job ['trim_galore_paired'] reported to scheduler.
jobs registered as running before removal {trim_galore_single, trim_galore_paired, trim_galore_paired}
[Thu Aug 15 14:18:07 2024]
Finished job 2.
4 of 13 steps (31%) done
Resources before job selection: {'_cores': 8, '_nodes': 9223372036854775805}
Ready jobs (4)
Select jobs to execute...
Selected jobs (0)
Resources after job selection: {'_cores': 8, '_nodes': 9223372036854775805}
Completion of job ['trim_galore_paired'] reported to scheduler.
jobs registered as running before removal {trim_galore_single, trim_galore_paired}
[Thu Aug 15 14:18:07 2024]
Finished job 6.
5 of 13 steps (38%) done
Resources before job selection: {'_cores': 16, '_nodes': 9223372036854775806}
Ready jobs (5)
Selected jobs (1)
Resources after job selection: {'_cores': 4, '_nodes': 9223372036854775805}
Execute 1 jobs...

[Thu Aug 15 14:18:07 2024]
localrule align_paired:
    input: results/trimmed/WT_REP1_control_trimmed_R1.fq.gz, results/trimmed/WT_REP1_control_trimmed_R2.fq.gz, resources/annotation.gtf, resources/star_index
    output: results/align/bam_original/WT_REP1_control/WT_REP1_control.Aligned.out.bam, results/align/bam_original/WT_REP1_control/WT_REP1_control.Aligned.toTranscriptome.out.bam
    log: logs/star_align/WT_REP1_control.star_align.log
    jobid: 1
    reason: Input files updated by another job: results/trimmed/WT_REP1_control_trimmed_R2.fq.gz, results/trimmed/WT_REP1_control_trimmed_R1.fq.gz
    wildcards: sample=WT_REP1_control
    threads: 12
    resources: tmpdir=/tmp

Completion of job ['trim_galore_single'] reported to scheduler.
jobs registered as running before removal {trim_galore_single, align_paired}
[Thu Aug 15 14:18:08 2024]
Finished job 8.
6 of 13 steps (46%) done
Resources before job selection: {'_cores': 12, '_nodes': 9223372036854775806}
Ready jobs (5)
Select jobs to execute...
Selected jobs (1)
Resources after job selection: {'_cores': 0, '_nodes': 9223372036854775805}
Execute 1 jobs...

[Thu Aug 15 14:18:08 2024]
localrule align_single:
    input: results/trimmed/RAP1_REP2_treatment_trimmed_R1.fq.gz, resources/annotation.gtf, resources/star_index
    output: results/align/bam_original/RAP1_REP2_treatment/RAP1_REP2_treatment.Aligned.out.bam, results/align/bam_original/RAP1_REP2_treatment/RAP1_REP2_treatment.Aligned.toTranscriptome.out.bam
    log: logs/star_align/RAP1_REP2_treatment.star_align.log
    jobid: 9
    reason: Input files updated by another job: results/trimmed/RAP1_REP2_treatment_trimmed_R1.fq.gz
    wildcards: sample=RAP1_REP2_treatment
    threads: 12
    resources: tmpdir=/tmp

Completion of job ['align_single'] reported to scheduler.
jobs registered as running before removal {align_single, align_paired}
[Thu Aug 15 14:18:27 2024]
Finished job 9.
7 of 13 steps (54%) done
Resources before job selection: {'_cores': 12, '_nodes': 9223372036854775806}
Ready jobs (4)
Select jobs to execute...
Selected jobs (1)
Resources after job selection: {'_cores': 0, '_nodes': 9223372036854775805}
Execute 1 jobs...

[Thu Aug 15 14:18:27 2024]
localrule align_paired:
    input: results/trimmed/WT_REP2_control_trimmed_R1.fq.gz, results/trimmed/WT_REP2_control_trimmed_R2.fq.gz, resources/annotation.gtf, resources/star_index
    output: results/align/bam_original/WT_REP2_control/WT_REP2_control.Aligned.out.bam, results/align/bam_original/WT_REP2_control/WT_REP2_control.Aligned.toTranscriptome.out.bam
    log: logs/star_align/WT_REP2_control.star_align.log
    jobid: 3
    reason: Missing output files: results/align/bam_original/WT_REP2_control/WT_REP2_control.Aligned.out.bam; Input files updated by another job: results/trimmed/WT_REP2_control_trimmed_R2.fq.gz, results/trimmed/WT_REP2_control_trimmed_R1.fq.gz
    wildcards: sample=WT_REP2_control
    threads: 12
    resources: tmpdir=/tmp

Completion of job ['align_paired'] reported to scheduler.
jobs registered as running before removal {align_paired, align_paired}
[Thu Aug 15 14:19:50 2024]
Finished job 1.
8 of 13 steps (62%) done
Resources before job selection: {'_cores': 12, '_nodes': 9223372036854775806}
Ready jobs (3)
Select jobs to execute...
Selected jobs (1)
Resources after job selection: {'_cores': 0, '_nodes': 9223372036854775805}
Execute 1 jobs...

[Thu Aug 15 14:19:50 2024]
localrule align_paired:
    input: results/trimmed/WT_REP3_control_trimmed_R1.fq.gz, results/trimmed/WT_REP3_control_trimmed_R2.fq.gz, resources/annotation.gtf, resources/star_index
    output: results/align/bam_original/WT_REP3_control/WT_REP3_control.Aligned.out.bam, results/align/bam_original/WT_REP3_control/WT_REP3_control.Aligned.toTranscriptome.out.bam
    log: logs/star_align/WT_REP3_control.star_align.log
    jobid: 5
    reason: Missing output files: results/align/bam_original/WT_REP3_control/WT_REP3_control.Aligned.out.bam; Input files updated by another job: results/trimmed/WT_REP3_control_trimmed_R2.fq.gz, results/trimmed/WT_REP3_control_trimmed_R1.fq.gz
    wildcards: sample=WT_REP3_control
    threads: 12
    resources: tmpdir=/tmp

Completion of job ['align_paired'] reported to scheduler.
jobs registered as running before removal {align_paired, align_paired}
[Thu Aug 15 14:20:16 2024]
Finished job 3.
9 of 13 steps (69%) done
Resources before job selection: {'_cores': 12, '_nodes': 9223372036854775806}
Ready jobs (2)
Select jobs to execute...
Selected jobs (1)
Resources after job selection: {'_cores': 0, '_nodes': 9223372036854775805}
Execute 1 jobs...

[Thu Aug 15 14:20:16 2024]
localrule align_single:
    input: results/trimmed/RAP1_REP3_treatment_trimmed_R1.fq.gz, resources/annotation.gtf, resources/star_index
    output: results/align/bam_original/RAP1_REP3_treatment/RAP1_REP3_treatment.Aligned.out.bam, results/align/bam_original/RAP1_REP3_treatment/RAP1_REP3_treatment.Aligned.toTranscriptome.out.bam
    log: logs/star_align/RAP1_REP3_treatment.star_align.log
    jobid: 11
    reason: Input files updated by another job: results/trimmed/RAP1_REP3_treatment_trimmed_R1.fq.gz
    wildcards: sample=RAP1_REP3_treatment
    threads: 12
    resources: tmpdir=/tmp

Completion of job ['align_single'] reported to scheduler.
jobs registered as running before removal {align_single, align_paired}
[Thu Aug 15 14:20:37 2024]
Finished job 11.
10 of 13 steps (77%) done
Resources before job selection: {'_cores': 12, '_nodes': 9223372036854775806}
Ready jobs (1)
Select jobs to execute...
Using greedy selector because only single job has to be scheduled.
Selected jobs (1)
Resources after job selection: {'_cores': 0, '_nodes': 9223372036854775805}
Execute 1 jobs...

[Thu Aug 15 14:20:37 2024]
localrule align_single:
    input: results/trimmed/RAP1_REP1_treatment_trimmed_R1.fq.gz, resources/annotation.gtf, resources/star_index
    output: results/align/bam_original/RAP1_REP1_treatment/RAP1_REP1_treatment.Aligned.out.bam, results/align/bam_original/RAP1_REP1_treatment/RAP1_REP1_treatment.Aligned.toTranscriptome.out.bam
    log: logs/star_align/RAP1_REP1_treatment.star_align.log
    jobid: 7
    reason: Input files updated by another job: results/trimmed/RAP1_REP1_treatment_trimmed_R1.fq.gz
    wildcards: sample=RAP1_REP1_treatment
    threads: 12
    resources: tmpdir=/tmp

Completion of job ['align_single'] reported to scheduler.
jobs registered as running before removal {align_single, align_paired}
[Thu Aug 15 14:21:01 2024]
Finished job 7.
11 of 13 steps (85%) done
Completion of job ['align_paired'] reported to scheduler.
jobs registered as running before removal {align_paired}
[Thu Aug 15 14:21:30 2024]
Finished job 5.
12 of 13 steps (92%) done
Resources before job selection: {'_cores': 24, '_nodes': 9223372036854775807}
Ready jobs (1)
Select jobs to execute...
Using greedy selector because only single job has to be scheduled.
Selected jobs (1)
Resources after job selection: {'_cores': 23, '_nodes': 9223372036854775806}
Execute 1 jobs...

[Thu Aug 15 14:21:30 2024]
localrule all:
    input: results/align/bam_original/WT_REP1_control/WT_REP1_control.Aligned.out.bam, results/align/bam_original/WT_REP2_control/WT_REP2_control.Aligned.out.bam, results/align/bam_original/WT_REP3_control/WT_REP3_control.Aligned.out.bam, results/align/bam_original/RAP1_REP1_treatment/RAP1_REP1_treatment.Aligned.out.bam, results/align/bam_original/RAP1_REP2_treatment/RAP1_REP2_treatment.Aligned.out.bam, results/align/bam_original/RAP1_REP3_treatment/RAP1_REP3_treatment.Aligned.out.bam
    jobid: 0
    reason: Input files updated by another job: results/align/bam_original/WT_REP1_control/WT_REP1_control.Aligned.out.bam, results/align/bam_original/RAP1_REP1_treatment/RAP1_REP1_treatment.Aligned.out.bam, results/align/bam_original/WT_REP2_control/WT_REP2_control.Aligned.out.bam, results/align/bam_original/RAP1_REP3_treatment/RAP1_REP3_treatment.Aligned.out.bam, results/align/bam_original/WT_REP3_control/WT_REP3_control.Aligned.out.bam, results/align/bam_original/RAP1_REP2_treatment/RAP1_REP2_treatment.Aligned.out.bam
    resources: tmpdir=/tmp

Completion of job ['all'] reported to scheduler.
jobs registered as running before removal {all}
[Thu Aug 15 14:21:30 2024]
Finished job 0.
13 of 13 steps (100%) done
Complete log: .snakemake/log/2024-08-15T141756.787987.snakemake.log
unlocking
removing lock
removing lock
removed all locks
