Building DAG of jobs...
shared_storage_local_copies: True
remote_exec: False
Using shell: /usr/bin/bash
Provided cores: 24
Rules claiming more threads will be scaled down.
Conda environments: ignored
Job stats:
job                            count
---------------------------  -------
align_paired                       3
align_single                       3
all                                1
picard_mark_duplicates             6
samtools_markdup_processing        6
samtools_process                   6
total                             25

Resources before job selection: {'_cores': 24, '_nodes': 9223372036854775807}
Ready jobs (6)
Select jobs to execute...
Selected jobs (2)
Resources after job selection: {'_cores': 0, '_nodes': 9223372036854775805}
Execute 2 jobs...

[Thu Aug 15 17:10:28 2024]
Job 1: WT_REP1_control: Aligning on paired-end FASTQ files...
Reason: Missing output files: results/align/bam_original/WT_REP1_control/WT_REP1_control.Aligned.out.bam


[Thu Aug 15 17:10:28 2024]
Job 3: WT_REP3_control: Aligning on paired-end FASTQ files...
Reason: Missing output files: results/align/bam_original/WT_REP3_control/WT_REP3_control.Aligned.out.bam

Completion of job ['align_paired'] reported to scheduler.
jobs registered as running before removal {align_paired, align_paired}
[Thu Aug 15 17:11:35 2024]
Finished job 3.
1 of 25 steps (4%) done
Resources before job selection: {'_cores': 12, '_nodes': 9223372036854775806}
Ready jobs (5)
Select jobs to execute...
Selected jobs (1)
Resources after job selection: {'_cores': 0, '_nodes': 9223372036854775805}
Execute 1 jobs...

[Thu Aug 15 17:11:35 2024]
Job 6: RAP1_REP3_treatment: Aligning on single-end FASTQ files ...
Reason: Missing output files: results/align/bam_original/RAP1_REP3_treatment/RAP1_REP3_treatment.Aligned.out.bam

Completion of job ['align_paired'] reported to scheduler.
jobs registered as running before removal {align_paired, align_single}
[Thu Aug 15 17:11:39 2024]
Finished job 1.
2 of 25 steps (8%) done
Resources before job selection: {'_cores': 12, '_nodes': 9223372036854775806}
Ready jobs (5)
Select jobs to execute...
Selected jobs (1)
Resources after job selection: {'_cores': 0, '_nodes': 9223372036854775805}
Execute 1 jobs...

[Thu Aug 15 17:11:39 2024]
Job 5: RAP1_REP2_treatment: Aligning on single-end FASTQ files ...
Reason: Missing output files: results/align/bam_original/RAP1_REP2_treatment/RAP1_REP2_treatment.Aligned.out.bam

Completion of job ['align_single'] reported to scheduler.
jobs registered as running before removal {align_single, align_single}
[Thu Aug 15 17:11:51 2024]
Finished job 6.
3 of 25 steps (12%) done
Resources before job selection: {'_cores': 12, '_nodes': 9223372036854775806}
Ready jobs (5)
Select jobs to execute...
Selected jobs (2)
Resources after job selection: {'_cores': 0, '_nodes': 9223372036854775804}
Execute 2 jobs...

[Thu Aug 15 17:11:51 2024]
Job 7: WT_REP1_control: Sorting and indexing alignments
Reason: Missing output files: results/align/bam_original/WT_REP1_control/WT_REP1_control.sorted.bam, results/align/bam_original/WT_REP1_control/WT_REP1_control.sorted.bam.stats; Input files updated by another job: results/align/bam_original/WT_REP1_control/WT_REP1_control.Aligned.out.bam


[Thu Aug 15 17:11:51 2024]
Job 12: RAP1_REP3_treatment: Sorting and indexing alignments
Reason: Missing output files: results/align/bam_original/RAP1_REP3_treatment/RAP1_REP3_treatment.sorted.bam.stats, results/align/bam_original/RAP1_REP3_treatment/RAP1_REP3_treatment.sorted.bam; Input files updated by another job: results/align/bam_original/RAP1_REP3_treatment/RAP1_REP3_treatment.Aligned.out.bam

Completion of job ['samtools_process'] reported to scheduler.
jobs registered as running before removal {align_single, samtools_process, samtools_process}
[Thu Aug 15 17:11:51 2024]
Finished job 12.
4 of 25 steps (16%) done
Resources before job selection: {'_cores': 6, '_nodes': 9223372036854775805}
Ready jobs (4)
Select jobs to execute...
Selected jobs (1)
Resources after job selection: {'_cores': 0, '_nodes': 9223372036854775804}
Execute 1 jobs...

[Thu Aug 15 17:11:51 2024]
Job 18: RAP1_REP3_treatment: Marking duplicate reads
Reason: Missing output files: results/align/bam_markup/RAP1_REP3_treatment/RAP1_REP3_treatment.markdup.sorted.bam; Input files updated by another job: results/align/bam_original/RAP1_REP3_treatment/RAP1_REP3_treatment.sorted.bam

Completion of job ['samtools_process'] reported to scheduler.
jobs registered as running before removal {picard_mark_duplicates, align_single, samtools_process}
[Thu Aug 15 17:11:51 2024]
Finished job 7.
5 of 25 steps (20%) done
Resources before job selection: {'_cores': 6, '_nodes': 9223372036854775805}
Ready jobs (4)
Select jobs to execute...
Selected jobs (1)
Resources after job selection: {'_cores': 0, '_nodes': 9223372036854775804}
Execute 1 jobs...

[Thu Aug 15 17:11:51 2024]
Job 9: WT_REP3_control: Sorting and indexing alignments
Reason: Missing output files: results/align/bam_original/WT_REP3_control/WT_REP3_control.sorted.bam.stats, results/align/bam_original/WT_REP3_control/WT_REP3_control.sorted.bam; Input files updated by another job: results/align/bam_original/WT_REP3_control/WT_REP3_control.Aligned.out.bam

Completion of job ['samtools_process'] reported to scheduler.
jobs registered as running before removal {picard_mark_duplicates, align_single, samtools_process}
[Thu Aug 15 17:11:51 2024]
Finished job 9.
6 of 25 steps (24%) done
Resources before job selection: {'_cores': 6, '_nodes': 9223372036854775805}
Ready jobs (4)
Select jobs to execute...
Selected jobs (1)
Resources after job selection: {'_cores': 0, '_nodes': 9223372036854775804}
Execute 1 jobs...

[Thu Aug 15 17:11:51 2024]
Job 15: WT_REP3_control: Marking duplicate reads
Reason: Missing output files: results/align/bam_markup/WT_REP3_control/WT_REP3_control.markdup.sorted.bam; Input files updated by another job: results/align/bam_original/WT_REP3_control/WT_REP3_control.sorted.bam

Completion of job ['picard_mark_duplicates'] reported to scheduler.
jobs registered as running before removal {picard_mark_duplicates, picard_mark_duplicates, align_single}
[Thu Aug 15 17:11:54 2024]
Finished job 18.
7 of 25 steps (28%) done
Resources before job selection: {'_cores': 6, '_nodes': 9223372036854775805}
Ready jobs (4)
Select jobs to execute...
Selected jobs (1)
Resources after job selection: {'_cores': 0, '_nodes': 9223372036854775804}
Execute 1 jobs...

[Thu Aug 15 17:11:54 2024]
Job 13: WT_REP1_control: Marking duplicate reads
Reason: Missing output files: results/align/bam_markup/WT_REP1_control/WT_REP1_control.markdup.sorted.bam; Input files updated by another job: results/align/bam_original/WT_REP1_control/WT_REP1_control.sorted.bam

Completion of job ['picard_mark_duplicates'] reported to scheduler.
jobs registered as running before removal {picard_mark_duplicates, align_single, picard_mark_duplicates}
[Thu Aug 15 17:11:55 2024]
Finished job 15.
8 of 25 steps (32%) done
Resources before job selection: {'_cores': 6, '_nodes': 9223372036854775805}
Ready jobs (4)
Select jobs to execute...
Selected jobs (1)
Resources after job selection: {'_cores': 0, '_nodes': 9223372036854775804}
Execute 1 jobs...

[Thu Aug 15 17:11:55 2024]
Job 21: WT_REP3_control: Running Samtools to mark duplicate reads
Reason: Missing output files: results/align/bam_markup/WT_REP3_control/samtools/WT_REP3_control.markdup.sorted.bam.stats; Input files updated by another job: results/align/bam_markup/WT_REP3_control/WT_REP3_control.markdup.sorted.bam

Completion of job ['samtools_markdup_processing'] reported to scheduler.
jobs registered as running before removal {samtools_markdup_processing, align_single, picard_mark_duplicates}
[Thu Aug 15 17:11:55 2024]
Finished job 21.
9 of 25 steps (36%) done
Resources before job selection: {'_cores': 6, '_nodes': 9223372036854775805}
Ready jobs (3)
Select jobs to execute...
Selected jobs (1)
Resources after job selection: {'_cores': 0, '_nodes': 9223372036854775804}
Execute 1 jobs...

[Thu Aug 15 17:11:55 2024]
Job 24: RAP1_REP3_treatment: Running Samtools to mark duplicate reads
Reason: Missing output files: results/align/bam_markup/RAP1_REP3_treatment/samtools/RAP1_REP3_treatment.markdup.sorted.bam.stats; Input files updated by another job: results/align/bam_markup/RAP1_REP3_treatment/RAP1_REP3_treatment.markdup.sorted.bam

Completion of job ['samtools_markdup_processing'] reported to scheduler.
jobs registered as running before removal {align_single, samtools_markdup_processing, picard_mark_duplicates}
[Thu Aug 15 17:11:55 2024]
Finished job 24.
10 of 25 steps (40%) done
Resources before job selection: {'_cores': 6, '_nodes': 9223372036854775805}
Ready jobs (2)
Select jobs to execute...
Selected jobs (0)
Resources after job selection: {'_cores': 6, '_nodes': 9223372036854775805}
Completion of job ['align_single'] reported to scheduler.
jobs registered as running before removal {align_single, picard_mark_duplicates}
[Thu Aug 15 17:11:55 2024]
Finished job 5.
11 of 25 steps (44%) done
Resources before job selection: {'_cores': 18, '_nodes': 9223372036854775806}
Ready jobs (3)
Selected jobs (2)
Resources after job selection: {'_cores': 0, '_nodes': 9223372036854775804}
Execute 2 jobs...

[Thu Aug 15 17:11:55 2024]
Job 4: RAP1_REP1_treatment: Aligning on single-end FASTQ files ...
Reason: Missing output files: results/align/bam_original/RAP1_REP1_treatment/RAP1_REP1_treatment.Aligned.out.bam


[Thu Aug 15 17:11:55 2024]
Job 11: RAP1_REP2_treatment: Sorting and indexing alignments
Reason: Missing output files: results/align/bam_original/RAP1_REP2_treatment/RAP1_REP2_treatment.sorted.bam.stats, results/align/bam_original/RAP1_REP2_treatment/RAP1_REP2_treatment.sorted.bam; Input files updated by another job: results/align/bam_original/RAP1_REP2_treatment/RAP1_REP2_treatment.Aligned.out.bam

Completion of job ['samtools_process'] reported to scheduler.
jobs registered as running before removal {align_single, samtools_process, picard_mark_duplicates}
[Thu Aug 15 17:11:55 2024]
Finished job 11.
12 of 25 steps (48%) done
Resources before job selection: {'_cores': 6, '_nodes': 9223372036854775805}
Ready jobs (2)
Select jobs to execute...
Selected jobs (1)
Resources after job selection: {'_cores': 0, '_nodes': 9223372036854775804}
Execute 1 jobs...

[Thu Aug 15 17:11:55 2024]
Job 17: RAP1_REP2_treatment: Marking duplicate reads
Reason: Missing output files: results/align/bam_markup/RAP1_REP2_treatment/RAP1_REP2_treatment.markdup.sorted.bam; Input files updated by another job: results/align/bam_original/RAP1_REP2_treatment/RAP1_REP2_treatment.sorted.bam

Completion of job ['picard_mark_duplicates'] reported to scheduler.
jobs registered as running before removal {align_single, picard_mark_duplicates, picard_mark_duplicates}
[Thu Aug 15 17:11:58 2024]
Finished job 13.
13 of 25 steps (52%) done
Resources before job selection: {'_cores': 6, '_nodes': 9223372036854775805}
Ready jobs (2)
Select jobs to execute...
Selected jobs (1)
Resources after job selection: {'_cores': 0, '_nodes': 9223372036854775804}
Execute 1 jobs...

[Thu Aug 15 17:11:58 2024]
Job 19: WT_REP1_control: Running Samtools to mark duplicate reads
Reason: Missing output files: results/align/bam_markup/WT_REP1_control/samtools/WT_REP1_control.markdup.sorted.bam.stats; Input files updated by another job: results/align/bam_markup/WT_REP1_control/WT_REP1_control.markdup.sorted.bam

Completion of job ['samtools_markdup_processing'] reported to scheduler.
jobs registered as running before removal {align_single, samtools_markdup_processing, picard_mark_duplicates}
[Thu Aug 15 17:11:58 2024]
Finished job 19.
14 of 25 steps (56%) done
Resources before job selection: {'_cores': 6, '_nodes': 9223372036854775805}
Ready jobs (1)
Select jobs to execute...
Using greedy selector because only single job has to be scheduled.
Selected jobs (0)
Resources after job selection: {'_cores': 6, '_nodes': 9223372036854775805}
Completion of job ['picard_mark_duplicates'] reported to scheduler.
jobs registered as running before removal {align_single, picard_mark_duplicates}
[Thu Aug 15 17:11:58 2024]
Finished job 17.
15 of 25 steps (60%) done
Resources before job selection: {'_cores': 12, '_nodes': 9223372036854775806}
Ready jobs (2)
Selected jobs (1)
Resources after job selection: {'_cores': 0, '_nodes': 9223372036854775805}
Execute 1 jobs...

[Thu Aug 15 17:11:58 2024]
Job 2: WT_REP2_control: Aligning on paired-end FASTQ files...
Reason: Missing output files: results/align/bam_original/WT_REP2_control/WT_REP2_control.Aligned.out.bam

Completion of job ['align_single'] reported to scheduler.
jobs registered as running before removal {align_single, align_paired}
[Thu Aug 15 17:12:11 2024]
Finished job 4.
16 of 25 steps (64%) done
Resources before job selection: {'_cores': 12, '_nodes': 9223372036854775806}
Ready jobs (2)
Select jobs to execute...
Selected jobs (2)
Resources after job selection: {'_cores': 0, '_nodes': 9223372036854775804}
Execute 2 jobs...

[Thu Aug 15 17:12:11 2024]
Job 10: RAP1_REP1_treatment: Sorting and indexing alignments
Reason: Missing output files: results/align/bam_original/RAP1_REP1_treatment/RAP1_REP1_treatment.sorted.bam.stats, results/align/bam_original/RAP1_REP1_treatment/RAP1_REP1_treatment.sorted.bam; Input files updated by another job: results/align/bam_original/RAP1_REP1_treatment/RAP1_REP1_treatment.Aligned.out.bam


[Thu Aug 15 17:12:11 2024]
Job 23: RAP1_REP2_treatment: Running Samtools to mark duplicate reads
Reason: Missing output files: results/align/bam_markup/RAP1_REP2_treatment/samtools/RAP1_REP2_treatment.markdup.sorted.bam.stats; Input files updated by another job: results/align/bam_markup/RAP1_REP2_treatment/RAP1_REP2_treatment.markdup.sorted.bam

Completion of job ['samtools_markdup_processing'] reported to scheduler.
jobs registered as running before removal {samtools_process, align_paired, samtools_markdup_processing}
[Thu Aug 15 17:12:11 2024]
Finished job 23.
17 of 25 steps (68%) done
Completion of job ['samtools_process'] reported to scheduler.
jobs registered as running before removal {samtools_process, align_paired}
[Thu Aug 15 17:12:11 2024]
Finished job 10.
18 of 25 steps (72%) done
Resources before job selection: {'_cores': 12, '_nodes': 9223372036854775806}
Ready jobs (1)
Select jobs to execute...
Using greedy selector because only single job has to be scheduled.
Selected jobs (1)
Resources after job selection: {'_cores': 6, '_nodes': 9223372036854775805}
Execute 1 jobs...

[Thu Aug 15 17:12:11 2024]
Job 16: RAP1_REP1_treatment: Marking duplicate reads
Reason: Missing output files: results/align/bam_markup/RAP1_REP1_treatment/RAP1_REP1_treatment.markdup.sorted.bam; Input files updated by another job: results/align/bam_original/RAP1_REP1_treatment/RAP1_REP1_treatment.sorted.bam

Completion of job ['picard_mark_duplicates'] reported to scheduler.
jobs registered as running before removal {picard_mark_duplicates, align_paired}
[Thu Aug 15 17:12:15 2024]
Finished job 16.
19 of 25 steps (76%) done
Resources before job selection: {'_cores': 12, '_nodes': 9223372036854775806}
Ready jobs (1)
Select jobs to execute...
Using greedy selector because only single job has to be scheduled.
Selected jobs (1)
Resources after job selection: {'_cores': 6, '_nodes': 9223372036854775805}
Execute 1 jobs...

[Thu Aug 15 17:12:15 2024]
Job 22: RAP1_REP1_treatment: Running Samtools to mark duplicate reads
Reason: Missing output files: results/align/bam_markup/RAP1_REP1_treatment/samtools/RAP1_REP1_treatment.markdup.sorted.bam.stats; Input files updated by another job: results/align/bam_markup/RAP1_REP1_treatment/RAP1_REP1_treatment.markdup.sorted.bam

Completion of job ['samtools_markdup_processing'] reported to scheduler.
jobs registered as running before removal {samtools_markdup_processing, align_paired}
[Thu Aug 15 17:12:15 2024]
Finished job 22.
20 of 25 steps (80%) done
Completion of job ['align_paired'] reported to scheduler.
jobs registered as running before removal {align_paired}
[Thu Aug 15 17:13:05 2024]
Finished job 2.
21 of 25 steps (84%) done
Resources before job selection: {'_cores': 24, '_nodes': 9223372036854775807}
Ready jobs (1)
Select jobs to execute...
Using greedy selector because only single job has to be scheduled.
Selected jobs (1)
Resources after job selection: {'_cores': 18, '_nodes': 9223372036854775806}
Execute 1 jobs...

[Thu Aug 15 17:13:05 2024]
Job 8: WT_REP2_control: Sorting and indexing alignments
Reason: Missing output files: results/align/bam_original/WT_REP2_control/WT_REP2_control.sorted.bam, results/align/bam_original/WT_REP2_control/WT_REP2_control.sorted.bam.stats; Input files updated by another job: results/align/bam_original/WT_REP2_control/WT_REP2_control.Aligned.out.bam

Completion of job ['samtools_process'] reported to scheduler.
jobs registered as running before removal {samtools_process}
[Thu Aug 15 17:13:05 2024]
Finished job 8.
22 of 25 steps (88%) done
Resources before job selection: {'_cores': 24, '_nodes': 9223372036854775807}
Ready jobs (1)
Select jobs to execute...
Using greedy selector because only single job has to be scheduled.
Selected jobs (1)
Resources after job selection: {'_cores': 18, '_nodes': 9223372036854775806}
Execute 1 jobs...

[Thu Aug 15 17:13:05 2024]
Job 14: WT_REP2_control: Marking duplicate reads
Reason: Missing output files: results/align/bam_markup/WT_REP2_control/WT_REP2_control.markdup.sorted.bam; Input files updated by another job: results/align/bam_original/WT_REP2_control/WT_REP2_control.sorted.bam

Completion of job ['picard_mark_duplicates'] reported to scheduler.
jobs registered as running before removal {picard_mark_duplicates}
[Thu Aug 15 17:13:09 2024]
Finished job 14.
23 of 25 steps (92%) done
Resources before job selection: {'_cores': 24, '_nodes': 9223372036854775807}
Ready jobs (1)
Select jobs to execute...
Using greedy selector because only single job has to be scheduled.
Selected jobs (1)
Resources after job selection: {'_cores': 18, '_nodes': 9223372036854775806}
Execute 1 jobs...

[Thu Aug 15 17:13:09 2024]
Job 20: WT_REP2_control: Running Samtools to mark duplicate reads
Reason: Missing output files: results/align/bam_markup/WT_REP2_control/samtools/WT_REP2_control.markdup.sorted.bam.stats; Input files updated by another job: results/align/bam_markup/WT_REP2_control/WT_REP2_control.markdup.sorted.bam

Completion of job ['samtools_markdup_processing'] reported to scheduler.
jobs registered as running before removal {samtools_markdup_processing}
[Thu Aug 15 17:13:09 2024]
Finished job 20.
24 of 25 steps (96%) done
Resources before job selection: {'_cores': 24, '_nodes': 9223372036854775807}
Ready jobs (1)
Select jobs to execute...
Using greedy selector because only single job has to be scheduled.
Selected jobs (1)
Resources after job selection: {'_cores': 23, '_nodes': 9223372036854775806}
Execute 1 jobs...

[Thu Aug 15 17:13:09 2024]
localrule all:
    input: results/align/bam_original/WT_REP1_control/WT_REP1_control.Aligned.out.bam, results/align/bam_original/WT_REP2_control/WT_REP2_control.Aligned.out.bam, results/align/bam_original/WT_REP3_control/WT_REP3_control.Aligned.out.bam, results/align/bam_original/RAP1_REP1_treatment/RAP1_REP1_treatment.Aligned.out.bam, results/align/bam_original/RAP1_REP2_treatment/RAP1_REP2_treatment.Aligned.out.bam, results/align/bam_original/RAP1_REP3_treatment/RAP1_REP3_treatment.Aligned.out.bam, results/align/bam_original/WT_REP1_control/WT_REP1_control.sorted.bam.stats, results/align/bam_original/WT_REP2_control/WT_REP2_control.sorted.bam.stats, results/align/bam_original/WT_REP3_control/WT_REP3_control.sorted.bam.stats, results/align/bam_original/RAP1_REP1_treatment/RAP1_REP1_treatment.sorted.bam.stats, results/align/bam_original/RAP1_REP2_treatment/RAP1_REP2_treatment.sorted.bam.stats, results/align/bam_original/RAP1_REP3_treatment/RAP1_REP3_treatment.sorted.bam.stats, results/align/bam_markup/WT_REP1_control/WT_REP1_control.markdup.sorted.bam, results/align/bam_markup/WT_REP2_control/WT_REP2_control.markdup.sorted.bam, results/align/bam_markup/WT_REP3_control/WT_REP3_control.markdup.sorted.bam, results/align/bam_markup/RAP1_REP1_treatment/RAP1_REP1_treatment.markdup.sorted.bam, results/align/bam_markup/RAP1_REP2_treatment/RAP1_REP2_treatment.markdup.sorted.bam, results/align/bam_markup/RAP1_REP3_treatment/RAP1_REP3_treatment.markdup.sorted.bam, results/align/bam_markup/WT_REP1_control/samtools/WT_REP1_control.markdup.sorted.bam.stats, results/align/bam_markup/WT_REP2_control/samtools/WT_REP2_control.markdup.sorted.bam.stats, results/align/bam_markup/WT_REP3_control/samtools/WT_REP3_control.markdup.sorted.bam.stats, results/align/bam_markup/RAP1_REP1_treatment/samtools/RAP1_REP1_treatment.markdup.sorted.bam.stats, results/align/bam_markup/RAP1_REP2_treatment/samtools/RAP1_REP2_treatment.markdup.sorted.bam.stats, results/align/bam_markup/RAP1_REP3_treatment/samtools/RAP1_REP3_treatment.markdup.sorted.bam.stats
    jobid: 0
    reason: Input files updated by another job: results/align/bam_original/RAP1_REP1_treatment/RAP1_REP1_treatment.sorted.bam.stats, results/align/bam_markup/RAP1_REP3_treatment/RAP1_REP3_treatment.markdup.sorted.bam, results/align/bam_markup/RAP1_REP1_treatment/RAP1_REP1_treatment.markdup.sorted.bam, results/align/bam_markup/WT_REP1_control/samtools/WT_REP1_control.markdup.sorted.bam.stats, results/align/bam_original/WT_REP1_control/WT_REP1_control.sorted.bam.stats, results/align/bam_original/RAP1_REP3_treatment/RAP1_REP3_treatment.Aligned.out.bam, results/align/bam_original/WT_REP2_control/WT_REP2_control.Aligned.out.bam, results/align/bam_markup/RAP1_REP3_treatment/samtools/RAP1_REP3_treatment.markdup.sorted.bam.stats, results/align/bam_original/WT_REP3_control/WT_REP3_control.Aligned.out.bam, results/align/bam_markup/RAP1_REP2_treatment/RAP1_REP2_treatment.markdup.sorted.bam, results/align/bam_original/RAP1_REP3_treatment/RAP1_REP3_treatment.sorted.bam.stats, results/align/bam_original/RAP1_REP1_treatment/RAP1_REP1_treatment.Aligned.out.bam, results/align/bam_markup/WT_REP1_control/WT_REP1_control.markdup.sorted.bam, results/align/bam_original/WT_REP2_control/WT_REP2_control.sorted.bam.stats, results/align/bam_markup/WT_REP2_control/samtools/WT_REP2_control.markdup.sorted.bam.stats, results/align/bam_original/RAP1_REP2_treatment/RAP1_REP2_treatment.sorted.bam.stats, results/align/bam_markup/RAP1_REP1_treatment/samtools/RAP1_REP1_treatment.markdup.sorted.bam.stats, results/align/bam_original/WT_REP1_control/WT_REP1_control.Aligned.out.bam, results/align/bam_markup/RAP1_REP2_treatment/samtools/RAP1_REP2_treatment.markdup.sorted.bam.stats, results/align/bam_markup/WT_REP2_control/WT_REP2_control.markdup.sorted.bam, results/align/bam_markup/WT_REP3_control/WT_REP3_control.markdup.sorted.bam, results/align/bam_markup/WT_REP3_control/samtools/WT_REP3_control.markdup.sorted.bam.stats, results/align/bam_original/RAP1_REP2_treatment/RAP1_REP2_treatment.Aligned.out.bam, results/align/bam_original/WT_REP3_control/WT_REP3_control.sorted.bam.stats
    resources: tmpdir=/tmp

Completion of job ['all'] reported to scheduler.
jobs registered as running before removal {all}
[Thu Aug 15 17:13:09 2024]
Finished job 0.
25 of 25 steps (100%) done
Complete log: .snakemake/log/2024-08-15T171028.441152.snakemake.log
unlocking
removing lock
removing lock
removed all locks
