Building DAG of jobs...
shared_storage_local_copies: True
remote_exec: False
Using shell: /usr/bin/bash
Provided cores: 24
Rules claiming more threads will be scaled down.
Conda environments: ignored
Job stats:
job                            count
---------------------------  -------
all                                1
picard_mark_duplicates             6
samtools_markdup_processing        6
samtools_process                   6
total                             19

Resources before job selection: {'_cores': 24, '_nodes': 9223372036854775807}
Ready jobs (6)
Select jobs to execute...
Selected jobs (4)
Resources after job selection: {'_cores': 0, '_nodes': 9223372036854775803}
Execute 4 jobs...

[Thu Aug 15 17:46:16 2024]
Job 14: WT_REP2_control: Sorting and indexing alignments
Reason: Code has changed since last execution


[Thu Aug 15 17:46:16 2024]
Job 17: RAP1_REP2_treatment: Sorting and indexing alignments
Reason: Code has changed since last execution


[Thu Aug 15 17:46:16 2024]
Job 16: RAP1_REP1_treatment: Sorting and indexing alignments
Reason: Code has changed since last execution


[Thu Aug 15 17:46:16 2024]
Job 18: RAP1_REP3_treatment: Sorting and indexing alignments
Reason: Code has changed since last execution

Completion of job ['samtools_process'] reported to scheduler.
jobs registered as running before removal {samtools_process, samtools_process, samtools_process, samtools_process}
[Thu Aug 15 17:46:16 2024]
Finished job 18.
1 of 19 steps (5%) done
Resources before job selection: {'_cores': 6, '_nodes': 9223372036854775804}
Completion of job ['samtools_process'] reported to scheduler.
Ready jobs (3)
Select jobs to execute...
Completion of job ['samtools_process'] reported to scheduler.
Selected jobs (1)
Resources after job selection: {'_cores': 0, '_nodes': 9223372036854775803}
Execute 1 jobs...

[Thu Aug 15 17:46:16 2024]
Job 13: WT_REP1_control: Sorting and indexing alignments
Reason: Code has changed since last execution

jobs registered as running before removal {samtools_process, samtools_process, samtools_process, samtools_process}
[Thu Aug 15 17:46:16 2024]
Finished job 16.
2 of 19 steps (11%) done
jobs registered as running before removal {samtools_process, samtools_process, samtools_process}
[Thu Aug 15 17:46:16 2024]
Finished job 17.
3 of 19 steps (16%) done
Resources before job selection: {'_cores': 12, '_nodes': 9223372036854775805}
Ready jobs (4)
Select jobs to execute...
Selected jobs (1)
Resources after job selection: {'_cores': 0, '_nodes': 9223372036854775804}
Execute 1 jobs...

[Thu Aug 15 17:46:16 2024]
Job 23: RAP1_REP2_treatment: Marking duplicate reads
Reason: Input files updated by another job: results/align/bam_original/RAP1_REP2_treatment/RAP1_REP2_treatment.sorted.bam

Resources before job selection: {'_cores': 0, '_nodes': 9223372036854775804}
Ready jobs (3)
Select jobs to execute...
Selected jobs (0)
Resources after job selection: {'_cores': 0, '_nodes': 9223372036854775804}
Completion of job ['samtools_process'] reported to scheduler.
jobs registered as running before removal {samtools_process, picard_mark_duplicates, samtools_process}
[Thu Aug 15 17:46:16 2024]
Finished job 14.
4 of 19 steps (21%) done
Resources before job selection: {'_cores': 6, '_nodes': 9223372036854775805}
Ready jobs (4)
Selected jobs (1)
Resources after job selection: {'_cores': 0, '_nodes': 9223372036854775804}
Execute 1 jobs...

[Thu Aug 15 17:46:16 2024]
Job 15: WT_REP3_control: Sorting and indexing alignments
Reason: Code has changed since last execution

Completion of job ['samtools_process'] reported to scheduler.
jobs registered as running before removal {samtools_process, picard_mark_duplicates, samtools_process}
[Thu Aug 15 17:46:16 2024]
Finished job 13.
5 of 19 steps (26%) done
Resources before job selection: {'_cores': 6, '_nodes': 9223372036854775805}
Ready jobs (4)
Select jobs to execute...
Selected jobs (0)
Resources after job selection: {'_cores': 6, '_nodes': 9223372036854775805}
Completion of job ['samtools_process'] reported to scheduler.
jobs registered as running before removal {picard_mark_duplicates, samtools_process}
[Thu Aug 15 17:46:16 2024]
Finished job 15.
6 of 19 steps (32%) done
Resources before job selection: {'_cores': 12, '_nodes': 9223372036854775806}
Ready jobs (5)
Selected jobs (1)
Resources after job selection: {'_cores': 0, '_nodes': 9223372036854775805}
Execute 1 jobs...

[Thu Aug 15 17:46:16 2024]
Job 21: WT_REP3_control: Marking duplicate reads
Reason: Input files updated by another job: results/align/bam_original/WT_REP3_control/WT_REP3_control.sorted.bam

Completion of job ['picard_mark_duplicates'] reported to scheduler.
jobs registered as running before removal {picard_mark_duplicates, picard_mark_duplicates}
[Thu Aug 15 17:46:17 2024]
Finished job 23.
7 of 19 steps (37%) done
Resources before job selection: {'_cores': 12, '_nodes': 9223372036854775806}
Ready jobs (5)
Select jobs to execute...
Selected jobs (1)
Resources after job selection: {'_cores': 0, '_nodes': 9223372036854775805}
Execute 1 jobs...

[Thu Aug 15 17:46:17 2024]
Job 20: WT_REP2_control: Marking duplicate reads
Reason: Input files updated by another job: results/align/bam_original/WT_REP2_control/WT_REP2_control.sorted.bam

Completion of job ['picard_mark_duplicates'] reported to scheduler.
jobs registered as running before removal {picard_mark_duplicates, picard_mark_duplicates}
[Thu Aug 15 17:46:18 2024]
Finished job 21.
8 of 19 steps (42%) done
Resources before job selection: {'_cores': 12, '_nodes': 9223372036854775806}
Ready jobs (5)
Select jobs to execute...
Selected jobs (1)
Resources after job selection: {'_cores': 0, '_nodes': 9223372036854775805}
Execute 1 jobs...

[Thu Aug 15 17:46:18 2024]
Job 19: WT_REP1_control: Marking duplicate reads
Reason: Input files updated by another job: results/align/bam_original/WT_REP1_control/WT_REP1_control.sorted.bam

Completion of job ['picard_mark_duplicates'] reported to scheduler.
jobs registered as running before removal {picard_mark_duplicates, picard_mark_duplicates}
[Thu Aug 15 17:46:18 2024]
Finished job 20.
9 of 19 steps (47%) done
Resources before job selection: {'_cores': 12, '_nodes': 9223372036854775806}
Ready jobs (5)
Select jobs to execute...
Selected jobs (1)
Resources after job selection: {'_cores': 0, '_nodes': 9223372036854775805}
Execute 1 jobs...

[Thu Aug 15 17:46:18 2024]
Job 24: RAP1_REP3_treatment: Marking duplicate reads
Reason: Input files updated by another job: results/align/bam_original/RAP1_REP3_treatment/RAP1_REP3_treatment.sorted.bam

Completion of job ['picard_mark_duplicates'] reported to scheduler.
jobs registered as running before removal {picard_mark_duplicates, picard_mark_duplicates}
[Thu Aug 15 17:46:19 2024]
Finished job 19.
10 of 19 steps (53%) done
Resources before job selection: {'_cores': 12, '_nodes': 9223372036854775806}
Ready jobs (5)
Select jobs to execute...
Selected jobs (1)
Resources after job selection: {'_cores': 0, '_nodes': 9223372036854775805}
Execute 1 jobs...

[Thu Aug 15 17:46:19 2024]
Job 22: RAP1_REP1_treatment: Marking duplicate reads
Reason: Input files updated by another job: results/align/bam_original/RAP1_REP1_treatment/RAP1_REP1_treatment.sorted.bam

Completion of job ['picard_mark_duplicates'] reported to scheduler.
jobs registered as running before removal {picard_mark_duplicates, picard_mark_duplicates}
[Thu Aug 15 17:46:20 2024]
Finished job 24.
11 of 19 steps (58%) done
Resources before job selection: {'_cores': 12, '_nodes': 9223372036854775806}
Ready jobs (5)
Select jobs to execute...
Selected jobs (5)
Resources after job selection: {'_cores': 7, '_nodes': 9223372036854775801}
Execute 5 jobs...

[Thu Aug 15 17:46:20 2024]
Job 25: WT_REP1_control: Running Samtools to mark duplicate reads
Reason: Input files updated by another job: results/align/bam_markup/WT_REP1_control/WT_REP1_control.markdup.sorted.bam


[Thu Aug 15 17:46:20 2024]
Job 29: RAP1_REP2_treatment: Running Samtools to mark duplicate reads
Reason: Input files updated by another job: results/align/bam_markup/RAP1_REP2_treatment/RAP1_REP2_treatment.markdup.sorted.bam


[Thu Aug 15 17:46:20 2024]
Job 27: WT_REP3_control: Running Samtools to mark duplicate reads
Reason: Input files updated by another job: results/align/bam_markup/WT_REP3_control/WT_REP3_control.markdup.sorted.bam


[Thu Aug 15 17:46:20 2024]
Job 30: RAP1_REP3_treatment: Running Samtools to mark duplicate reads
Reason: Input files updated by another job: results/align/bam_markup/RAP1_REP3_treatment/RAP1_REP3_treatment.markdup.sorted.bam


[Thu Aug 15 17:46:20 2024]
Job 26: WT_REP2_control: Running Samtools to mark duplicate reads
Reason: Input files updated by another job: results/align/bam_markup/WT_REP2_control/WT_REP2_control.markdup.sorted.bam

Completion of job ['samtools_markdup_processing'] reported to scheduler.
jobs registered as running before removal {samtools_markdup_processing, samtools_markdup_processing, picard_mark_duplicates, samtools_markdup_processing, samtools_markdup_processing, samtools_markdup_processing}
[Thu Aug 15 17:46:20 2024]
Finished job 29.
12 of 19 steps (63%) done
Completion of job ['samtools_markdup_processing'] reported to scheduler.
jobs registered as running before removal {samtools_markdup_processing, samtools_markdup_processing, picard_mark_duplicates, samtools_markdup_processing, samtools_markdup_processing}
[Thu Aug 15 17:46:20 2024]
Finished job 30.
13 of 19 steps (68%) done
Completion of job ['samtools_markdup_processing'] reported to scheduler.
jobs registered as running before removal {samtools_markdup_processing, picard_mark_duplicates, samtools_markdup_processing, samtools_markdup_processing}
[Thu Aug 15 17:46:20 2024]
Finished job 26.
14 of 19 steps (74%) done
Completion of job ['samtools_markdup_processing'] reported to scheduler.
jobs registered as running before removal {samtools_markdup_processing, picard_mark_duplicates, samtools_markdup_processing}
[Thu Aug 15 17:46:20 2024]
Finished job 25.
15 of 19 steps (79%) done
Completion of job ['samtools_markdup_processing'] reported to scheduler.
jobs registered as running before removal {samtools_markdup_processing, picard_mark_duplicates}
[Thu Aug 15 17:46:20 2024]
Finished job 27.
16 of 19 steps (84%) done
Completion of job ['picard_mark_duplicates'] reported to scheduler.
jobs registered as running before removal {picard_mark_duplicates}
[Thu Aug 15 17:46:20 2024]
Finished job 22.
17 of 19 steps (89%) done
Resources before job selection: {'_cores': 24, '_nodes': 9223372036854775807}
Ready jobs (1)
Select jobs to execute...
Using greedy selector because only single job has to be scheduled.
Selected jobs (1)
Resources after job selection: {'_cores': 23, '_nodes': 9223372036854775806}
Execute 1 jobs...

[Thu Aug 15 17:46:20 2024]
Job 28: RAP1_REP1_treatment: Running Samtools to mark duplicate reads
Reason: Input files updated by another job: results/align/bam_markup/RAP1_REP1_treatment/RAP1_REP1_treatment.markdup.sorted.bam

Completion of job ['samtools_markdup_processing'] reported to scheduler.
jobs registered as running before removal {samtools_markdup_processing}
[Thu Aug 15 17:46:20 2024]
Finished job 28.
18 of 19 steps (95%) done
Resources before job selection: {'_cores': 24, '_nodes': 9223372036854775807}
Ready jobs (1)
Select jobs to execute...
Using greedy selector because only single job has to be scheduled.
Selected jobs (1)
Resources after job selection: {'_cores': 23, '_nodes': 9223372036854775806}
Execute 1 jobs...

[Thu Aug 15 17:46:20 2024]
localrule all:
    input: results/align/bam_original/WT_REP1_control/WT_REP1_control.Aligned.out.bam, results/align/bam_original/WT_REP2_control/WT_REP2_control.Aligned.out.bam, results/align/bam_original/WT_REP3_control/WT_REP3_control.Aligned.out.bam, results/align/bam_original/RAP1_REP1_treatment/RAP1_REP1_treatment.Aligned.out.bam, results/align/bam_original/RAP1_REP2_treatment/RAP1_REP2_treatment.Aligned.out.bam, results/align/bam_original/RAP1_REP3_treatment/RAP1_REP3_treatment.Aligned.out.bam, results/align/bam_original/WT_REP1_control/WT_REP1_control.Aligned.toTranscriptome.out.bam, results/align/bam_original/WT_REP2_control/WT_REP2_control.Aligned.toTranscriptome.out.bam, results/align/bam_original/WT_REP3_control/WT_REP3_control.Aligned.toTranscriptome.out.bam, results/align/bam_original/RAP1_REP1_treatment/RAP1_REP1_treatment.Aligned.toTranscriptome.out.bam, results/align/bam_original/RAP1_REP2_treatment/RAP1_REP2_treatment.Aligned.toTranscriptome.out.bam, results/align/bam_original/RAP1_REP3_treatment/RAP1_REP3_treatment.Aligned.toTranscriptome.out.bam, results/align/bam_original/WT_REP1_control/WT_REP1_control.sorted.bam.stats, results/align/bam_original/WT_REP2_control/WT_REP2_control.sorted.bam.stats, results/align/bam_original/WT_REP3_control/WT_REP3_control.sorted.bam.stats, results/align/bam_original/RAP1_REP1_treatment/RAP1_REP1_treatment.sorted.bam.stats, results/align/bam_original/RAP1_REP2_treatment/RAP1_REP2_treatment.sorted.bam.stats, results/align/bam_original/RAP1_REP3_treatment/RAP1_REP3_treatment.sorted.bam.stats, results/align/bam_markup/WT_REP1_control/WT_REP1_control.markdup.sorted.bam, results/align/bam_markup/WT_REP2_control/WT_REP2_control.markdup.sorted.bam, results/align/bam_markup/WT_REP3_control/WT_REP3_control.markdup.sorted.bam, results/align/bam_markup/RAP1_REP1_treatment/RAP1_REP1_treatment.markdup.sorted.bam, results/align/bam_markup/RAP1_REP2_treatment/RAP1_REP2_treatment.markdup.sorted.bam, results/align/bam_markup/RAP1_REP3_treatment/RAP1_REP3_treatment.markdup.sorted.bam, results/align/bam_markup/WT_REP1_control/WT_REP1_control.markdup.sorted.bam.stats, results/align/bam_markup/WT_REP2_control/WT_REP2_control.markdup.sorted.bam.stats, results/align/bam_markup/WT_REP3_control/WT_REP3_control.markdup.sorted.bam.stats, results/align/bam_markup/RAP1_REP1_treatment/RAP1_REP1_treatment.markdup.sorted.bam.stats, results/align/bam_markup/RAP1_REP2_treatment/RAP1_REP2_treatment.markdup.sorted.bam.stats, results/align/bam_markup/RAP1_REP3_treatment/RAP1_REP3_treatment.markdup.sorted.bam.stats
    jobid: 0
    reason: Input files updated by another job: results/align/bam_markup/WT_REP2_control/WT_REP2_control.markdup.sorted.bam.stats, results/align/bam_markup/WT_REP3_control/WT_REP3_control.markdup.sorted.bam.stats, results/align/bam_markup/RAP1_REP1_treatment/RAP1_REP1_treatment.markdup.sorted.bam, results/align/bam_markup/WT_REP3_control/WT_REP3_control.markdup.sorted.bam, results/align/bam_markup/WT_REP1_control/WT_REP1_control.markdup.sorted.bam, results/align/bam_original/RAP1_REP1_treatment/RAP1_REP1_treatment.sorted.bam.stats, results/align/bam_markup/RAP1_REP2_treatment/RAP1_REP2_treatment.markdup.sorted.bam.stats, results/align/bam_markup/WT_REP2_control/WT_REP2_control.markdup.sorted.bam, results/align/bam_markup/RAP1_REP2_treatment/RAP1_REP2_treatment.markdup.sorted.bam, results/align/bam_original/RAP1_REP2_treatment/RAP1_REP2_treatment.sorted.bam.stats, results/align/bam_original/RAP1_REP3_treatment/RAP1_REP3_treatment.sorted.bam.stats, results/align/bam_original/WT_REP2_control/WT_REP2_control.sorted.bam.stats, results/align/bam_markup/RAP1_REP3_treatment/RAP1_REP3_treatment.markdup.sorted.bam, results/align/bam_original/WT_REP1_control/WT_REP1_control.sorted.bam.stats, results/align/bam_markup/WT_REP1_control/WT_REP1_control.markdup.sorted.bam.stats, results/align/bam_markup/RAP1_REP3_treatment/RAP1_REP3_treatment.markdup.sorted.bam.stats, results/align/bam_markup/RAP1_REP1_treatment/RAP1_REP1_treatment.markdup.sorted.bam.stats, results/align/bam_original/WT_REP3_control/WT_REP3_control.sorted.bam.stats
    resources: tmpdir=/tmp

Completion of job ['all'] reported to scheduler.
jobs registered as running before removal {all}
[Thu Aug 15 17:46:20 2024]
Finished job 0.
19 of 19 steps (100%) done
Complete log: .snakemake/log/2024-08-15T174616.222087.snakemake.log
unlocking
removing lock
removing lock
removed all locks
