Building DAG of jobs...
shared_storage_local_copies: True
remote_exec: False
Using shell: /usr/bin/bash
Provided cores: 24
Rules claiming more threads will be scaled down.
Conda environments: ignored
Job stats:
job             count
------------  -------
align_paired        3
align_single        3
all                 1
total               7

Resources before job selection: {'_cores': 24, '_nodes': 9223372036854775807}
Ready jobs (6)
Select jobs to execute...
Selected jobs (2)
Resources after job selection: {'_cores': 0, '_nodes': 9223372036854775805}
Execute 2 jobs...

[Thu Aug 15 14:03:19 2024]
localrule align_paired:
    input: results/trimmed/WT_REP3_control_trimmed_R1.fq.gz, results/trimmed/WT_REP3_control_trimmed_R2.fq.gz, resources/annotation.gtf, resources/star_index
    output: results/align/bam_original/WT_REP3_control/WT_REP3_control.Aligned.out.bam
    log: logs/star_align/WT_REP3_control.star_align.log
    jobid: 5
    reason: Missing output files: results/align/bam_original/WT_REP3_control/WT_REP3_control.Aligned.out.bam; Code has changed since last execution
    wildcards: sample=WT_REP3_control
    threads: 12
    resources: tmpdir=/tmp


[Thu Aug 15 14:03:19 2024]
localrule align_paired:
    input: results/trimmed/WT_REP2_control_trimmed_R1.fq.gz, results/trimmed/WT_REP2_control_trimmed_R2.fq.gz, resources/annotation.gtf, resources/star_index
    output: results/align/bam_original/WT_REP2_control/WT_REP2_control.Aligned.out.bam
    log: logs/star_align/WT_REP2_control.star_align.log
    jobid: 3
    reason: Missing output files: results/align/bam_original/WT_REP2_control/WT_REP2_control.Aligned.out.bam; Code has changed since last execution
    wildcards: sample=WT_REP2_control
    threads: 12
    resources: tmpdir=/tmp

Completion of job ['align_paired'] reported to scheduler.
jobs registered as running before removal {align_paired, align_paired}
[Thu Aug 15 14:05:03 2024]
Finished job 5.
1 of 7 steps (14%) done
Resources before job selection: {'_cores': 12, '_nodes': 9223372036854775806}
Ready jobs (4)
Select jobs to execute...
Selected jobs (1)
Resources after job selection: {'_cores': 0, '_nodes': 9223372036854775805}
Execute 1 jobs...

[Thu Aug 15 14:05:03 2024]
localrule align_paired:
    input: results/trimmed/WT_REP1_control_trimmed_R1.fq.gz, results/trimmed/WT_REP1_control_trimmed_R2.fq.gz, resources/annotation.gtf, resources/star_index
    output: results/align/bam_original/WT_REP1_control/WT_REP1_control.Aligned.out.bam
    log: logs/star_align/WT_REP1_control.star_align.log
    jobid: 1
    reason: Missing output files: results/align/bam_original/WT_REP1_control/WT_REP1_control.Aligned.out.bam; Code has changed since last execution
    wildcards: sample=WT_REP1_control
    threads: 12
    resources: tmpdir=/tmp

Completion of job ['align_paired'] reported to scheduler.
jobs registered as running before removal {align_paired, align_paired}
[Thu Aug 15 14:05:13 2024]
Finished job 3.
2 of 7 steps (29%) done
Resources before job selection: {'_cores': 12, '_nodes': 9223372036854775806}
Ready jobs (3)
Select jobs to execute...
Selected jobs (1)
Resources after job selection: {'_cores': 0, '_nodes': 9223372036854775805}
Execute 1 jobs...

[Thu Aug 15 14:05:13 2024]
localrule align_single:
    input: results/trimmed/RAP1_REP3_treatment_trimmed_R1.fq.gz, resources/annotation.gtf, resources/star_index
    output: results/align/bam_original/RAP1_REP3_treatment/RAP1_REP3_treatment.Aligned.out.bam
    log: logs/star_align/RAP1_REP3_treatment.star_align.log
    jobid: 11
    reason: Missing output files: results/align/bam_original/RAP1_REP3_treatment/RAP1_REP3_treatment.Aligned.out.bam; Code has changed since last execution
    wildcards: sample=RAP1_REP3_treatment
    threads: 12
    resources: tmpdir=/tmp

unlocking
removing lock
removing lock
removed all locks
Full Traceback (most recent call last):
  File "/home/lucianhu/micromamba/envs/rna_snakemake/lib/python3.12/site-packages/snakemake/jobs.py", line 948, in format_wildcards
    return format(string, **_variables)
           ^^^^^^^^^^^^^^^^^^^^^^^^^^^^
  File "/home/lucianhu/micromamba/envs/rna_snakemake/lib/python3.12/site-packages/snakemake/utils.py", line 427, in format
    return fmt.format(_pattern, *args, **variables)
           ^^^^^^^^^^^^^^^^^^^^^^^^^^^^^^^^^^^^^^^^
  File "/home/lucianhu/micromamba/envs/rna_snakemake/lib/python3.12/string.py", line 190, in format
    return self.vformat(format_string, args, kwargs)
           ^^^^^^^^^^^^^^^^^^^^^^^^^^^^^^^^^^^^^^^^^
  File "/home/lucianhu/micromamba/envs/rna_snakemake/lib/python3.12/string.py", line 194, in vformat
    result, _ = self._vformat(format_string, args, kwargs, used_args, 2)
                ^^^^^^^^^^^^^^^^^^^^^^^^^^^^^^^^^^^^^^^^^^^^^^^^^^^^^^^^
  File "/home/lucianhu/micromamba/envs/rna_snakemake/lib/python3.12/string.py", line 234, in _vformat
    obj, arg_used = self.get_field(field_name, args, kwargs)
                    ^^^^^^^^^^^^^^^^^^^^^^^^^^^^^^^^^^^^^^^^
  File "/home/lucianhu/micromamba/envs/rna_snakemake/lib/python3.12/string.py", line 305, in get_field
    obj = getattr(obj, i)
          ^^^^^^^^^^^^^^^
AttributeError: 'OutputFiles' object has no attribute 'align_dir'

During handling of the above exception, another exception occurred:

Traceback (most recent call last):
  File "/home/lucianhu/micromamba/envs/rna_snakemake/lib/python3.12/site-packages/snakemake/cli.py", line 2103, in args_to_api
    dag_api.execute_workflow(
  File "/home/lucianhu/micromamba/envs/rna_snakemake/lib/python3.12/site-packages/snakemake/api.py", line 594, in execute_workflow
    workflow.execute(
  File "/home/lucianhu/micromamba/envs/rna_snakemake/lib/python3.12/site-packages/snakemake/workflow.py", line 1248, in execute
    raise e
  File "/home/lucianhu/micromamba/envs/rna_snakemake/lib/python3.12/site-packages/snakemake/workflow.py", line 1244, in execute
    success = self.scheduler.schedule()
              ^^^^^^^^^^^^^^^^^^^^^^^^^
  File "/home/lucianhu/micromamba/envs/rna_snakemake/lib/python3.12/site-packages/snakemake/scheduler.py", line 313, in schedule
    self.run(
  File "/home/lucianhu/micromamba/envs/rna_snakemake/lib/python3.12/site-packages/snakemake/scheduler.py", line 406, in run
    executor.run_jobs(jobs)
  File "/home/lucianhu/micromamba/envs/rna_snakemake/lib/python3.12/site-packages/snakemake_interface_executor_plugins/executors/base.py", line 71, in run_jobs
    self.run_job_pre(job)
  File "/home/lucianhu/micromamba/envs/rna_snakemake/lib/python3.12/site-packages/snakemake_interface_executor_plugins/executors/base.py", line 86, in run_job_pre
    self.printjob(job)
  File "/home/lucianhu/micromamba/envs/rna_snakemake/lib/python3.12/site-packages/snakemake_interface_executor_plugins/executors/base.py", line 110, in printjob
    job.log_info()
  File "/home/lucianhu/micromamba/envs/rna_snakemake/lib/python3.12/site-packages/snakemake/jobs.py", line 1042, in log_info
    logger.shellcmd(self.shellcmd, indent=indent)
                    ^^^^^^^^^^^^^
  File "/home/lucianhu/micromamba/envs/rna_snakemake/lib/python3.12/site-packages/snakemake/jobs.py", line 601, in shellcmd
    self.format_wildcards(self.rule.shellcmd)
  File "/home/lucianhu/micromamba/envs/rna_snakemake/lib/python3.12/site-packages/snakemake/jobs.py", line 950, in format_wildcards
    raise RuleException(
snakemake.exceptions.RuleException: AttributeError: 'OutputFiles' object has no attribute 'align_dir', when formatting the following:

        mkdir -p {output.align_dir}
        # Run STAR alignment
        STAR --genomeDir {input.star_index}              --readFilesIn {input[0]}              --runThreadN {threads}              --genomeLoad NoSharedMemory              --outFileNamePrefix results/align/bam_original/{wildcards.sample}/{wildcards.sample}.              --sjdbGTFfile {input.gtf}              --outSAMattrRGline 'ID:{wildcards.sample}' 'SM:{wildcards.sample}'              --outSAMtype BAM Unsorted              --quantMode TranscriptomeSAM              --twopassMode Basic              --readFilesCommand zcat              --runRNGseed 0              --alignSJDBoverhangMin 1              --outSAMattributes NH HI AS NM MD              --outSAMstrandField intronMotif              --quantTranscriptomeSAMoutput BanSingleEnd              --outFilterMultimapNmax 1              --outFilterMismatchNmax 3              --peOverlapNbasesMin 10              --alignSplicedMateMapLminOverLmate 0.5              --chimSegmentMin 10              --chimOutType WithinBAM SoftClip              --chimJunctionOverhangMin 10              --chimScoreMin 1              --chimScoreDropMax 30              --chimScoreJunctionNonGTAG 0              --chimScoreSeparation 1              --alignSJstitchMismatchNmax 5 -1 5 5              --chimSegmentReadGapMax 3 &> {log}

        # Check and move unmapped files if they exist to the temp directory
        if [ -f results/align/{wildcards.sample}.Unmapped.out.mate1 ]; then
            mv results/align/{wildcards.sample}.Unmapped.out.mate1 results/temp/align/{wildcards.sample}.unmapped_1.fastq
            gzip results/temp/align/{wildcards.sample}.unmapped_1.fastq
        fi
        

RuleException in rule align_single in file /home/lucianhu/rna_snakemake/test_ting/Snakefile, line 213:
AttributeError: 'OutputFiles' object has no attribute 'align_dir', when formatting the following:

        mkdir -p {output.align_dir}
        # Run STAR alignment
        STAR --genomeDir {input.star_index}              --readFilesIn {input[0]}              --runThreadN {threads}              --genomeLoad NoSharedMemory              --outFileNamePrefix results/align/bam_original/{wildcards.sample}/{wildcards.sample}.              --sjdbGTFfile {input.gtf}              --outSAMattrRGline 'ID:{wildcards.sample}' 'SM:{wildcards.sample}'              --outSAMtype BAM Unsorted              --quantMode TranscriptomeSAM              --twopassMode Basic              --readFilesCommand zcat              --runRNGseed 0              --alignSJDBoverhangMin 1              --outSAMattributes NH HI AS NM MD              --outSAMstrandField intronMotif              --quantTranscriptomeSAMoutput BanSingleEnd              --outFilterMultimapNmax 1              --outFilterMismatchNmax 3              --peOverlapNbasesMin 10              --alignSplicedMateMapLminOverLmate 0.5              --chimSegmentMin 10              --chimOutType WithinBAM SoftClip              --chimJunctionOverhangMin 10              --chimScoreMin 1              --chimScoreDropMax 30              --chimScoreJunctionNonGTAG 0              --chimScoreSeparation 1              --alignSJstitchMismatchNmax 5 -1 5 5              --chimSegmentReadGapMax 3 &> {log}

        # Check and move unmapped files if they exist to the temp directory
        if [ -f results/align/{wildcards.sample}.Unmapped.out.mate1 ]; then
            mv results/align/{wildcards.sample}.Unmapped.out.mate1 results/temp/align/{wildcards.sample}.unmapped_1.fastq
            gzip results/temp/align/{wildcards.sample}.unmapped_1.fastq
        fi
        
