Building DAG of jobs...
shared_storage_local_copies: True
remote_exec: False
Using shell: /usr/bin/bash
Provided cores: 24
Rules claiming more threads will be scaled down.
Conda environments: ignored
Job stats:
job                            count
---------------------------  -------
align_paired                       3
align_single                       3
all                                1
picard_mark_duplicates             6
samtools_markdup_processing        6
samtools_process                   6
stringtie                          6
total                             31

Resources before job selection: {'_cores': 24, '_nodes': 9223372036854775807}
Ready jobs (6)
Select jobs to execute...
Selected jobs (2)
Resources after job selection: {'_cores': 0, '_nodes': 9223372036854775805}
Execute 2 jobs...

[Sun Aug 18 20:31:33 2024]
Job 11: RAP1_REP1_treatment: Aligning on single-end FASTQ files ...
Reason: Set of input files has changed since last execution


[Sun Aug 18 20:31:33 2024]
Job 9: WT_REP3_control: Aligning on paired-end FASTQ files...
Reason: Set of input files has changed since last execution

Completion of job ['align_single'] reported to scheduler.
jobs registered as running before removal {align_single, align_paired}
[Sun Aug 18 20:31:41 2024]
Finished job 11.
1 of 31 steps (3%) done
Resources before job selection: {'_cores': 12, '_nodes': 9223372036854775806}
Ready jobs (5)
Select jobs to execute...
Selected jobs (1)
Resources after job selection: {'_cores': 0, '_nodes': 9223372036854775805}
Execute 1 jobs...

[Sun Aug 18 20:31:41 2024]
Job 15: RAP1_REP3_treatment: Aligning on single-end FASTQ files ...
Reason: Set of input files has changed since last execution

Completion of job ['align_single'] reported to scheduler.
jobs registered as running before removal {align_single, align_paired}
[Sun Aug 18 20:31:50 2024]
Finished job 15.
2 of 31 steps (6%) done
Resources before job selection: {'_cores': 12, '_nodes': 9223372036854775806}
Ready jobs (5)
Select jobs to execute...
Selected jobs (1)
Resources after job selection: {'_cores': 0, '_nodes': 9223372036854775805}
Execute 1 jobs...

[Sun Aug 18 20:31:50 2024]
Job 13: RAP1_REP2_treatment: Aligning on single-end FASTQ files ...
Reason: Set of input files has changed since last execution

Terminating processes on user request, this might take some time.
Full Traceback (most recent call last):
  File "/home/lucianhu/micromamba/envs/rna_snakemake/lib/python3.12/site-packages/snakemake/executors/local.py", line 423, in run_wrapper
    run(
  File "/home/lucianhu/rna_snakemake/test_ting/Snakefile", line 472, in __rule_align_paired
  File "/home/lucianhu/micromamba/envs/rna_snakemake/lib/python3.12/site-packages/snakemake/shell.py", line 357, in __new__
    raise sp.CalledProcessError(retcode, cmd)
subprocess.CalledProcessError: Command 'set -euo pipefail;  
        # Run STAR alignment
        STAR --genomeDir resources/star_index              --readFilesIn results/trimmed/WT_REP3_control_trimmed_R1.fq.gz results/trimmed/WT_REP3_control_trimmed_R2.fq.gz              --runThreadN 12              --genomeLoad NoSharedMemory              --outFileNamePrefix results/align/bam_original/WT_REP3_control/WT_REP3_control.              --sjdbGTFfile resources/annotation.filtered.gtf              --outSAMattrRGline 'ID:WT_REP3_control' 'SM:WT_REP3_control'              --outSAMtype BAM Unsorted              --quantMode TranscriptomeSAM              --twopassMode Basic              --readFilesCommand zcat              --runRNGseed 0              --alignSJDBoverhangMin 1              --outSAMattributes NH HI AS NM MD              --outSAMstrandField intronMotif              --quantTranscriptomeSAMoutput BanSingleEnd              --outFilterMultimapNmax 1              --outFilterMismatchNmax 3              --peOverlapNbasesMin 10              --alignSplicedMateMapLminOverLmate 0.5              --chimSegmentMin 10              --chimOutType WithinBAM SoftClip              --chimJunctionOverhangMin 10              --chimScoreMin 1              --chimScoreDropMax 30              --chimScoreJunctionNonGTAG 0              --chimScoreSeparation 1              --alignSJstitchMismatchNmax 5 -1 5 5              --chimSegmentReadGapMax 3 &> logs/star_align/WT_REP3_control.star_align.log' died with <Signals.SIGINT: 2>.

Full Traceback (most recent call last):
  File "/home/lucianhu/micromamba/envs/rna_snakemake/lib/python3.12/site-packages/snakemake/executors/local.py", line 423, in run_wrapper
    run(
  File "/home/lucianhu/rna_snakemake/test_ting/Snakefile", line 472, in __rule_align_paired
  File "/home/lucianhu/micromamba/envs/rna_snakemake/lib/python3.12/site-packages/snakemake/shell.py", line 357, in __new__
    raise sp.CalledProcessError(retcode, cmd)
subprocess.CalledProcessError: Command 'set -euo pipefail;  
        # Run STAR alignment
        STAR --genomeDir resources/star_index              --readFilesIn results/trimmed/WT_REP3_control_trimmed_R1.fq.gz results/trimmed/WT_REP3_control_trimmed_R2.fq.gz              --runThreadN 12              --genomeLoad NoSharedMemory              --outFileNamePrefix results/align/bam_original/WT_REP3_control/WT_REP3_control.              --sjdbGTFfile resources/annotation.filtered.gtf              --outSAMattrRGline 'ID:WT_REP3_control' 'SM:WT_REP3_control'              --outSAMtype BAM Unsorted              --quantMode TranscriptomeSAM              --twopassMode Basic              --readFilesCommand zcat              --runRNGseed 0              --alignSJDBoverhangMin 1              --outSAMattributes NH HI AS NM MD              --outSAMstrandField intronMotif              --quantTranscriptomeSAMoutput BanSingleEnd              --outFilterMultimapNmax 1              --outFilterMismatchNmax 3              --peOverlapNbasesMin 10              --alignSplicedMateMapLminOverLmate 0.5              --chimSegmentMin 10              --chimOutType WithinBAM SoftClip              --chimJunctionOverhangMin 10              --chimScoreMin 1              --chimScoreDropMax 30              --chimScoreJunctionNonGTAG 0              --chimScoreSeparation 1              --alignSJstitchMismatchNmax 5 -1 5 5              --chimSegmentReadGapMax 3 &> logs/star_align/WT_REP3_control.star_align.log' died with <Signals.SIGINT: 2>.

During handling of the above exception, another exception occurred:

Traceback (most recent call last):
  File "/home/lucianhu/micromamba/envs/rna_snakemake/lib/python3.12/site-packages/snakemake/executors/local.py", line 261, in _callback
    raise ex
  File "/home/lucianhu/micromamba/envs/rna_snakemake/lib/python3.12/concurrent/futures/thread.py", line 58, in run
    result = self.fn(*self.args, **self.kwargs)
             ^^^^^^^^^^^^^^^^^^^^^^^^^^^^^^^^^^
  File "/home/lucianhu/micromamba/envs/rna_snakemake/lib/python3.12/site-packages/snakemake/executors/local.py", line 247, in cached_or_run
    run_func(*args)
  File "/home/lucianhu/micromamba/envs/rna_snakemake/lib/python3.12/site-packages/snakemake/executors/local.py", line 459, in run_wrapper
    raise RuleException(
snakemake.exceptions.RuleException: CalledProcessError in file /home/lucianhu/rna_snakemake/test_ting/Snakefile, line 233:
Command 'set -euo pipefail;  
        # Run STAR alignment
        STAR --genomeDir resources/star_index              --readFilesIn results/trimmed/WT_REP3_control_trimmed_R1.fq.gz results/trimmed/WT_REP3_control_trimmed_R2.fq.gz              --runThreadN 12              --genomeLoad NoSharedMemory              --outFileNamePrefix results/align/bam_original/WT_REP3_control/WT_REP3_control.              --sjdbGTFfile resources/annotation.filtered.gtf              --outSAMattrRGline 'ID:WT_REP3_control' 'SM:WT_REP3_control'              --outSAMtype BAM Unsorted              --quantMode TranscriptomeSAM              --twopassMode Basic              --readFilesCommand zcat              --runRNGseed 0              --alignSJDBoverhangMin 1              --outSAMattributes NH HI AS NM MD              --outSAMstrandField intronMotif              --quantTranscriptomeSAMoutput BanSingleEnd              --outFilterMultimapNmax 1              --outFilterMismatchNmax 3              --peOverlapNbasesMin 10              --alignSplicedMateMapLminOverLmate 0.5              --chimSegmentMin 10              --chimOutType WithinBAM SoftClip              --chimJunctionOverhangMin 10              --chimScoreMin 1              --chimScoreDropMax 30              --chimScoreJunctionNonGTAG 0              --chimScoreSeparation 1              --alignSJstitchMismatchNmax 5 -1 5 5              --chimSegmentReadGapMax 3 &> logs/star_align/WT_REP3_control.star_align.log' died with <Signals.SIGINT: 2>.

RuleException:
CalledProcessError in file /home/lucianhu/rna_snakemake/test_ting/Snakefile, line 233:
Command 'set -euo pipefail;  
        # Run STAR alignment
        STAR --genomeDir resources/star_index              --readFilesIn results/trimmed/WT_REP3_control_trimmed_R1.fq.gz results/trimmed/WT_REP3_control_trimmed_R2.fq.gz              --runThreadN 12              --genomeLoad NoSharedMemory              --outFileNamePrefix results/align/bam_original/WT_REP3_control/WT_REP3_control.              --sjdbGTFfile resources/annotation.filtered.gtf              --outSAMattrRGline 'ID:WT_REP3_control' 'SM:WT_REP3_control'              --outSAMtype BAM Unsorted              --quantMode TranscriptomeSAM              --twopassMode Basic              --readFilesCommand zcat              --runRNGseed 0              --alignSJDBoverhangMin 1              --outSAMattributes NH HI AS NM MD              --outSAMstrandField intronMotif              --quantTranscriptomeSAMoutput BanSingleEnd              --outFilterMultimapNmax 1              --outFilterMismatchNmax 3              --peOverlapNbasesMin 10              --alignSplicedMateMapLminOverLmate 0.5              --chimSegmentMin 10              --chimOutType WithinBAM SoftClip              --chimJunctionOverhangMin 10              --chimScoreMin 1              --chimScoreDropMax 30              --chimScoreJunctionNonGTAG 0              --chimScoreSeparation 1              --alignSJstitchMismatchNmax 5 -1 5 5              --chimSegmentReadGapMax 3 &> logs/star_align/WT_REP3_control.star_align.log' died with <Signals.SIGINT: 2>.
[Sun Aug 18 20:31:58 2024]
Error in rule align_paired:
    jobid: 9
    input: results/trimmed/WT_REP3_control_trimmed_R1.fq.gz, results/trimmed/WT_REP3_control_trimmed_R2.fq.gz, resources/annotation.filtered.gtf, resources/star_index
    output: results/align/bam_original/WT_REP3_control/WT_REP3_control.Aligned.out.bam, results/align/bam_original/WT_REP3_control/WT_REP3_control.Aligned.toTranscriptome.out.bam
    log: logs/star_align/WT_REP3_control.star_align.log (check log file(s) for error details)
    conda-env: /home/lucianhu/rna_snakemake/test_ting/.snakemake/conda/1f835baae0b7b062716b90b833a307f5_
    shell:
        
        # Run STAR alignment
        STAR --genomeDir resources/star_index              --readFilesIn results/trimmed/WT_REP3_control_trimmed_R1.fq.gz results/trimmed/WT_REP3_control_trimmed_R2.fq.gz              --runThreadN 12              --genomeLoad NoSharedMemory              --outFileNamePrefix results/align/bam_original/WT_REP3_control/WT_REP3_control.              --sjdbGTFfile resources/annotation.filtered.gtf              --outSAMattrRGline 'ID:WT_REP3_control' 'SM:WT_REP3_control'              --outSAMtype BAM Unsorted              --quantMode TranscriptomeSAM              --twopassMode Basic              --readFilesCommand zcat              --runRNGseed 0              --alignSJDBoverhangMin 1              --outSAMattributes NH HI AS NM MD              --outSAMstrandField intronMotif              --quantTranscriptomeSAMoutput BanSingleEnd              --outFilterMultimapNmax 1              --outFilterMismatchNmax 3              --peOverlapNbasesMin 10              --alignSplicedMateMapLminOverLmate 0.5              --chimSegmentMin 10              --chimOutType WithinBAM SoftClip              --chimJunctionOverhangMin 10              --chimScoreMin 1              --chimScoreDropMax 30              --chimScoreJunctionNonGTAG 0              --chimScoreSeparation 1              --alignSJstitchMismatchNmax 5 -1 5 5              --chimSegmentReadGapMax 3 &> logs/star_align/WT_REP3_control.star_align.log
        
        (one of the commands exited with non-zero exit code; note that snakemake uses bash strict mode!)

Full Traceback (most recent call last):
  File "/home/lucianhu/micromamba/envs/rna_snakemake/lib/python3.12/site-packages/snakemake/executors/local.py", line 423, in run_wrapper
    run(
  File "/home/lucianhu/rna_snakemake/test_ting/Snakefile", line 578, in __rule_align_single
  File "/home/lucianhu/micromamba/envs/rna_snakemake/lib/python3.12/site-packages/snakemake/shell.py", line 357, in __new__
    raise sp.CalledProcessError(retcode, cmd)
subprocess.CalledProcessError: Command 'set -euo pipefail;  
        # Run STAR alignment
        STAR --genomeDir resources/star_index              --readFilesIn results/trimmed/RAP1_REP2_treatment_trimmed_R1.fq.gz              --runThreadN 12              --genomeLoad NoSharedMemory              --outFileNamePrefix results/align/bam_original/RAP1_REP2_treatment/RAP1_REP2_treatment.              --sjdbGTFfile resources/annotation.filtered.gtf              --outSAMattrRGline 'ID:RAP1_REP2_treatment' 'SM:RAP1_REP2_treatment'              --outSAMtype BAM Unsorted              --quantMode TranscriptomeSAM              --twopassMode Basic              --readFilesCommand zcat              --runRNGseed 0              --alignSJDBoverhangMin 1              --outSAMattributes NH HI AS NM MD              --outSAMstrandField intronMotif              --quantTranscriptomeSAMoutput BanSingleEnd              --outFilterMultimapNmax 1              --outFilterMismatchNmax 3              --peOverlapNbasesMin 10              --alignSplicedMateMapLminOverLmate 0.5              --chimSegmentMin 10              --chimOutType WithinBAM SoftClip              --chimJunctionOverhangMin 10              --chimScoreMin 1              --chimScoreDropMax 30              --chimScoreJunctionNonGTAG 0              --chimScoreSeparation 1              --alignSJstitchMismatchNmax 5 -1 5 5              --chimSegmentReadGapMax 3 &> logs/star_align/RAP1_REP2_treatment.star_align.log' died with <Signals.SIGINT: 2>.

Full Traceback (most recent call last):
  File "/home/lucianhu/micromamba/envs/rna_snakemake/lib/python3.12/site-packages/snakemake/executors/local.py", line 423, in run_wrapper
    run(
  File "/home/lucianhu/rna_snakemake/test_ting/Snakefile", line 578, in __rule_align_single
  File "/home/lucianhu/micromamba/envs/rna_snakemake/lib/python3.12/site-packages/snakemake/shell.py", line 357, in __new__
    raise sp.CalledProcessError(retcode, cmd)
subprocess.CalledProcessError: Command 'set -euo pipefail;  
        # Run STAR alignment
        STAR --genomeDir resources/star_index              --readFilesIn results/trimmed/RAP1_REP2_treatment_trimmed_R1.fq.gz              --runThreadN 12              --genomeLoad NoSharedMemory              --outFileNamePrefix results/align/bam_original/RAP1_REP2_treatment/RAP1_REP2_treatment.              --sjdbGTFfile resources/annotation.filtered.gtf              --outSAMattrRGline 'ID:RAP1_REP2_treatment' 'SM:RAP1_REP2_treatment'              --outSAMtype BAM Unsorted              --quantMode TranscriptomeSAM              --twopassMode Basic              --readFilesCommand zcat              --runRNGseed 0              --alignSJDBoverhangMin 1              --outSAMattributes NH HI AS NM MD              --outSAMstrandField intronMotif              --quantTranscriptomeSAMoutput BanSingleEnd              --outFilterMultimapNmax 1              --outFilterMismatchNmax 3              --peOverlapNbasesMin 10              --alignSplicedMateMapLminOverLmate 0.5              --chimSegmentMin 10              --chimOutType WithinBAM SoftClip              --chimJunctionOverhangMin 10              --chimScoreMin 1              --chimScoreDropMax 30              --chimScoreJunctionNonGTAG 0              --chimScoreSeparation 1              --alignSJstitchMismatchNmax 5 -1 5 5              --chimSegmentReadGapMax 3 &> logs/star_align/RAP1_REP2_treatment.star_align.log' died with <Signals.SIGINT: 2>.

During handling of the above exception, another exception occurred:

Traceback (most recent call last):
  File "/home/lucianhu/micromamba/envs/rna_snakemake/lib/python3.12/site-packages/snakemake/executors/local.py", line 261, in _callback
    raise ex
  File "/home/lucianhu/micromamba/envs/rna_snakemake/lib/python3.12/concurrent/futures/thread.py", line 58, in run
    result = self.fn(*self.args, **self.kwargs)
             ^^^^^^^^^^^^^^^^^^^^^^^^^^^^^^^^^^
  File "/home/lucianhu/micromamba/envs/rna_snakemake/lib/python3.12/site-packages/snakemake/executors/local.py", line 247, in cached_or_run
    run_func(*args)
  File "/home/lucianhu/micromamba/envs/rna_snakemake/lib/python3.12/site-packages/snakemake/executors/local.py", line 459, in run_wrapper
    raise RuleException(
snakemake.exceptions.RuleException: CalledProcessError in file /home/lucianhu/rna_snakemake/test_ting/Snakefile, line 282:
Command 'set -euo pipefail;  
        # Run STAR alignment
        STAR --genomeDir resources/star_index              --readFilesIn results/trimmed/RAP1_REP2_treatment_trimmed_R1.fq.gz              --runThreadN 12              --genomeLoad NoSharedMemory              --outFileNamePrefix results/align/bam_original/RAP1_REP2_treatment/RAP1_REP2_treatment.              --sjdbGTFfile resources/annotation.filtered.gtf              --outSAMattrRGline 'ID:RAP1_REP2_treatment' 'SM:RAP1_REP2_treatment'              --outSAMtype BAM Unsorted              --quantMode TranscriptomeSAM              --twopassMode Basic              --readFilesCommand zcat              --runRNGseed 0              --alignSJDBoverhangMin 1              --outSAMattributes NH HI AS NM MD              --outSAMstrandField intronMotif              --quantTranscriptomeSAMoutput BanSingleEnd              --outFilterMultimapNmax 1              --outFilterMismatchNmax 3              --peOverlapNbasesMin 10              --alignSplicedMateMapLminOverLmate 0.5              --chimSegmentMin 10              --chimOutType WithinBAM SoftClip              --chimJunctionOverhangMin 10              --chimScoreMin 1              --chimScoreDropMax 30              --chimScoreJunctionNonGTAG 0              --chimScoreSeparation 1              --alignSJstitchMismatchNmax 5 -1 5 5              --chimSegmentReadGapMax 3 &> logs/star_align/RAP1_REP2_treatment.star_align.log' died with <Signals.SIGINT: 2>.

RuleException:
CalledProcessError in file /home/lucianhu/rna_snakemake/test_ting/Snakefile, line 282:
Command 'set -euo pipefail;  
        # Run STAR alignment
        STAR --genomeDir resources/star_index              --readFilesIn results/trimmed/RAP1_REP2_treatment_trimmed_R1.fq.gz              --runThreadN 12              --genomeLoad NoSharedMemory              --outFileNamePrefix results/align/bam_original/RAP1_REP2_treatment/RAP1_REP2_treatment.              --sjdbGTFfile resources/annotation.filtered.gtf              --outSAMattrRGline 'ID:RAP1_REP2_treatment' 'SM:RAP1_REP2_treatment'              --outSAMtype BAM Unsorted              --quantMode TranscriptomeSAM              --twopassMode Basic              --readFilesCommand zcat              --runRNGseed 0              --alignSJDBoverhangMin 1              --outSAMattributes NH HI AS NM MD              --outSAMstrandField intronMotif              --quantTranscriptomeSAMoutput BanSingleEnd              --outFilterMultimapNmax 1              --outFilterMismatchNmax 3              --peOverlapNbasesMin 10              --alignSplicedMateMapLminOverLmate 0.5              --chimSegmentMin 10              --chimOutType WithinBAM SoftClip              --chimJunctionOverhangMin 10              --chimScoreMin 1              --chimScoreDropMax 30              --chimScoreJunctionNonGTAG 0              --chimScoreSeparation 1              --alignSJstitchMismatchNmax 5 -1 5 5              --chimSegmentReadGapMax 3 &> logs/star_align/RAP1_REP2_treatment.star_align.log' died with <Signals.SIGINT: 2>.
[Sun Aug 18 20:31:58 2024]
Error in rule align_single:
    jobid: 13
    input: results/trimmed/RAP1_REP2_treatment_trimmed_R1.fq.gz, resources/annotation.filtered.gtf, resources/star_index
    output: results/align/bam_original/RAP1_REP2_treatment/RAP1_REP2_treatment.Aligned.out.bam, results/align/bam_original/RAP1_REP2_treatment/RAP1_REP2_treatment.Aligned.toTranscriptome.out.bam
    log: logs/star_align/RAP1_REP2_treatment.star_align.log (check log file(s) for error details)
    conda-env: /home/lucianhu/rna_snakemake/test_ting/.snakemake/conda/1f835baae0b7b062716b90b833a307f5_
    shell:
        
        # Run STAR alignment
        STAR --genomeDir resources/star_index              --readFilesIn results/trimmed/RAP1_REP2_treatment_trimmed_R1.fq.gz              --runThreadN 12              --genomeLoad NoSharedMemory              --outFileNamePrefix results/align/bam_original/RAP1_REP2_treatment/RAP1_REP2_treatment.              --sjdbGTFfile resources/annotation.filtered.gtf              --outSAMattrRGline 'ID:RAP1_REP2_treatment' 'SM:RAP1_REP2_treatment'              --outSAMtype BAM Unsorted              --quantMode TranscriptomeSAM              --twopassMode Basic              --readFilesCommand zcat              --runRNGseed 0              --alignSJDBoverhangMin 1              --outSAMattributes NH HI AS NM MD              --outSAMstrandField intronMotif              --quantTranscriptomeSAMoutput BanSingleEnd              --outFilterMultimapNmax 1              --outFilterMismatchNmax 3              --peOverlapNbasesMin 10              --alignSplicedMateMapLminOverLmate 0.5              --chimSegmentMin 10              --chimOutType WithinBAM SoftClip              --chimJunctionOverhangMin 10              --chimScoreMin 1              --chimScoreDropMax 30              --chimScoreJunctionNonGTAG 0              --chimScoreSeparation 1              --alignSJstitchMismatchNmax 5 -1 5 5              --chimSegmentReadGapMax 3 &> logs/star_align/RAP1_REP2_treatment.star_align.log
        
        (one of the commands exited with non-zero exit code; note that snakemake uses bash strict mode!)

Complete log: .snakemake/log/2024-08-18T203133.120734.snakemake.log
unlocking
removing lock
removing lock
removed all locks
Full Traceback (most recent call last):
  File "/home/lucianhu/micromamba/envs/rna_snakemake/lib/python3.12/site-packages/snakemake/cli.py", line 2103, in args_to_api
    dag_api.execute_workflow(
  File "/home/lucianhu/micromamba/envs/rna_snakemake/lib/python3.12/site-packages/snakemake/api.py", line 594, in execute_workflow
    workflow.execute(
  File "/home/lucianhu/micromamba/envs/rna_snakemake/lib/python3.12/site-packages/snakemake/workflow.py", line 1286, in execute
    raise WorkflowError("At least one job did not complete successfully.")
snakemake_interface_common.exceptions.WorkflowError: At least one job did not complete successfully.

WorkflowError:
At least one job did not complete successfully.
