Building DAG of jobs...
shared_storage_local_copies: True
remote_exec: False
Using shell: /usr/bin/bash
Provided cores: 24
Rules claiming more threads will be scaled down.
Conda environments: ignored
Job stats:
job             count
------------  -------
align_paired        3
align_single        3
all                 1
total               7

Resources before job selection: {'_cores': 24, '_nodes': 9223372036854775807}
Ready jobs (6)
Select jobs to execute...
Selected jobs (2)
Resources after job selection: {'_cores': 0, '_nodes': 9223372036854775805}
Execute 2 jobs...

[Thu Aug 15 14:12:36 2024]
localrule align_paired:
    input: results/trimmed/WT_REP3_control_trimmed_R1.fq.gz, results/trimmed/WT_REP3_control_trimmed_R2.fq.gz, resources/annotation.gtf, resources/star_index
    output: results/align/bam_original/WT_REP3_control/WT_REP3_control.Aligned.out.bam
    log: logs/star_align/WT_REP3_control.star_align.log
    jobid: 5
    reason: Code has changed since last execution
    wildcards: sample=WT_REP3_control
    threads: 12
    resources: tmpdir=/tmp


[Thu Aug 15 14:12:36 2024]
localrule align_paired:
    input: results/trimmed/WT_REP2_control_trimmed_R1.fq.gz, results/trimmed/WT_REP2_control_trimmed_R2.fq.gz, resources/annotation.gtf, resources/star_index
    output: results/align/bam_original/WT_REP2_control/WT_REP2_control.Aligned.out.bam
    log: logs/star_align/WT_REP2_control.star_align.log
    jobid: 3
    reason: Code has changed since last execution
    wildcards: sample=WT_REP2_control
    threads: 12
    resources: tmpdir=/tmp

Full Traceback (most recent call last):
  File "/home/lucianhu/micromamba/envs/rna_snakemake/lib/python3.12/site-packages/snakemake/executors/local.py", line 423, in run_wrapper
    run(
  File "/home/lucianhu/rna_snakemake/test_ting/Snakefile", line 334, in __rule_align_paired
  File "/home/lucianhu/micromamba/envs/rna_snakemake/lib/python3.12/site-packages/snakemake/shell.py", line 357, in __new__
    raise sp.CalledProcessError(retcode, cmd)
subprocess.CalledProcessError: Command 'set -euo pipefail;  
        # Run STAR alignment
        STAR --genomeDir resources/star_index              --readFilesIn results/trimmed/WT_REP3_control_trimmed_R1.fq.gz results/trimmed/WT_REP3_control_trimmed_R2.fq.gz              --runThreadN 12              --genomeLoad NoSharedMemory              --outFileNamePrefix results/align/bam_original/WT_REP3_control/WT_REP3_control.              --sjdbGTFfile resources/annotation.gtf              --outSAMattrRGline 'ID:WT_REP3_control' 'SM:WT_REP3_control'              --outSAMtype BAM Unsorted              --quantMode TranscriptomeSAM              --twopassMode Basic              --readFilesCommand zcat              --runRNGseed 0              --alignSJDBoverhangMin 1              --outSAMattributes NH HI AS NM MD              --outSAMstrandField intronMotif              --quantTranscriptomeSAMoutput BanSingleEnd              --outFilterMultimapNmax 1              --outFilterMismatchNmax 3              --peOverlapNbasesMin 10              --alignSplicedMateMapLminOverLmate 0.5              --chimSegmentMin 10              --chimOutType WithinBAM SoftClip              --chimJunctionOverhangMin 10              --chimScoreMin 1              --chimScoreDropMax 30              --chimScoreJunctionNonGTAG 0              --chimScoreSeparation 1              --alignSJstitchMismatchNmax 5 -1 5 5              --chimSegmentReadGapMax 3 &> logs/star_align/WT_REP3_control.star_align.log

        # Create temp directory if it doesn't exist
        mkdir -p results/temp/align
        
        # Move all STAR output files except the BAM and transcriptome BAM to the temp directory
        mv results/align/bam_original/WT_REP3_control/* results/temp/align/WT_REP3_control
        
        # Move back the BAM and transcriptome BAM to their original directories
        mv results/temp/align/WT_REP3_control.Aligned.out.bam results/align/bam_original/WT_REP3_control/WT_REP3_control.Aligned.out.bam
        mv results/temp/align/WT_REP3_control.Aligned.toTranscriptome.out.bam results/align/bam_original/WT_REP3_control/WT_REP3_control.Aligned.toTranscriptome.out.bam' returned non-zero exit status 1.

Full Traceback (most recent call last):
  File "/home/lucianhu/micromamba/envs/rna_snakemake/lib/python3.12/site-packages/snakemake/executors/local.py", line 423, in run_wrapper
    run(
  File "/home/lucianhu/rna_snakemake/test_ting/Snakefile", line 334, in __rule_align_paired
  File "/home/lucianhu/micromamba/envs/rna_snakemake/lib/python3.12/site-packages/snakemake/shell.py", line 357, in __new__
    raise sp.CalledProcessError(retcode, cmd)
subprocess.CalledProcessError: Command 'set -euo pipefail;  
        # Run STAR alignment
        STAR --genomeDir resources/star_index              --readFilesIn results/trimmed/WT_REP3_control_trimmed_R1.fq.gz results/trimmed/WT_REP3_control_trimmed_R2.fq.gz              --runThreadN 12              --genomeLoad NoSharedMemory              --outFileNamePrefix results/align/bam_original/WT_REP3_control/WT_REP3_control.              --sjdbGTFfile resources/annotation.gtf              --outSAMattrRGline 'ID:WT_REP3_control' 'SM:WT_REP3_control'              --outSAMtype BAM Unsorted              --quantMode TranscriptomeSAM              --twopassMode Basic              --readFilesCommand zcat              --runRNGseed 0              --alignSJDBoverhangMin 1              --outSAMattributes NH HI AS NM MD              --outSAMstrandField intronMotif              --quantTranscriptomeSAMoutput BanSingleEnd              --outFilterMultimapNmax 1              --outFilterMismatchNmax 3              --peOverlapNbasesMin 10              --alignSplicedMateMapLminOverLmate 0.5              --chimSegmentMin 10              --chimOutType WithinBAM SoftClip              --chimJunctionOverhangMin 10              --chimScoreMin 1              --chimScoreDropMax 30              --chimScoreJunctionNonGTAG 0              --chimScoreSeparation 1              --alignSJstitchMismatchNmax 5 -1 5 5              --chimSegmentReadGapMax 3 &> logs/star_align/WT_REP3_control.star_align.log

        # Create temp directory if it doesn't exist
        mkdir -p results/temp/align
        
        # Move all STAR output files except the BAM and transcriptome BAM to the temp directory
        mv results/align/bam_original/WT_REP3_control/* results/temp/align/WT_REP3_control
        
        # Move back the BAM and transcriptome BAM to their original directories
        mv results/temp/align/WT_REP3_control.Aligned.out.bam results/align/bam_original/WT_REP3_control/WT_REP3_control.Aligned.out.bam
        mv results/temp/align/WT_REP3_control.Aligned.toTranscriptome.out.bam results/align/bam_original/WT_REP3_control/WT_REP3_control.Aligned.toTranscriptome.out.bam' returned non-zero exit status 1.

During handling of the above exception, another exception occurred:

Traceback (most recent call last):
  File "/home/lucianhu/micromamba/envs/rna_snakemake/lib/python3.12/site-packages/snakemake/executors/local.py", line 261, in _callback
    raise ex
  File "/home/lucianhu/micromamba/envs/rna_snakemake/lib/python3.12/concurrent/futures/thread.py", line 58, in run
    result = self.fn(*self.args, **self.kwargs)
             ^^^^^^^^^^^^^^^^^^^^^^^^^^^^^^^^^^
  File "/home/lucianhu/micromamba/envs/rna_snakemake/lib/python3.12/site-packages/snakemake/executors/local.py", line 247, in cached_or_run
    run_func(*args)
  File "/home/lucianhu/micromamba/envs/rna_snakemake/lib/python3.12/site-packages/snakemake/executors/local.py", line 459, in run_wrapper
    raise RuleException(
snakemake.exceptions.RuleException: CalledProcessError in file /home/lucianhu/rna_snakemake/test_ting/Snakefile, line 170:
Command 'set -euo pipefail;  
        # Run STAR alignment
        STAR --genomeDir resources/star_index              --readFilesIn results/trimmed/WT_REP3_control_trimmed_R1.fq.gz results/trimmed/WT_REP3_control_trimmed_R2.fq.gz              --runThreadN 12              --genomeLoad NoSharedMemory              --outFileNamePrefix results/align/bam_original/WT_REP3_control/WT_REP3_control.              --sjdbGTFfile resources/annotation.gtf              --outSAMattrRGline 'ID:WT_REP3_control' 'SM:WT_REP3_control'              --outSAMtype BAM Unsorted              --quantMode TranscriptomeSAM              --twopassMode Basic              --readFilesCommand zcat              --runRNGseed 0              --alignSJDBoverhangMin 1              --outSAMattributes NH HI AS NM MD              --outSAMstrandField intronMotif              --quantTranscriptomeSAMoutput BanSingleEnd              --outFilterMultimapNmax 1              --outFilterMismatchNmax 3              --peOverlapNbasesMin 10              --alignSplicedMateMapLminOverLmate 0.5              --chimSegmentMin 10              --chimOutType WithinBAM SoftClip              --chimJunctionOverhangMin 10              --chimScoreMin 1              --chimScoreDropMax 30              --chimScoreJunctionNonGTAG 0              --chimScoreSeparation 1              --alignSJstitchMismatchNmax 5 -1 5 5              --chimSegmentReadGapMax 3 &> logs/star_align/WT_REP3_control.star_align.log

        # Create temp directory if it doesn't exist
        mkdir -p results/temp/align
        
        # Move all STAR output files except the BAM and transcriptome BAM to the temp directory
        mv results/align/bam_original/WT_REP3_control/* results/temp/align/WT_REP3_control
        
        # Move back the BAM and transcriptome BAM to their original directories
        mv results/temp/align/WT_REP3_control.Aligned.out.bam results/align/bam_original/WT_REP3_control/WT_REP3_control.Aligned.out.bam
        mv results/temp/align/WT_REP3_control.Aligned.toTranscriptome.out.bam results/align/bam_original/WT_REP3_control/WT_REP3_control.Aligned.toTranscriptome.out.bam' returned non-zero exit status 1.

RuleException:
CalledProcessError in file /home/lucianhu/rna_snakemake/test_ting/Snakefile, line 170:
Command 'set -euo pipefail;  
        # Run STAR alignment
        STAR --genomeDir resources/star_index              --readFilesIn results/trimmed/WT_REP3_control_trimmed_R1.fq.gz results/trimmed/WT_REP3_control_trimmed_R2.fq.gz              --runThreadN 12              --genomeLoad NoSharedMemory              --outFileNamePrefix results/align/bam_original/WT_REP3_control/WT_REP3_control.              --sjdbGTFfile resources/annotation.gtf              --outSAMattrRGline 'ID:WT_REP3_control' 'SM:WT_REP3_control'              --outSAMtype BAM Unsorted              --quantMode TranscriptomeSAM              --twopassMode Basic              --readFilesCommand zcat              --runRNGseed 0              --alignSJDBoverhangMin 1              --outSAMattributes NH HI AS NM MD              --outSAMstrandField intronMotif              --quantTranscriptomeSAMoutput BanSingleEnd              --outFilterMultimapNmax 1              --outFilterMismatchNmax 3              --peOverlapNbasesMin 10              --alignSplicedMateMapLminOverLmate 0.5              --chimSegmentMin 10              --chimOutType WithinBAM SoftClip              --chimJunctionOverhangMin 10              --chimScoreMin 1              --chimScoreDropMax 30              --chimScoreJunctionNonGTAG 0              --chimScoreSeparation 1              --alignSJstitchMismatchNmax 5 -1 5 5              --chimSegmentReadGapMax 3 &> logs/star_align/WT_REP3_control.star_align.log

        # Create temp directory if it doesn't exist
        mkdir -p results/temp/align
        
        # Move all STAR output files except the BAM and transcriptome BAM to the temp directory
        mv results/align/bam_original/WT_REP3_control/* results/temp/align/WT_REP3_control
        
        # Move back the BAM and transcriptome BAM to their original directories
        mv results/temp/align/WT_REP3_control.Aligned.out.bam results/align/bam_original/WT_REP3_control/WT_REP3_control.Aligned.out.bam
        mv results/temp/align/WT_REP3_control.Aligned.toTranscriptome.out.bam results/align/bam_original/WT_REP3_control/WT_REP3_control.Aligned.toTranscriptome.out.bam' returned non-zero exit status 1.
[Thu Aug 15 14:14:09 2024]
Error in rule align_paired:
    jobid: 5
    input: results/trimmed/WT_REP3_control_trimmed_R1.fq.gz, results/trimmed/WT_REP3_control_trimmed_R2.fq.gz, resources/annotation.gtf, resources/star_index
    output: results/align/bam_original/WT_REP3_control/WT_REP3_control.Aligned.out.bam
    log: logs/star_align/WT_REP3_control.star_align.log (check log file(s) for error details)
    conda-env: /home/lucianhu/rna_snakemake/test_ting/.snakemake/conda/1f835baae0b7b062716b90b833a307f5_
    shell:
        
        # Run STAR alignment
        STAR --genomeDir resources/star_index              --readFilesIn results/trimmed/WT_REP3_control_trimmed_R1.fq.gz results/trimmed/WT_REP3_control_trimmed_R2.fq.gz              --runThreadN 12              --genomeLoad NoSharedMemory              --outFileNamePrefix results/align/bam_original/WT_REP3_control/WT_REP3_control.              --sjdbGTFfile resources/annotation.gtf              --outSAMattrRGline 'ID:WT_REP3_control' 'SM:WT_REP3_control'              --outSAMtype BAM Unsorted              --quantMode TranscriptomeSAM              --twopassMode Basic              --readFilesCommand zcat              --runRNGseed 0              --alignSJDBoverhangMin 1              --outSAMattributes NH HI AS NM MD              --outSAMstrandField intronMotif              --quantTranscriptomeSAMoutput BanSingleEnd              --outFilterMultimapNmax 1              --outFilterMismatchNmax 3              --peOverlapNbasesMin 10              --alignSplicedMateMapLminOverLmate 0.5              --chimSegmentMin 10              --chimOutType WithinBAM SoftClip              --chimJunctionOverhangMin 10              --chimScoreMin 1              --chimScoreDropMax 30              --chimScoreJunctionNonGTAG 0              --chimScoreSeparation 1              --alignSJstitchMismatchNmax 5 -1 5 5              --chimSegmentReadGapMax 3 &> logs/star_align/WT_REP3_control.star_align.log

        # Create temp directory if it doesn't exist
        mkdir -p results/temp/align
        
        # Move all STAR output files except the BAM and transcriptome BAM to the temp directory
        mv results/align/bam_original/WT_REP3_control/* results/temp/align/WT_REP3_control
        
        # Move back the BAM and transcriptome BAM to their original directories
        mv results/temp/align/WT_REP3_control.Aligned.out.bam results/align/bam_original/WT_REP3_control/WT_REP3_control.Aligned.out.bam
        mv results/temp/align/WT_REP3_control.Aligned.toTranscriptome.out.bam results/align/bam_original/WT_REP3_control/WT_REP3_control.Aligned.toTranscriptome.out.bam
        
        (one of the commands exited with non-zero exit code; note that snakemake uses bash strict mode!)

Removing output files of failed job align_paired since they might be corrupted:
results/align/bam_original/WT_REP3_control/WT_REP3_control.Aligned.out.bam
Full Traceback (most recent call last):
  File "/home/lucianhu/micromamba/envs/rna_snakemake/lib/python3.12/site-packages/snakemake/executors/local.py", line 423, in run_wrapper
    run(
  File "/home/lucianhu/rna_snakemake/test_ting/Snakefile", line 334, in __rule_align_paired
  File "/home/lucianhu/micromamba/envs/rna_snakemake/lib/python3.12/site-packages/snakemake/shell.py", line 357, in __new__
    raise sp.CalledProcessError(retcode, cmd)
subprocess.CalledProcessError: Command 'set -euo pipefail;  
        # Run STAR alignment
        STAR --genomeDir resources/star_index              --readFilesIn results/trimmed/WT_REP2_control_trimmed_R1.fq.gz results/trimmed/WT_REP2_control_trimmed_R2.fq.gz              --runThreadN 12              --genomeLoad NoSharedMemory              --outFileNamePrefix results/align/bam_original/WT_REP2_control/WT_REP2_control.              --sjdbGTFfile resources/annotation.gtf              --outSAMattrRGline 'ID:WT_REP2_control' 'SM:WT_REP2_control'              --outSAMtype BAM Unsorted              --quantMode TranscriptomeSAM              --twopassMode Basic              --readFilesCommand zcat              --runRNGseed 0              --alignSJDBoverhangMin 1              --outSAMattributes NH HI AS NM MD              --outSAMstrandField intronMotif              --quantTranscriptomeSAMoutput BanSingleEnd              --outFilterMultimapNmax 1              --outFilterMismatchNmax 3              --peOverlapNbasesMin 10              --alignSplicedMateMapLminOverLmate 0.5              --chimSegmentMin 10              --chimOutType WithinBAM SoftClip              --chimJunctionOverhangMin 10              --chimScoreMin 1              --chimScoreDropMax 30              --chimScoreJunctionNonGTAG 0              --chimScoreSeparation 1              --alignSJstitchMismatchNmax 5 -1 5 5              --chimSegmentReadGapMax 3 &> logs/star_align/WT_REP2_control.star_align.log

        # Create temp directory if it doesn't exist
        mkdir -p results/temp/align
        
        # Move all STAR output files except the BAM and transcriptome BAM to the temp directory
        mv results/align/bam_original/WT_REP2_control/* results/temp/align/WT_REP2_control
        
        # Move back the BAM and transcriptome BAM to their original directories
        mv results/temp/align/WT_REP2_control.Aligned.out.bam results/align/bam_original/WT_REP2_control/WT_REP2_control.Aligned.out.bam
        mv results/temp/align/WT_REP2_control.Aligned.toTranscriptome.out.bam results/align/bam_original/WT_REP2_control/WT_REP2_control.Aligned.toTranscriptome.out.bam' returned non-zero exit status 1.

Full Traceback (most recent call last):
  File "/home/lucianhu/micromamba/envs/rna_snakemake/lib/python3.12/site-packages/snakemake/executors/local.py", line 423, in run_wrapper
    run(
  File "/home/lucianhu/rna_snakemake/test_ting/Snakefile", line 334, in __rule_align_paired
  File "/home/lucianhu/micromamba/envs/rna_snakemake/lib/python3.12/site-packages/snakemake/shell.py", line 357, in __new__
    raise sp.CalledProcessError(retcode, cmd)
subprocess.CalledProcessError: Command 'set -euo pipefail;  
        # Run STAR alignment
        STAR --genomeDir resources/star_index              --readFilesIn results/trimmed/WT_REP2_control_trimmed_R1.fq.gz results/trimmed/WT_REP2_control_trimmed_R2.fq.gz              --runThreadN 12              --genomeLoad NoSharedMemory              --outFileNamePrefix results/align/bam_original/WT_REP2_control/WT_REP2_control.              --sjdbGTFfile resources/annotation.gtf              --outSAMattrRGline 'ID:WT_REP2_control' 'SM:WT_REP2_control'              --outSAMtype BAM Unsorted              --quantMode TranscriptomeSAM              --twopassMode Basic              --readFilesCommand zcat              --runRNGseed 0              --alignSJDBoverhangMin 1              --outSAMattributes NH HI AS NM MD              --outSAMstrandField intronMotif              --quantTranscriptomeSAMoutput BanSingleEnd              --outFilterMultimapNmax 1              --outFilterMismatchNmax 3              --peOverlapNbasesMin 10              --alignSplicedMateMapLminOverLmate 0.5              --chimSegmentMin 10              --chimOutType WithinBAM SoftClip              --chimJunctionOverhangMin 10              --chimScoreMin 1              --chimScoreDropMax 30              --chimScoreJunctionNonGTAG 0              --chimScoreSeparation 1              --alignSJstitchMismatchNmax 5 -1 5 5              --chimSegmentReadGapMax 3 &> logs/star_align/WT_REP2_control.star_align.log

        # Create temp directory if it doesn't exist
        mkdir -p results/temp/align
        
        # Move all STAR output files except the BAM and transcriptome BAM to the temp directory
        mv results/align/bam_original/WT_REP2_control/* results/temp/align/WT_REP2_control
        
        # Move back the BAM and transcriptome BAM to their original directories
        mv results/temp/align/WT_REP2_control.Aligned.out.bam results/align/bam_original/WT_REP2_control/WT_REP2_control.Aligned.out.bam
        mv results/temp/align/WT_REP2_control.Aligned.toTranscriptome.out.bam results/align/bam_original/WT_REP2_control/WT_REP2_control.Aligned.toTranscriptome.out.bam' returned non-zero exit status 1.

During handling of the above exception, another exception occurred:

Traceback (most recent call last):
  File "/home/lucianhu/micromamba/envs/rna_snakemake/lib/python3.12/site-packages/snakemake/executors/local.py", line 261, in _callback
    raise ex
  File "/home/lucianhu/micromamba/envs/rna_snakemake/lib/python3.12/concurrent/futures/thread.py", line 58, in run
    result = self.fn(*self.args, **self.kwargs)
             ^^^^^^^^^^^^^^^^^^^^^^^^^^^^^^^^^^
  File "/home/lucianhu/micromamba/envs/rna_snakemake/lib/python3.12/site-packages/snakemake/executors/local.py", line 247, in cached_or_run
    run_func(*args)
  File "/home/lucianhu/micromamba/envs/rna_snakemake/lib/python3.12/site-packages/snakemake/executors/local.py", line 459, in run_wrapper
    raise RuleException(
snakemake.exceptions.RuleException: CalledProcessError in file /home/lucianhu/rna_snakemake/test_ting/Snakefile, line 170:
Command 'set -euo pipefail;  
        # Run STAR alignment
        STAR --genomeDir resources/star_index              --readFilesIn results/trimmed/WT_REP2_control_trimmed_R1.fq.gz results/trimmed/WT_REP2_control_trimmed_R2.fq.gz              --runThreadN 12              --genomeLoad NoSharedMemory              --outFileNamePrefix results/align/bam_original/WT_REP2_control/WT_REP2_control.              --sjdbGTFfile resources/annotation.gtf              --outSAMattrRGline 'ID:WT_REP2_control' 'SM:WT_REP2_control'              --outSAMtype BAM Unsorted              --quantMode TranscriptomeSAM              --twopassMode Basic              --readFilesCommand zcat              --runRNGseed 0              --alignSJDBoverhangMin 1              --outSAMattributes NH HI AS NM MD              --outSAMstrandField intronMotif              --quantTranscriptomeSAMoutput BanSingleEnd              --outFilterMultimapNmax 1              --outFilterMismatchNmax 3              --peOverlapNbasesMin 10              --alignSplicedMateMapLminOverLmate 0.5              --chimSegmentMin 10              --chimOutType WithinBAM SoftClip              --chimJunctionOverhangMin 10              --chimScoreMin 1              --chimScoreDropMax 30              --chimScoreJunctionNonGTAG 0              --chimScoreSeparation 1              --alignSJstitchMismatchNmax 5 -1 5 5              --chimSegmentReadGapMax 3 &> logs/star_align/WT_REP2_control.star_align.log

        # Create temp directory if it doesn't exist
        mkdir -p results/temp/align
        
        # Move all STAR output files except the BAM and transcriptome BAM to the temp directory
        mv results/align/bam_original/WT_REP2_control/* results/temp/align/WT_REP2_control
        
        # Move back the BAM and transcriptome BAM to their original directories
        mv results/temp/align/WT_REP2_control.Aligned.out.bam results/align/bam_original/WT_REP2_control/WT_REP2_control.Aligned.out.bam
        mv results/temp/align/WT_REP2_control.Aligned.toTranscriptome.out.bam results/align/bam_original/WT_REP2_control/WT_REP2_control.Aligned.toTranscriptome.out.bam' returned non-zero exit status 1.

RuleException:
CalledProcessError in file /home/lucianhu/rna_snakemake/test_ting/Snakefile, line 170:
Command 'set -euo pipefail;  
        # Run STAR alignment
        STAR --genomeDir resources/star_index              --readFilesIn results/trimmed/WT_REP2_control_trimmed_R1.fq.gz results/trimmed/WT_REP2_control_trimmed_R2.fq.gz              --runThreadN 12              --genomeLoad NoSharedMemory              --outFileNamePrefix results/align/bam_original/WT_REP2_control/WT_REP2_control.              --sjdbGTFfile resources/annotation.gtf              --outSAMattrRGline 'ID:WT_REP2_control' 'SM:WT_REP2_control'              --outSAMtype BAM Unsorted              --quantMode TranscriptomeSAM              --twopassMode Basic              --readFilesCommand zcat              --runRNGseed 0              --alignSJDBoverhangMin 1              --outSAMattributes NH HI AS NM MD              --outSAMstrandField intronMotif              --quantTranscriptomeSAMoutput BanSingleEnd              --outFilterMultimapNmax 1              --outFilterMismatchNmax 3              --peOverlapNbasesMin 10              --alignSplicedMateMapLminOverLmate 0.5              --chimSegmentMin 10              --chimOutType WithinBAM SoftClip              --chimJunctionOverhangMin 10              --chimScoreMin 1              --chimScoreDropMax 30              --chimScoreJunctionNonGTAG 0              --chimScoreSeparation 1              --alignSJstitchMismatchNmax 5 -1 5 5              --chimSegmentReadGapMax 3 &> logs/star_align/WT_REP2_control.star_align.log

        # Create temp directory if it doesn't exist
        mkdir -p results/temp/align
        
        # Move all STAR output files except the BAM and transcriptome BAM to the temp directory
        mv results/align/bam_original/WT_REP2_control/* results/temp/align/WT_REP2_control
        
        # Move back the BAM and transcriptome BAM to their original directories
        mv results/temp/align/WT_REP2_control.Aligned.out.bam results/align/bam_original/WT_REP2_control/WT_REP2_control.Aligned.out.bam
        mv results/temp/align/WT_REP2_control.Aligned.toTranscriptome.out.bam results/align/bam_original/WT_REP2_control/WT_REP2_control.Aligned.toTranscriptome.out.bam' returned non-zero exit status 1.
[Thu Aug 15 14:14:17 2024]
Error in rule align_paired:
    jobid: 3
    input: results/trimmed/WT_REP2_control_trimmed_R1.fq.gz, results/trimmed/WT_REP2_control_trimmed_R2.fq.gz, resources/annotation.gtf, resources/star_index
    output: results/align/bam_original/WT_REP2_control/WT_REP2_control.Aligned.out.bam
    log: logs/star_align/WT_REP2_control.star_align.log (check log file(s) for error details)
    conda-env: /home/lucianhu/rna_snakemake/test_ting/.snakemake/conda/1f835baae0b7b062716b90b833a307f5_
    shell:
        
        # Run STAR alignment
        STAR --genomeDir resources/star_index              --readFilesIn results/trimmed/WT_REP2_control_trimmed_R1.fq.gz results/trimmed/WT_REP2_control_trimmed_R2.fq.gz              --runThreadN 12              --genomeLoad NoSharedMemory              --outFileNamePrefix results/align/bam_original/WT_REP2_control/WT_REP2_control.              --sjdbGTFfile resources/annotation.gtf              --outSAMattrRGline 'ID:WT_REP2_control' 'SM:WT_REP2_control'              --outSAMtype BAM Unsorted              --quantMode TranscriptomeSAM              --twopassMode Basic              --readFilesCommand zcat              --runRNGseed 0              --alignSJDBoverhangMin 1              --outSAMattributes NH HI AS NM MD              --outSAMstrandField intronMotif              --quantTranscriptomeSAMoutput BanSingleEnd              --outFilterMultimapNmax 1              --outFilterMismatchNmax 3              --peOverlapNbasesMin 10              --alignSplicedMateMapLminOverLmate 0.5              --chimSegmentMin 10              --chimOutType WithinBAM SoftClip              --chimJunctionOverhangMin 10              --chimScoreMin 1              --chimScoreDropMax 30              --chimScoreJunctionNonGTAG 0              --chimScoreSeparation 1              --alignSJstitchMismatchNmax 5 -1 5 5              --chimSegmentReadGapMax 3 &> logs/star_align/WT_REP2_control.star_align.log

        # Create temp directory if it doesn't exist
        mkdir -p results/temp/align
        
        # Move all STAR output files except the BAM and transcriptome BAM to the temp directory
        mv results/align/bam_original/WT_REP2_control/* results/temp/align/WT_REP2_control
        
        # Move back the BAM and transcriptome BAM to their original directories
        mv results/temp/align/WT_REP2_control.Aligned.out.bam results/align/bam_original/WT_REP2_control/WT_REP2_control.Aligned.out.bam
        mv results/temp/align/WT_REP2_control.Aligned.toTranscriptome.out.bam results/align/bam_original/WT_REP2_control/WT_REP2_control.Aligned.toTranscriptome.out.bam
        
        (one of the commands exited with non-zero exit code; note that snakemake uses bash strict mode!)

Removing output files of failed job align_paired since they might be corrupted:
results/align/bam_original/WT_REP2_control/WT_REP2_control.Aligned.out.bam
Shutting down, this might take some time.
Exiting because a job execution failed. Look above for error message
Complete log: .snakemake/log/2024-08-15T141236.323870.snakemake.log
unlocking
removing lock
removing lock
removed all locks
Full Traceback (most recent call last):
  File "/home/lucianhu/micromamba/envs/rna_snakemake/lib/python3.12/site-packages/snakemake/cli.py", line 2103, in args_to_api
    dag_api.execute_workflow(
  File "/home/lucianhu/micromamba/envs/rna_snakemake/lib/python3.12/site-packages/snakemake/api.py", line 594, in execute_workflow
    workflow.execute(
  File "/home/lucianhu/micromamba/envs/rna_snakemake/lib/python3.12/site-packages/snakemake/workflow.py", line 1286, in execute
    raise WorkflowError("At least one job did not complete successfully.")
snakemake_interface_common.exceptions.WorkflowError: At least one job did not complete successfully.

WorkflowError:
At least one job did not complete successfully.
