Building DAG of jobs...
Forcing incomplete files:
	results/align/bam_original/WT_REP2_control/WT_REP2_control.Aligned.out.bam
	results/align/bam_original/WT_REP2_control/WT_REP2_control.Aligned.toTranscriptome.out.bam
shared_storage_local_copies: True
remote_exec: False
Using shell: /usr/bin/bash
Provided cores: 24
Rules claiming more threads will be scaled down.
Conda environments: ignored
Job stats:
job                            count
---------------------------  -------
align_paired                       1
all                                1
filter_gtf                         1
picard_mark_duplicates             1
samtools_markdup_processing        1
samtools_process                   1
stringtie                          6
total                             12

Resources before job selection: {'_cores': 24, '_nodes': 9223372036854775807}
Ready jobs (2)
Select jobs to execute...
Selected jobs (2)
Resources after job selection: {'_cores': 11, '_nodes': 9223372036854775805}
Execute 2 jobs...

[Sun Aug 18 20:05:22 2024]
localrule filter_gtf:
    input: resources/annotation.gtf, resources/genome.fa
    output: resources/annotation.filtered.gtf
    log: logs/filter_gtf.log
    jobid: 32
    reason: Missing output files: resources/annotation.filtered.gtf
    resources: tmpdir=/tmp


[Sun Aug 18 20:05:22 2024]
Job 3: WT_REP2_control: Aligning on paired-end FASTQ files...
Reason: Forced execution

Completion of job ['filter_gtf'] reported to scheduler.
jobs registered as running before removal {filter_gtf, align_paired}
[Sun Aug 18 20:05:22 2024]
Finished job 32.
1 of 12 steps (8%) done
Resources before job selection: {'_cores': 12, '_nodes': 9223372036854775806}
Ready jobs (5)
Select jobs to execute...
Selected jobs (2)
Resources after job selection: {'_cores': 0, '_nodes': 9223372036854775804}
Execute 2 jobs...

[Sun Aug 18 20:05:22 2024]
Job 34: WT_REP3_control: Running Stringtie to assemble and quantify transcripts
Reason: Missing output files: results/stringtie/WT_REP3_control/WT_REP3_control.transcripts.gtf; Input files updated by another job: resources/annotation.filtered.gtf


[Sun Aug 18 20:05:22 2024]
Job 36: RAP1_REP2_treatment: Running Stringtie to assemble and quantify transcripts
Reason: Missing output files: results/stringtie/RAP1_REP2_treatment/RAP1_REP2_treatment.transcripts.gtf; Input files updated by another job: resources/annotation.filtered.gtf

Completion of job ['stringtie'] reported to scheduler.
jobs registered as running before removal {stringtie, stringtie, align_paired}
[Sun Aug 18 20:05:22 2024]
Finished job 36.
2 of 12 steps (17%) done
Resources before job selection: {'_cores': 6, '_nodes': 9223372036854775805}
Ready jobs (3)
Select jobs to execute...
Selected jobs (1)
Resources after job selection: {'_cores': 0, '_nodes': 9223372036854775804}
Execute 1 jobs...

[Sun Aug 18 20:05:23 2024]
Job 37: RAP1_REP3_treatment: Running Stringtie to assemble and quantify transcripts
Reason: Missing output files: results/stringtie/RAP1_REP3_treatment/RAP1_REP3_treatment.transcripts.gtf; Input files updated by another job: resources/annotation.filtered.gtf

Completion of job ['stringtie'] reported to scheduler.
jobs registered as running before removal {stringtie, align_paired, stringtie}
[Sun Aug 18 20:05:23 2024]
Finished job 34.
3 of 12 steps (25%) done
Resources before job selection: {'_cores': 6, '_nodes': 9223372036854775805}
Ready jobs (2)
Select jobs to execute...
Selected jobs (1)
Completion of job ['stringtie'] reported to scheduler.
Resources after job selection: {'_cores': 0, '_nodes': 9223372036854775804}
Execute 1 jobs...

[Sun Aug 18 20:05:23 2024]
Job 31: WT_REP1_control: Running Stringtie to assemble and quantify transcripts
Reason: Missing output files: results/stringtie/WT_REP1_control/WT_REP1_control.transcripts.gtf; Input files updated by another job: resources/annotation.filtered.gtf

jobs registered as running before removal {stringtie, align_paired, stringtie}
[Sun Aug 18 20:05:23 2024]
Finished job 37.
4 of 12 steps (33%) done
Resources before job selection: {'_cores': 6, '_nodes': 9223372036854775805}
Ready jobs (1)
Select jobs to execute...
Using greedy selector because only single job has to be scheduled.
Selected jobs (1)
Resources after job selection: {'_cores': 0, '_nodes': 9223372036854775804}
Execute 1 jobs...

[Sun Aug 18 20:05:23 2024]
Job 35: RAP1_REP1_treatment: Running Stringtie to assemble and quantify transcripts
Reason: Missing output files: results/stringtie/RAP1_REP1_treatment/RAP1_REP1_treatment.transcripts.gtf; Input files updated by another job: resources/annotation.filtered.gtf

Completion of job ['stringtie'] reported to scheduler.
jobs registered as running before removal {stringtie, stringtie, align_paired}
[Sun Aug 18 20:05:23 2024]
Finished job 35.
5 of 12 steps (42%) done
Completion of job ['stringtie'] reported to scheduler.
jobs registered as running before removal {stringtie, align_paired}
[Sun Aug 18 20:05:23 2024]
Finished job 31.
6 of 12 steps (50%) done
Completion of job ['align_paired'] reported to scheduler.
jobs registered as running before removal {align_paired}
[Sun Aug 18 20:06:22 2024]
Finished job 3.
7 of 12 steps (58%) done
Resources before job selection: {'_cores': 24, '_nodes': 9223372036854775807}
Ready jobs (1)
Select jobs to execute...
Using greedy selector because only single job has to be scheduled.
Selected jobs (1)
Resources after job selection: {'_cores': 16, '_nodes': 9223372036854775806}
Execute 1 jobs...

[Sun Aug 18 20:06:22 2024]
Job 14: WT_REP2_control: Sorting and indexing alignments
Reason: Input files updated by another job: results/align/bam_original/WT_REP2_control/WT_REP2_control.Aligned.out.bam

Completion of job ['samtools_process'] reported to scheduler.
jobs registered as running before removal {samtools_process}
[Sun Aug 18 20:06:22 2024]
Finished job 14.
8 of 12 steps (67%) done
Resources before job selection: {'_cores': 24, '_nodes': 9223372036854775807}
Ready jobs (1)
Select jobs to execute...
Using greedy selector because only single job has to be scheduled.
Selected jobs (1)
Resources after job selection: {'_cores': 12, '_nodes': 9223372036854775806}
Execute 1 jobs...

[Sun Aug 18 20:06:22 2024]
Job 20: WT_REP2_control: Marking duplicate reads
Reason: Input files updated by another job: results/align/bam_original/WT_REP2_control/WT_REP2_control.sorted.bam

Completion of job ['picard_mark_duplicates'] reported to scheduler.
jobs registered as running before removal {picard_mark_duplicates}
[Sun Aug 18 20:06:23 2024]
Finished job 20.
9 of 12 steps (75%) done
Resources before job selection: {'_cores': 24, '_nodes': 9223372036854775807}
Ready jobs (2)
Select jobs to execute...
Selected jobs (2)
Resources after job selection: {'_cores': 17, '_nodes': 9223372036854775805}
Execute 2 jobs...

[Sun Aug 18 20:06:23 2024]
Job 33: WT_REP2_control: Running Stringtie to assemble and quantify transcripts
Reason: Missing output files: results/stringtie/WT_REP2_control/WT_REP2_control.transcripts.gtf; Input files updated by another job: resources/annotation.filtered.gtf, results/align/bam_markup/WT_REP2_control/WT_REP2_control.markdup.sorted.bam


[Sun Aug 18 20:06:23 2024]
Job 26: WT_REP2_control: Running Samtools to mark duplicate reads
Reason: Input files updated by another job: results/align/bam_markup/WT_REP2_control/WT_REP2_control.markdup.sorted.bam

Completion of job ['stringtie'] reported to scheduler.
jobs registered as running before removal {samtools_markdup_processing, stringtie}
[Sun Aug 18 20:06:24 2024]
Finished job 33.
10 of 12 steps (83%) done
Completion of job ['samtools_markdup_processing'] reported to scheduler.
jobs registered as running before removal {samtools_markdup_processing}
[Sun Aug 18 20:06:24 2024]
Finished job 26.
11 of 12 steps (92%) done
Resources before job selection: {'_cores': 24, '_nodes': 9223372036854775807}
Ready jobs (1)
Select jobs to execute...
Using greedy selector because only single job has to be scheduled.
Selected jobs (1)
Resources after job selection: {'_cores': 23, '_nodes': 9223372036854775806}
Execute 1 jobs...

[Sun Aug 18 20:06:24 2024]
localrule all:
    input: results/align/bam_original/WT_REP1_control/WT_REP1_control.Aligned.out.bam, results/align/bam_original/WT_REP2_control/WT_REP2_control.Aligned.out.bam, results/align/bam_original/WT_REP3_control/WT_REP3_control.Aligned.out.bam, results/align/bam_original/RAP1_REP1_treatment/RAP1_REP1_treatment.Aligned.out.bam, results/align/bam_original/RAP1_REP2_treatment/RAP1_REP2_treatment.Aligned.out.bam, results/align/bam_original/RAP1_REP3_treatment/RAP1_REP3_treatment.Aligned.out.bam, results/align/bam_original/WT_REP1_control/WT_REP1_control.Aligned.toTranscriptome.out.bam, results/align/bam_original/WT_REP2_control/WT_REP2_control.Aligned.toTranscriptome.out.bam, results/align/bam_original/WT_REP3_control/WT_REP3_control.Aligned.toTranscriptome.out.bam, results/align/bam_original/RAP1_REP1_treatment/RAP1_REP1_treatment.Aligned.toTranscriptome.out.bam, results/align/bam_original/RAP1_REP2_treatment/RAP1_REP2_treatment.Aligned.toTranscriptome.out.bam, results/align/bam_original/RAP1_REP3_treatment/RAP1_REP3_treatment.Aligned.toTranscriptome.out.bam, results/align/bam_original/WT_REP1_control/WT_REP1_control.sorted.bam.stats, results/align/bam_original/WT_REP2_control/WT_REP2_control.sorted.bam.stats, results/align/bam_original/WT_REP3_control/WT_REP3_control.sorted.bam.stats, results/align/bam_original/RAP1_REP1_treatment/RAP1_REP1_treatment.sorted.bam.stats, results/align/bam_original/RAP1_REP2_treatment/RAP1_REP2_treatment.sorted.bam.stats, results/align/bam_original/RAP1_REP3_treatment/RAP1_REP3_treatment.sorted.bam.stats, results/align/bam_markup/WT_REP1_control/WT_REP1_control.markdup.sorted.bam, results/align/bam_markup/WT_REP2_control/WT_REP2_control.markdup.sorted.bam, results/align/bam_markup/WT_REP3_control/WT_REP3_control.markdup.sorted.bam, results/align/bam_markup/RAP1_REP1_treatment/RAP1_REP1_treatment.markdup.sorted.bam, results/align/bam_markup/RAP1_REP2_treatment/RAP1_REP2_treatment.markdup.sorted.bam, results/align/bam_markup/RAP1_REP3_treatment/RAP1_REP3_treatment.markdup.sorted.bam, results/align/bam_markup/WT_REP1_control/WT_REP1_control.markdup.sorted.bam.stats, results/align/bam_markup/WT_REP2_control/WT_REP2_control.markdup.sorted.bam.stats, results/align/bam_markup/WT_REP3_control/WT_REP3_control.markdup.sorted.bam.stats, results/align/bam_markup/RAP1_REP1_treatment/RAP1_REP1_treatment.markdup.sorted.bam.stats, results/align/bam_markup/RAP1_REP2_treatment/RAP1_REP2_treatment.markdup.sorted.bam.stats, results/align/bam_markup/RAP1_REP3_treatment/RAP1_REP3_treatment.markdup.sorted.bam.stats, results/stringtie/WT_REP1_control/WT_REP1_control.transcripts.gtf, results/stringtie/WT_REP2_control/WT_REP2_control.transcripts.gtf, results/stringtie/WT_REP3_control/WT_REP3_control.transcripts.gtf, results/stringtie/RAP1_REP1_treatment/RAP1_REP1_treatment.transcripts.gtf, results/stringtie/RAP1_REP2_treatment/RAP1_REP2_treatment.transcripts.gtf, results/stringtie/RAP1_REP3_treatment/RAP1_REP3_treatment.transcripts.gtf
    jobid: 0
    reason: Input files updated by another job: results/stringtie/WT_REP2_control/WT_REP2_control.transcripts.gtf, results/align/bam_original/WT_REP2_control/WT_REP2_control.sorted.bam.stats, results/align/bam_original/WT_REP2_control/WT_REP2_control.Aligned.toTranscriptome.out.bam, results/stringtie/WT_REP3_control/WT_REP3_control.transcripts.gtf, results/stringtie/RAP1_REP3_treatment/RAP1_REP3_treatment.transcripts.gtf, results/align/bam_markup/WT_REP2_control/WT_REP2_control.markdup.sorted.bam, results/align/bam_original/WT_REP2_control/WT_REP2_control.Aligned.out.bam, results/stringtie/WT_REP1_control/WT_REP1_control.transcripts.gtf, results/stringtie/RAP1_REP2_treatment/RAP1_REP2_treatment.transcripts.gtf, results/stringtie/RAP1_REP1_treatment/RAP1_REP1_treatment.transcripts.gtf, results/align/bam_markup/WT_REP2_control/WT_REP2_control.markdup.sorted.bam.stats
    resources: tmpdir=/tmp

Completion of job ['all'] reported to scheduler.
jobs registered as running before removal {all}
[Sun Aug 18 20:06:24 2024]
Finished job 0.
12 of 12 steps (100%) done
Complete log: .snakemake/log/2024-08-18T200522.825218.snakemake.log
unlocking
removing lock
removing lock
removed all locks
