Building DAG of jobs...
shared_storage_local_copies: True
remote_exec: False
Using shell: /usr/bin/bash
Provided cores: 24
Rules claiming more threads will be scaled down.
Conda environments: ignored
Job stats:
job               count
--------------  -------
all                   1
gtf_to_bed            1
inner_distance        6
total                 8

Resources before job selection: {'_cores': 24, '_nodes': 9223372036854775807}
Ready jobs (1)
Select jobs to execute...
Using greedy selector because only single job has to be scheduled.
Selected jobs (1)
Resources after job selection: {'_cores': 23, '_nodes': 9223372036854775806}
Execute 1 jobs...

[Mon Aug 19 00:36:12 2024]
Job 72: Converting a GTF file to a BED file format.
Reason: Missing output files: resources/annotation.filtered.bed

Completion of job ['gtf_to_bed'] reported to scheduler.
jobs registered as running before removal {gtf_to_bed}
[Mon Aug 19 00:36:12 2024]
Finished job 72.
1 of 8 steps (12%) done
Resources before job selection: {'_cores': 24, '_nodes': 9223372036854775807}
Ready jobs (6)
Select jobs to execute...
Selected jobs (4)
Resources after job selection: {'_cores': 0, '_nodes': 9223372036854775803}
Execute 4 jobs...

[Mon Aug 19 00:36:12 2024]
localrule inner_distance:
    input: results/align/bam_markup/WT_REP3_control/WT_REP3_control.markdup.sorted.bam, resources/annotation.filtered.bed
    output: results/rseqc/inner_distance/WT_REP3_control/WT_REP3_control.inner_distance_plot.pdf
    log: logs/rseqc/WT_REP3_control/WT_REP3_control.inner_distance.log
    jobid: 74
    reason: Missing output files: results/rseqc/inner_distance/WT_REP3_control/WT_REP3_control.inner_distance_plot.pdf; Input files updated by another job: resources/annotation.filtered.bed
    wildcards: sample=WT_REP3_control
    threads: 6
    resources: tmpdir=/tmp


[Mon Aug 19 00:36:12 2024]
localrule inner_distance:
    input: results/align/bam_markup/RAP1_REP1_treatment/RAP1_REP1_treatment.markdup.sorted.bam, resources/annotation.filtered.bed
    output: results/rseqc/inner_distance/RAP1_REP1_treatment/RAP1_REP1_treatment.inner_distance_plot.pdf
    log: logs/rseqc/RAP1_REP1_treatment/RAP1_REP1_treatment.inner_distance.log
    jobid: 75
    reason: Missing output files: results/rseqc/inner_distance/RAP1_REP1_treatment/RAP1_REP1_treatment.inner_distance_plot.pdf; Input files updated by another job: resources/annotation.filtered.bed
    wildcards: sample=RAP1_REP1_treatment
    threads: 6
    resources: tmpdir=/tmp


[Mon Aug 19 00:36:12 2024]
localrule inner_distance:
    input: results/align/bam_markup/RAP1_REP2_treatment/RAP1_REP2_treatment.markdup.sorted.bam, resources/annotation.filtered.bed
    output: results/rseqc/inner_distance/RAP1_REP2_treatment/RAP1_REP2_treatment.inner_distance_plot.pdf
    log: logs/rseqc/RAP1_REP2_treatment/RAP1_REP2_treatment.inner_distance.log
    jobid: 76
    reason: Missing output files: results/rseqc/inner_distance/RAP1_REP2_treatment/RAP1_REP2_treatment.inner_distance_plot.pdf; Input files updated by another job: resources/annotation.filtered.bed
    wildcards: sample=RAP1_REP2_treatment
    threads: 6
    resources: tmpdir=/tmp


[Mon Aug 19 00:36:12 2024]
localrule inner_distance:
    input: results/align/bam_markup/WT_REP2_control/WT_REP2_control.markdup.sorted.bam, resources/annotation.filtered.bed
    output: results/rseqc/inner_distance/WT_REP2_control/WT_REP2_control.inner_distance_plot.pdf
    log: logs/rseqc/WT_REP2_control/WT_REP2_control.inner_distance.log
    jobid: 73
    reason: Missing output files: results/rseqc/inner_distance/WT_REP2_control/WT_REP2_control.inner_distance_plot.pdf; Input files updated by another job: resources/annotation.filtered.bed
    wildcards: sample=WT_REP2_control
    threads: 6
    resources: tmpdir=/tmp

Completion of job ['inner_distance'] reported to scheduler.
Waiting at most 5 seconds for missing files.
still missing files, waiting...
still missing files, waiting...
still missing files, waiting...
still missing files, waiting...
still missing files, waiting...
Full Traceback (most recent call last):
  File "/home/lucianhu/micromamba/envs/rna_snakemake/lib/python3.12/site-packages/snakemake/dag.py", line 673, in check_and_touch_output
    await wait_for_files(
  File "/home/lucianhu/micromamba/envs/rna_snakemake/lib/python3.12/site-packages/snakemake/io.py", line 985, in wait_for_files
    raise IOError(
OSError: Missing files after 5 seconds. This might be due to filesystem latency. If that is the case, consider to increase the wait time with --latency-wait:
results/rseqc/inner_distance/RAP1_REP1_treatment/RAP1_REP1_treatment.inner_distance_plot.pdf (missing locally, parent dir contents: .inner_distance.txt, .inner_distance_freq.txt, .inner_distance_plot.r)

During handling of the above exception, another exception occurred:

Traceback (most recent call last):
  File "/home/lucianhu/micromamba/envs/rna_snakemake/lib/python3.12/site-packages/snakemake/scheduler.py", line 334, in postprocess
    await job.postprocess(
  File "/home/lucianhu/micromamba/envs/rna_snakemake/lib/python3.12/site-packages/snakemake/jobs.py", line 1133, in postprocess
    await self.dag.check_and_touch_output(
  File "/home/lucianhu/micromamba/envs/rna_snakemake/lib/python3.12/site-packages/snakemake/dag.py", line 680, in check_and_touch_output
    raise MissingOutputException(
snakemake.exceptions.MissingOutputException: Job 75  completed successfully, but some output files are missing. Missing files after 5 seconds. This might be due to filesystem latency. If that is the case, consider to increase the wait time with --latency-wait:
results/rseqc/inner_distance/RAP1_REP1_treatment/RAP1_REP1_treatment.inner_distance_plot.pdf (missing locally, parent dir contents: .inner_distance.txt, .inner_distance_freq.txt, .inner_distance_plot.r)

MissingOutputException in rule inner_distance in file /home/lucianhu/rna_snakemake/test_ting/Snakefile, line 652:
Job 75  completed successfully, but some output files are missing. Missing files after 5 seconds. This might be due to filesystem latency. If that is the case, consider to increase the wait time with --latency-wait:
results/rseqc/inner_distance/RAP1_REP1_treatment/RAP1_REP1_treatment.inner_distance_plot.pdf (missing locally, parent dir contents: .inner_distance.txt, .inner_distance_freq.txt, .inner_distance_plot.r)
Completion of job ['inner_distance'] reported to scheduler.
Completion of job ['inner_distance'] reported to scheduler.
Completion of job ['inner_distance'] reported to scheduler.
Waiting at most 5 seconds for missing files.
still missing files, waiting...
still missing files, waiting...
still missing files, waiting...
still missing files, waiting...
Terminating processes on user request, this might take some time.
Complete log: .snakemake/log/2024-08-19T003612.294632.snakemake.log
unlocking
removing lock
removing lock
removed all locks
Full Traceback (most recent call last):
  File "/home/lucianhu/micromamba/envs/rna_snakemake/lib/python3.12/site-packages/snakemake/cli.py", line 2103, in args_to_api
    dag_api.execute_workflow(
  File "/home/lucianhu/micromamba/envs/rna_snakemake/lib/python3.12/site-packages/snakemake/api.py", line 594, in execute_workflow
    workflow.execute(
  File "/home/lucianhu/micromamba/envs/rna_snakemake/lib/python3.12/site-packages/snakemake/workflow.py", line 1286, in execute
    raise WorkflowError("At least one job did not complete successfully.")
snakemake_interface_common.exceptions.WorkflowError: At least one job did not complete successfully.

WorkflowError:
At least one job did not complete successfully.
