Building DAG of jobs...
Using shell: /usr/bin/bash
Provided cores: 24
Rules claiming more threads will be scaled down.
Conda environments: ignored
Job stats:
job             count
------------  -------
align_paired        1
all                 1
total               2

Select jobs to execute...
Execute 1 jobs...

[Wed Aug 14 14:54:14 2024]
localrule align_paired:
    input: results/trimmed/WT_REP1_control_trimmed_R1.fq.gz, results/trimmed/WT_REP1_control_trimmed_R2.fq.gz, resources/annotation.gtf, resources/star_index
    output: results/align/bam_original/WT_REP1_control.Aligned.out.bam, results/align/bam_transcript/WT_REP1_control.toTranscriptome.out.bam, results/align/junction/WT_REP1_control.out.junction
    log: logs/star_align/WT_REP1_control.star_align.log
    jobid: 1
    reason: Missing output files: results/align/bam_original/WT_REP1_control.Aligned.out.bam, results/align/junction/WT_REP1_control.out.junction, results/align/bam_transcript/WT_REP1_control.toTranscriptome.out.bam
    wildcards: sample=WT_REP1_control
    threads: 12
    resources: tmpdir=/tmp

[Wed Aug 14 14:54:14 2024]
Error in rule align_paired:
    jobid: 1
    input: results/trimmed/WT_REP1_control_trimmed_R1.fq.gz, results/trimmed/WT_REP1_control_trimmed_R2.fq.gz, resources/annotation.gtf, resources/star_index
    output: results/align/bam_original/WT_REP1_control.Aligned.out.bam, results/align/bam_transcript/WT_REP1_control.toTranscriptome.out.bam, results/align/junction/WT_REP1_control.out.junction
    log: logs/star_align/WT_REP1_control.star_align.log (check log file(s) for error details)
    conda-env: /home/lucianhu/rna_snakemake/test_ting/.snakemake/conda/1f835baae0b7b062716b90b833a307f5_
    shell:
        
        STAR --genomeDir resources/star_index              --readFilesIn results/trimmed/WT_REP1_control_trimmed_R1.fq.gz results/trimmed/WT_REP1_control_trimmed_R2.fq.gz                --runThreadN 12              --outFileNamePrefix results/align/WT_REP1_control_              --sjdbGTFfile resources/annotation.gtf              --outSAMattrRGline 'ID:WT_REP1_control' 'SM:WT_REP1_control'              --quantMode TranscriptomeSAM              --twopassMode Basic              --outSAMtype BAM Unsorted              --readFilesCommand zcat              --runRNGseed 0              --outFilterMultimapNmax 20              --alignSJDBoverhangMin 1              --outSAMattributes NH HI AS NM MD              --quantTranscriptomeBan Singleend              --outSAMstrandField intronMotif &> logs/star_align/WT_REP1_control.star_align.log

        # Check and move unmapped files if they exist
        if [ -f results/align/WT_REP1_control.Unmapped.out.mate1 ]; then
            mv results/align/WT_REP1_control.Unmapped.out.mate1 results/align/WT_REP1_control.unmapped_1.fastq
            gzip results/align/WT_REP1_control.unmapped_1.fastq
        fi
        if [ -f results/align/WT_REP1_control.Unmapped.out.mate2 ]; then
            mv results/align/WT_REP1_control.Unmapped.out.mate2 results/align/WT_REP1_control.unmapped_2.fastq
            gzip results/align/WT_REP1_control.unmapped_2.fastq
        fi
        
        (one of the commands exited with non-zero exit code; note that snakemake uses bash strict mode!)

Shutting down, this might take some time.
Exiting because a job execution failed. Look above for error message
Complete log: .snakemake/log/2024-08-14T145414.153157.snakemake.log
WorkflowError:
At least one job did not complete successfully.
