Building DAG of jobs...
shared_storage_local_copies: True
remote_exec: False
Using shell: /usr/bin/bash
Provided cores: 24
Rules claiming more threads will be scaled down.
Conda environments: ignored
Job stats:
job       count
------  -------
all           1
fastqc        6
total         7

Resources before job selection: {'_cores': 24, '_nodes': 9223372036854775807}
Ready jobs (6)
Select jobs to execute...
Selected jobs (6)
Resources after job selection: {'_cores': 18, '_nodes': 9223372036854775801}
Execute 6 jobs...

[Tue Aug 13 16:07:57 2024]
localrule fastqc:
    input: /home/lucianhu/rna_snakemake/rna_snakemake/test-datasets/testdata/SRR6357073_1.fastq.gz
    output: fastqc/RAP1_REP1_treatment_fastqc
    jobid: 4
    reason: Missing output files: fastqc/RAP1_REP1_treatment_fastqc
    wildcards: sample=RAP1_REP1_treatment
    resources: tmpdir=/tmp


[Tue Aug 13 16:07:57 2024]
localrule fastqc:
    input: /home/lucianhu/rna_snakemake/rna_snakemake/test-datasets/testdata/SRR6357072_1.fastq.gz, /home/lucianhu/rna_snakemake/rna_snakemake/test-datasets/testdata/SRR6357072_2.fastq.gz
    output: fastqc/WT_REP3_control_fastqc
    jobid: 3
    reason: Missing output files: fastqc/WT_REP3_control_fastqc
    wildcards: sample=WT_REP3_control
    resources: tmpdir=/tmp


[Tue Aug 13 16:07:57 2024]
localrule fastqc:
    input: /home/lucianhu/rna_snakemake/rna_snakemake/test-datasets/testdata/SRR6357074_1.fastq.gz
    output: fastqc/RAP1_REP2_treatment_fastqc
    jobid: 5
    reason: Missing output files: fastqc/RAP1_REP2_treatment_fastqc
    wildcards: sample=RAP1_REP2_treatment
    resources: tmpdir=/tmp


[Tue Aug 13 16:07:57 2024]
localrule fastqc:
    input: /home/lucianhu/rna_snakemake/rna_snakemake/test-datasets/testdata/SRR6357071_1.fastq.gz, /home/lucianhu/rna_snakemake/rna_snakemake/test-datasets/testdata/SRR6357071_2.fastq.gz
    output: fastqc/WT_REP2_control_fastqc
    jobid: 2
    reason: Missing output files: fastqc/WT_REP2_control_fastqc
    wildcards: sample=WT_REP2_control
    resources: tmpdir=/tmp


[Tue Aug 13 16:07:57 2024]
localrule fastqc:
    input: /home/lucianhu/rna_snakemake/rna_snakemake/test-datasets/testdata/SRR6357075_1.fastq.gz
    output: fastqc/RAP1_REP3_treatment_fastqc
    jobid: 6
    reason: Missing output files: fastqc/RAP1_REP3_treatment_fastqc
    wildcards: sample=RAP1_REP3_treatment
    resources: tmpdir=/tmp


[Tue Aug 13 16:07:57 2024]
localrule fastqc:
    input: /home/lucianhu/rna_snakemake/rna_snakemake/test-datasets/testdata/SRR6357070_1.fastq.gz, /home/lucianhu/rna_snakemake/rna_snakemake/test-datasets/testdata/SRR6357070_2.fastq.gz
    output: fastqc/WT_REP1_control_fastqc
    jobid: 1
    reason: Missing output files: fastqc/WT_REP1_control_fastqc
    wildcards: sample=WT_REP1_control
    resources: tmpdir=/tmp

Completion of job ['fastqc'] reported to scheduler.
jobs registered as running before removal {fastqc, fastqc, fastqc, fastqc, fastqc, fastqc}
[Tue Aug 13 16:07:59 2024]
Finished job 5.
1 of 7 steps (14%) done
Completion of job ['fastqc'] reported to scheduler.
jobs registered as running before removal {fastqc, fastqc, fastqc, fastqc, fastqc}
[Tue Aug 13 16:07:59 2024]
Finished job 6.
2 of 7 steps (29%) done
Completion of job ['fastqc'] reported to scheduler.
jobs registered as running before removal {fastqc, fastqc, fastqc, fastqc}
[Tue Aug 13 16:07:59 2024]
Finished job 4.
3 of 7 steps (43%) done
Completion of job ['fastqc'] reported to scheduler.
jobs registered as running before removal {fastqc, fastqc, fastqc}
[Tue Aug 13 16:08:00 2024]
Finished job 3.
4 of 7 steps (57%) done
Completion of job ['fastqc'] reported to scheduler.
jobs registered as running before removal {fastqc, fastqc}
[Tue Aug 13 16:08:00 2024]
Finished job 1.
5 of 7 steps (71%) done
Completion of job ['fastqc'] reported to scheduler.
jobs registered as running before removal {fastqc}
[Tue Aug 13 16:08:00 2024]
Finished job 2.
6 of 7 steps (86%) done
Resources before job selection: {'_cores': 24, '_nodes': 9223372036854775807}
Ready jobs (1)
Select jobs to execute...
Using greedy selector because only single job has to be scheduled.
Selected jobs (1)
Resources after job selection: {'_cores': 23, '_nodes': 9223372036854775806}
Execute 1 jobs...

[Tue Aug 13 16:08:00 2024]
localrule all:
    input: fastqc/WT_REP1_control_fastqc, fastqc/WT_REP2_control_fastqc, fastqc/WT_REP3_control_fastqc, fastqc/RAP1_REP1_treatment_fastqc, fastqc/RAP1_REP2_treatment_fastqc, fastqc/RAP1_REP3_treatment_fastqc
    jobid: 0
    reason: Input files updated by another job: fastqc/WT_REP2_control_fastqc, fastqc/WT_REP3_control_fastqc, fastqc/RAP1_REP3_treatment_fastqc, fastqc/RAP1_REP2_treatment_fastqc, fastqc/WT_REP1_control_fastqc, fastqc/RAP1_REP1_treatment_fastqc
    resources: tmpdir=/tmp

Completion of job ['all'] reported to scheduler.
jobs registered as running before removal {all}
[Tue Aug 13 16:08:00 2024]
Finished job 0.
7 of 7 steps (100%) done
Complete log: .snakemake/log/2024-08-13T160757.733693.snakemake.log
unlocking
removing lock
removing lock
removed all locks
