Building DAG of jobs...
shared_storage_local_copies: True
remote_exec: False
Using shell: /usr/bin/bash
Provided cores: 24
Rules claiming more threads will be scaled down.
Conda environments: ignored
Job stats:
job             count
------------  -------
align_paired        3
align_single        3
all                 1
total               7

Resources before job selection: {'_cores': 24, '_nodes': 9223372036854775807}
Ready jobs (6)
Select jobs to execute...
Selected jobs (2)
Resources after job selection: {'_cores': 0, '_nodes': 9223372036854775805}
Execute 2 jobs...

[Thu Aug 15 13:44:31 2024]
localrule align_single:
    input: results/trimmed/RAP1_REP2_treatment_trimmed_R1.fq.gz, resources/annotation.gtf, resources/star_index
    output: results/align/bam_original/RAP1_REP2_treatment, results/align/bam_original/RAP1_REP2_treatment/RAP1_REP2_treatment.Aligned.out.bam, results/align/bam_original/RAP1_REP2_treatment/RAP1_REP2_treatment.toTranscriptome.out.bam
    log: logs/star_align/RAP1_REP2_treatment.star_align.log
    jobid: 9
    reason: Missing output files: results/align/bam_original/RAP1_REP2_treatment/RAP1_REP2_treatment.Aligned.out.bam, results/align/bam_original/RAP1_REP2_treatment/RAP1_REP2_treatment.toTranscriptome.out.bam
    wildcards: sample=RAP1_REP2_treatment
    threads: 12
    resources: tmpdir=/tmp


[Thu Aug 15 13:44:31 2024]
localrule align_paired:
    input: results/trimmed/WT_REP1_control_trimmed_R1.fq.gz, results/trimmed/WT_REP1_control_trimmed_R2.fq.gz, resources/annotation.gtf, resources/star_index
    output: results/align/bam_original/WT_REP1_control, results/align/bam_original/WT_REP1_control/WT_REP1_control.Aligned.out.bam, results/align/bam_original/WT_REP1_control/WT_REP1_control.toTranscriptome.out.bam
    log: logs/star_align/WT_REP1_control.star_align.log
    jobid: 1
    reason: Missing output files: results/align/bam_original/WT_REP1_control/WT_REP1_control.Aligned.out.bam, results/align/bam_original/WT_REP1_control/WT_REP1_control.toTranscriptome.out.bam
    wildcards: sample=WT_REP1_control
    threads: 12
    resources: tmpdir=/tmp

Completion of job ['align_single'] reported to scheduler.
Waiting at most 5 seconds for missing files.
still missing files, waiting...
still missing files, waiting...
still missing files, waiting...
still missing files, waiting...
still missing files, waiting...
Full Traceback (most recent call last):
  File "/home/lucianhu/micromamba/envs/rna_snakemake/lib/python3.12/site-packages/snakemake/dag.py", line 673, in check_and_touch_output
    await wait_for_files(
  File "/home/lucianhu/micromamba/envs/rna_snakemake/lib/python3.12/site-packages/snakemake/io.py", line 985, in wait_for_files
    raise IOError(
OSError: Missing files after 5 seconds. This might be due to filesystem latency. If that is the case, consider to increase the wait time with --latency-wait:
results/align/bam_original/RAP1_REP2_treatment/RAP1_REP2_treatment.toTranscriptome.out.bam (missing locally, parent dir contents: RAP1_REP2_treatment._STARgenome, RAP1_REP2_treatment.SJ.out.tab, RAP1_REP2_treatment.Aligned.toTranscriptome.out.bam, RAP1_REP2_treatment.Log.progress.out, RAP1_REP2_treatment._STARpass1, RAP1_REP2_treatment.Log.out, RAP1_REP2_treatment.Aligned.out.bam, RAP1_REP2_treatment.Log.final.out)

During handling of the above exception, another exception occurred:

Traceback (most recent call last):
  File "/home/lucianhu/micromamba/envs/rna_snakemake/lib/python3.12/site-packages/snakemake/scheduler.py", line 334, in postprocess
    await job.postprocess(
  File "/home/lucianhu/micromamba/envs/rna_snakemake/lib/python3.12/site-packages/snakemake/jobs.py", line 1133, in postprocess
    await self.dag.check_and_touch_output(
  File "/home/lucianhu/micromamba/envs/rna_snakemake/lib/python3.12/site-packages/snakemake/dag.py", line 680, in check_and_touch_output
    raise MissingOutputException(
snakemake.exceptions.MissingOutputException: Job 9  completed successfully, but some output files are missing. Missing files after 5 seconds. This might be due to filesystem latency. If that is the case, consider to increase the wait time with --latency-wait:
results/align/bam_original/RAP1_REP2_treatment/RAP1_REP2_treatment.toTranscriptome.out.bam (missing locally, parent dir contents: RAP1_REP2_treatment._STARgenome, RAP1_REP2_treatment.SJ.out.tab, RAP1_REP2_treatment.Aligned.toTranscriptome.out.bam, RAP1_REP2_treatment.Log.progress.out, RAP1_REP2_treatment._STARpass1, RAP1_REP2_treatment.Log.out, RAP1_REP2_treatment.Aligned.out.bam, RAP1_REP2_treatment.Log.final.out)

MissingOutputException in rule align_single in file /home/lucianhu/rna_snakemake/test_ting/Snakefile, line 217:
Job 9  completed successfully, but some output files are missing. Missing files after 5 seconds. This might be due to filesystem latency. If that is the case, consider to increase the wait time with --latency-wait:
results/align/bam_original/RAP1_REP2_treatment/RAP1_REP2_treatment.toTranscriptome.out.bam (missing locally, parent dir contents: RAP1_REP2_treatment._STARgenome, RAP1_REP2_treatment.SJ.out.tab, RAP1_REP2_treatment.Aligned.toTranscriptome.out.bam, RAP1_REP2_treatment.Log.progress.out, RAP1_REP2_treatment._STARpass1, RAP1_REP2_treatment.Log.out, RAP1_REP2_treatment.Aligned.out.bam, RAP1_REP2_treatment.Log.final.out)
Removing output files of failed job align_single since they might be corrupted:
results/align/bam_original/RAP1_REP2_treatment, results/align/bam_original/RAP1_REP2_treatment/RAP1_REP2_treatment.Aligned.out.bam
Completion of job ['align_paired'] reported to scheduler.
Waiting at most 5 seconds for missing files.
still missing files, waiting...
still missing files, waiting...
still missing files, waiting...
still missing files, waiting...
still missing files, waiting...
Full Traceback (most recent call last):
  File "/home/lucianhu/micromamba/envs/rna_snakemake/lib/python3.12/site-packages/snakemake/dag.py", line 673, in check_and_touch_output
    await wait_for_files(
  File "/home/lucianhu/micromamba/envs/rna_snakemake/lib/python3.12/site-packages/snakemake/io.py", line 985, in wait_for_files
    raise IOError(
OSError: Missing files after 5 seconds. This might be due to filesystem latency. If that is the case, consider to increase the wait time with --latency-wait:
results/align/bam_original/WT_REP1_control/WT_REP1_control.toTranscriptome.out.bam (missing locally, parent dir contents: WT_REP1_control.SJ.out.tab, WT_REP1_control.Log.progress.out, WT_REP1_control.Aligned.out.bam, WT_REP1_control._STARpass1, WT_REP1_control.Log.final.out, WT_REP1_control.Aligned.toTranscriptome.out.bam, WT_REP1_control._STARgenome, WT_REP1_control.Log.out)

During handling of the above exception, another exception occurred:

Traceback (most recent call last):
  File "/home/lucianhu/micromamba/envs/rna_snakemake/lib/python3.12/site-packages/snakemake/scheduler.py", line 334, in postprocess
    await job.postprocess(
  File "/home/lucianhu/micromamba/envs/rna_snakemake/lib/python3.12/site-packages/snakemake/jobs.py", line 1133, in postprocess
    await self.dag.check_and_touch_output(
  File "/home/lucianhu/micromamba/envs/rna_snakemake/lib/python3.12/site-packages/snakemake/dag.py", line 680, in check_and_touch_output
    raise MissingOutputException(
snakemake.exceptions.MissingOutputException: Job 1  completed successfully, but some output files are missing. Missing files after 5 seconds. This might be due to filesystem latency. If that is the case, consider to increase the wait time with --latency-wait:
results/align/bam_original/WT_REP1_control/WT_REP1_control.toTranscriptome.out.bam (missing locally, parent dir contents: WT_REP1_control.SJ.out.tab, WT_REP1_control.Log.progress.out, WT_REP1_control.Aligned.out.bam, WT_REP1_control._STARpass1, WT_REP1_control.Log.final.out, WT_REP1_control.Aligned.toTranscriptome.out.bam, WT_REP1_control._STARgenome, WT_REP1_control.Log.out)

MissingOutputException in rule align_paired in file /home/lucianhu/rna_snakemake/test_ting/Snakefile, line 158:
Job 1  completed successfully, but some output files are missing. Missing files after 5 seconds. This might be due to filesystem latency. If that is the case, consider to increase the wait time with --latency-wait:
results/align/bam_original/WT_REP1_control/WT_REP1_control.toTranscriptome.out.bam (missing locally, parent dir contents: WT_REP1_control.SJ.out.tab, WT_REP1_control.Log.progress.out, WT_REP1_control.Aligned.out.bam, WT_REP1_control._STARpass1, WT_REP1_control.Log.final.out, WT_REP1_control.Aligned.toTranscriptome.out.bam, WT_REP1_control._STARgenome, WT_REP1_control.Log.out)
Removing output files of failed job align_paired since they might be corrupted:
results/align/bam_original/WT_REP1_control, results/align/bam_original/WT_REP1_control/WT_REP1_control.Aligned.out.bam
Shutting down, this might take some time.
Exiting because a job execution failed. Look above for error message
Complete log: .snakemake/log/2024-08-15T134431.367903.snakemake.log
unlocking
removing lock
removing lock
removed all locks
Full Traceback (most recent call last):
  File "/home/lucianhu/micromamba/envs/rna_snakemake/lib/python3.12/site-packages/snakemake/cli.py", line 2103, in args_to_api
    dag_api.execute_workflow(
  File "/home/lucianhu/micromamba/envs/rna_snakemake/lib/python3.12/site-packages/snakemake/api.py", line 594, in execute_workflow
    workflow.execute(
  File "/home/lucianhu/micromamba/envs/rna_snakemake/lib/python3.12/site-packages/snakemake/workflow.py", line 1286, in execute
    raise WorkflowError("At least one job did not complete successfully.")
snakemake_interface_common.exceptions.WorkflowError: At least one job did not complete successfully.

WorkflowError:
At least one job did not complete successfully.
