Path to Cutadapt set as: 'cutadapt' (default)
Cutadapt seems to be working fine (tested command 'cutadapt --version')
Cutadapt version: 4.9
Could not detect version of Python used by Cutadapt from the first line of Cutadapt (but found this: >>>#!/bin/sh<<<)
Letting the (modified) Cutadapt deal with the Python version instead
Parallel gzip (pigz) detected. Proceeding with multicore (de)compression using 8 cores

igzip detected. Using igzip for decompressing

No quality encoding type selected. Assuming that the data provided uses Sanger encoded Phred scores (default)

Output directory results/trimmed/RAP1_REP2_treatment/ doesn't exist, creating it for you...

Output will be written into the directory: /home/lucianhu/rna_snakemake/test_ting/results/trimmed/RAP1_REP2_treatment/


AUTO-DETECTING ADAPTER TYPE
===========================
Attempting to auto-detect adapter type from the first 1 million sequences of the first file (>> /home/lucianhu/rna_snakemake/rna_snakemake/test-datasets/testdata/SRR6357074_1.fastq.gz <<)

Found perfect matches for the following adapter sequences:
Adapter type	Count	Sequence	Sequences analysed	Percentage
Illumina	2130	AGATCGGAAGAGC	50000	4.26
smallRNA	0	TGGAATTCTCGG	50000	0.00
Nextera	0	CTGTCTCTTATA	50000	0.00
Using Illumina adapter for trimming (count: 2130). Second best hit was smallRNA (count: 0)

Writing report to '/home/lucianhu/rna_snakemake/test_ting/results/trimmed/RAP1_REP2_treatment/SRR6357074_1.fastq.gz_trimming_report.txt'

SUMMARISING RUN PARAMETERS
==========================
Input filename: /home/lucianhu/rna_snakemake/rna_snakemake/test-datasets/testdata/SRR6357074_1.fastq.gz
Trimming mode: single-end
Trim Galore version: 0.6.10
Cutadapt version: 4.9
Python version: could not detect
Number of cores used for trimming: 8
Quality Phred score cutoff: 20
Quality encoding type selected: ASCII+33
Adapter sequence: 'AGATCGGAAGAGC' (Illumina TruSeq, Sanger iPCR; auto-detected)
Maximum trimming error rate: 0.1 (default)
Minimum required adapter overlap (stringency): 1 bp
Minimum required sequence length before a sequence gets removed: 20 bp
Running FastQC on the data once trimming has completed
Running FastQC with the following extra arguments: '-t 12'
Output file(s) will be GZIP compressed

Cutadapt seems to be fairly up-to-date (version 4.9). Setting -j 8
Writing final adapter and quality trimmed output to SRR6357074_1_trimmed.fq.gz


  >>> Now performing quality (cutoff '-q 20') and adapter trimming in a single pass for the adapter sequence: 'AGATCGGAAGAGC' from file /home/lucianhu/rna_snakemake/rna_snakemake/test-datasets/testdata/SRR6357074_1.fastq.gz <<< 
This is cutadapt 4.9 with Python 3.12.4
Command line parameters: -j 8 -e 0.1 -q 20 -O 1 -a AGATCGGAAGAGC /home/lucianhu/rna_snakemake/rna_snakemake/test-datasets/testdata/SRR6357074_1.fastq.gz
Processing single-end reads on 8 cores ...
Finished in 0.125 s (2.496 µs/read; 24.04 M reads/minute).

=== Summary ===

Total reads processed:                  50,000
Reads with adapters:                    20,214 (40.4%)
Reads written (passing filters):        50,000 (100.0%)

Total basepairs processed:     5,050,000 bp
Quality-trimmed:                  12,145 bp (0.2%)
Total written (filtered):      4,950,947 bp (98.0%)

=== Adapter 1 ===

Sequence: AGATCGGAAGAGC; Type: regular 3'; Length: 13; Trimmed: 20214 times

Minimum overlap: 1
No. of allowed errors:
1-9 bp: 0; 10-13 bp: 1

Bases preceding removed adapters:
  A: 27.5%
  C: 23.8%
  G: 24.9%
  T: 23.8%
  none/other: 0.0%

Overview of removed sequences
length	count	expect	max.err	error counts
1	11577	12500.0	0	11577
2	3227	3125.0	0	3227
3	1005	781.2	0	1005
4	569	195.3	0	569
5	274	48.8	0	274
6	225	12.2	0	225
7	220	3.1	0	220
8	224	0.8	0	224
9	184	0.2	0	183 1
10	214	0.0	1	201 13
11	150	0.0	1	143 7
12	177	0.0	1	175 2
13	142	0.0	1	136 6
14	147	0.0	1	145 2
15	139	0.0	1	137 2
16	151	0.0	1	148 3
17	129	0.0	1	123 6
18	136	0.0	1	132 4
19	107	0.0	1	106 1
20	97	0.0	1	96 1
21	85	0.0	1	83 2
22	90	0.0	1	87 3
23	95	0.0	1	92 3
24	75	0.0	1	74 1
25	80	0.0	1	77 3
26	70	0.0	1	70
27	75	0.0	1	70 5
28	63	0.0	1	62 1
29	54	0.0	1	52 2
30	55	0.0	1	53 2
31	47	0.0	1	46 1
32	44	0.0	1	43 1
33	21	0.0	1	20 1
34	28	0.0	1	26 2
35	29	0.0	1	27 2
36	24	0.0	1	23 1
37	18	0.0	1	18
38	22	0.0	1	20 2
39	24	0.0	1	24
40	20	0.0	1	19 1
41	15	0.0	1	15
42	2	0.0	1	2
43	12	0.0	1	12
44	9	0.0	1	8 1
45	6	0.0	1	6
46	8	0.0	1	7 1
47	10	0.0	1	9 1
48	6	0.0	1	6
49	4	0.0	1	4
50	10	0.0	1	10
51	4	0.0	1	4
52	2	0.0	1	2
53	2	0.0	1	2
54	4	0.0	1	4
55	1	0.0	1	1
57	1	0.0	1	1
58	1	0.0	1	0 1
59	1	0.0	1	1
60	2	0.0	1	2
61	1	0.0	1	1

RUN STATISTICS FOR INPUT FILE: /home/lucianhu/rna_snakemake/rna_snakemake/test-datasets/testdata/SRR6357074_1.fastq.gz
=============================================
50000 sequences processed in total
Sequences removed because they became shorter than the length cutoff of 20 bp:	16 (0.0%)


  >>> Now running FastQC on the data <<<

Started analysis of SRR6357074_1_trimmed.fq.gz
Approx 5% complete for SRR6357074_1_trimmed.fq.gz
Approx 10% complete for SRR6357074_1_trimmed.fq.gz
Approx 15% complete for SRR6357074_1_trimmed.fq.gz
Approx 20% complete for SRR6357074_1_trimmed.fq.gz
Approx 25% complete for SRR6357074_1_trimmed.fq.gz
Approx 30% complete for SRR6357074_1_trimmed.fq.gz
Approx 35% complete for SRR6357074_1_trimmed.fq.gz
Approx 40% complete for SRR6357074_1_trimmed.fq.gz
Approx 45% complete for SRR6357074_1_trimmed.fq.gz
Approx 50% complete for SRR6357074_1_trimmed.fq.gz
Approx 55% complete for SRR6357074_1_trimmed.fq.gz
Approx 60% complete for SRR6357074_1_trimmed.fq.gz
Approx 65% complete for SRR6357074_1_trimmed.fq.gz
Approx 70% complete for SRR6357074_1_trimmed.fq.gz
Approx 75% complete for SRR6357074_1_trimmed.fq.gz
Approx 80% complete for SRR6357074_1_trimmed.fq.gz
Approx 85% complete for SRR6357074_1_trimmed.fq.gz
Approx 90% complete for SRR6357074_1_trimmed.fq.gz
Approx 95% complete for SRR6357074_1_trimmed.fq.gz
