00:54:27.715 INFO  NativeLibraryLoader - Loading libgkl_compression.so from jar:file:/home/lucianhu/micromamba/envs/rna_snakemake/share/picard-3.2.0-0/picard.jar!/com/intel/gkl/native/libgkl_compression.so
[Mon Aug 19 00:54:27 CEST 2024] MarkDuplicates --SORTING_COLLECTION_SIZE_RATIO 0.12 --INPUT results/align/bam_original/WT_REP1_control/WT_REP1_control.sorted.bam --OUTPUT results/align/bam_markup/WT_REP1_control/WT_REP1_control.markdup.sorted.bam --METRICS_FILE results/align/bam_markup/WT_REP1_control/WT_REP1_control.markdup.sorted.MarkDuplicates.metrics.txt --REMOVE_DUPLICATES false --ASSUME_SORTED true --TMP_DIR tmp --VALIDATION_STRINGENCY LENIENT --REFERENCE_SEQUENCE resources/genome.fa --MAX_SEQUENCES_FOR_DISK_READ_ENDS_MAP 50000 --MAX_FILE_HANDLES_FOR_READ_ENDS_MAP 8000 --TAG_DUPLICATE_SET_MEMBERS false --REMOVE_SEQUENCING_DUPLICATES false --TAGGING_POLICY DontTag --CLEAR_DT true --DUPLEX_UMI false --FLOW_MODE false --FLOW_DUP_STRATEGY FLOW_QUALITY_SUM_STRATEGY --USE_END_IN_UNPAIRED_READS false --USE_UNPAIRED_CLIPPED_END false --UNPAIRED_END_UNCERTAINTY 0 --UNPAIRED_START_UNCERTAINTY 0 --FLOW_SKIP_FIRST_N_FLOWS 0 --FLOW_Q_IS_KNOWN_END false --FLOW_EFFECTIVE_QUALITY_THRESHOLD 15 --ADD_PG_TAG_TO_READS true --DUPLICATE_SCORING_STRATEGY SUM_OF_BASE_QUALITIES --PROGRAM_RECORD_ID MarkDuplicates --PROGRAM_GROUP_NAME MarkDuplicates --READ_NAME_REGEX <optimized capture of last three ':' separated fields as numeric values> --OPTICAL_DUPLICATE_PIXEL_DISTANCE 100 --MAX_OPTICAL_DUPLICATE_SET_SIZE 300000 --VERBOSITY INFO --QUIET false --COMPRESSION_LEVEL 5 --MAX_RECORDS_IN_RAM 500000 --CREATE_INDEX false --CREATE_MD5_FILE false --help false --version false --showHidden false --USE_JDK_DEFLATER false --USE_JDK_INFLATER false
[Mon Aug 19 00:54:27 CEST 2024] Executing as lucianhu@lucianhu on Linux 6.8.0-40-generic amd64; OpenJDK 64-Bit Server VM 22.0.1-internal-adhoc.conda.src; Deflater: Intel; Inflater: Intel; Provider GCS is available; Picard version: Version:3.2.0-1-g3948afb6b
INFO	2024-08-19 00:54:27	MarkDuplicates	Start of doWork freeMemory: 527060360; totalMemory: 536870912; maxMemory: 2147483648
INFO	2024-08-19 00:54:27	MarkDuplicates	Reading input file and constructing read end information.
INFO	2024-08-19 00:54:27	MarkDuplicates	Will retain up to 3734754 data points before spilling to disk.
WARNING	2024-08-19 00:54:27	AbstractOpticalDuplicateFinderCommandLineProgram	A field field parsed out of a read name was expected to contain an integer and did not. Read name: SRR6357070.33083723. Cause: String 'SRR6357070.33083723' did not start with a parsable number.
INFO	2024-08-19 00:54:28	MarkDuplicates	Read 79071 records. 0 pairs never matched.
INFO	2024-08-19 00:54:28	MarkDuplicates	After buildSortedReadEndLists freeMemory: 486637032; totalMemory: 536870912; maxMemory: 2147483648
INFO	2024-08-19 00:54:28	MarkDuplicates	Will retain up to 67108864 duplicate indices before spilling to disk.
INFO	2024-08-19 00:54:28	MarkDuplicates	Traversing read pair information and detecting duplicates.
INFO	2024-08-19 00:54:28	MarkDuplicates	Traversing fragment information and detecting duplicates.
INFO	2024-08-19 00:54:28	MarkDuplicates	Sorting list of duplicate records.
INFO	2024-08-19 00:54:28	MarkDuplicates	After generateDuplicateIndexes freeMemory: 525448064; totalMemory: 1073741824; maxMemory: 2147483648
INFO	2024-08-19 00:54:28	MarkDuplicates	Marking 11301 records as duplicates.
INFO	2024-08-19 00:54:28	MarkDuplicates	Found 0 optical duplicate clusters.
INFO	2024-08-19 00:54:28	MarkDuplicates	Reads are assumed to be ordered by: coordinate
INFO	2024-08-19 00:54:28	MarkDuplicates	Writing complete. Closing input iterator.
INFO	2024-08-19 00:54:28	MarkDuplicates	Duplicate Index cleanup.
INFO	2024-08-19 00:54:28	MarkDuplicates	Getting Memory Stats.
INFO	2024-08-19 00:54:28	MarkDuplicates	Before output close freeMemory: 526208576; totalMemory: 536870912; maxMemory: 2147483648
INFO	2024-08-19 00:54:28	MarkDuplicates	Closed outputs. Getting more Memory Stats.
INFO	2024-08-19 00:54:28	MarkDuplicates	After output close freeMemory: 526480872; totalMemory: 536870912; maxMemory: 2147483648
[Mon Aug 19 00:54:28 CEST 2024] picard.sam.markduplicates.MarkDuplicates done. Elapsed time: 0.02 minutes.
Runtime.totalMemory()=536870912
